0 6.11 50.0
1 6.08 52.0
1 6.06 54.0
1 6.00 56.0
1 5.50 57.0
1 5.47 56.0
1 5.52 54.3
1 5.55 53.0
1 5.53 51.5
1 5.50 50.5
1 5.45 50.2
1 5.30 51.5
1 5.05 54.0
1 4.55 56.5
1 4.50 57.3
1 4.53 58.4
1 5.03 58.2
1 5.11 58.7
1 5.11 60.5
1 5.23 62.4
1 5.05 64.8
1 4.52 64.5
1 4.43 63.3
1 4.40 60.3
1 4.23 62.4
1 4.00 64.0
1 3.42 65.8
1 4.12 68.0
1 4.41 68.2
1 4.00 70.4
1 3.23 71.3
1 3.20 74.0
1 2.42 73.0
1 2.13 70.0
1 2.08 73.5
1 2.00 77.6
1 1.15 78.0
1 0.00 79.5
0 23.99 78.0
1 23.00 77.7
1 22.30 75.5
1 22.00 73.8
1 21.28 71.9
1 21.18 70.0
1 21.12 67.5
1 21.00 64.6
1 20.52 64.3
1 20.12 65.5
1 20.00 65.3
1 19.42 60.0
1 19.30 55.8
1 19.21 55.2
1 19.17 54.3
1 19.15 52.8
1 19.18 50.0
1 19.21 48.3
1 19.17 45.5
1 19.08 43.2
1 19.06 40.6
1 19.04 37.6
1 18.58 35.5
1 18.44 32.8
1 18.38 28.3
1 18.34 26.0
1 18.26 24.0
1 18.15 21.6
1 18.08 21.5
1 18.06 20.8
1 18.10 20.3
1 18.13 19.7
1 18.13 18.5
1 18.08 17.0
1 18.00 14.6
1 17.42 11.5
1 17.41 10.3
1 17.50 10.0
1 17.44 8.1
1 17.35 5.3
1 17.28 3.8
1 17.20 0.0
1 17.11 -3.8
1 17.00 -6.5
1 16.45 -10.0
1 16.32 -14.7
1 16.23 -16.8
1 16.09 -18.5
1 16.05 -19.2
1 16.04 -20.0
1 16.03 -20.7
1 16.02 -22.4
1 15.51 -25.2
1 15.29 -25.0
1 15.00 -27.5
1 14.42 -27.8
1 14.37 -29.6
1 14.53 -32.0
1 14.55 -33.2
1 14.50 -33.5
1 14.20 -33.8
1 14.04 -34.6
1 14.02 -36.7
1 14.06 -38.6
1 14.02 -38.9
1 13.32 -37.5
1 13.12 -38.1
1 12.53 -39.0
1 12.24 -40.3
1 11.55 -40.5
1 11.18 -41.2
1 11.00 -40.7
1 10.38 -40.6
1 10.15 -39.5
1 10.05 -38.3
1 10.08 -37.0
1 10.18 -34.0
1 10.18 -32.3
1 10.06 -31.3
1 9.51 -31.0
1 9.45 -29.8
1 9.41 -26.7
1 9.38 -22.5
1 9.32 -20.0
1 9.15 -16.3
1 9.00 -13.7
1 8.39 -11.5
1 8.19 -13.2
1 8.12 -11.4
1 8.11 -9.0
1 8.17 -6.8
1 8.18 -4.8
1 8.02 0.0
1 7.48 3.6
1 7.35 8.0
1 7.34 10.0
1 7.36 11.3
1 7.34 13.9
1 7.35 16.0
1 7.32 17.5
1 7.27 18.9
1 7.24 20.0
1 7.24 22.8
1 7.20 25.0
1 7.17 28.0
1 7.13 30.7 
1 6.52 33.4
1 6.49 34.8
1 6.49 38.8
1 6.46 39.3
1 6.35 39.8
1 6.22 42.3
1 6.14 46.6
1 6.14 48.5
1 6.11 50.0
1 6.08 52.0
1 6.06 54.0
0 4.25 32.7
1 4.15 32.0
1 4.05 31.8
1 3.55 30.6
1 3.42 30.3
1 3.36 31.0
1 3.30 33.5
1 3.25 38.6
1 3.15 39.5
1 3.06 38.3
1 2.50 39.8
1 2.33 42.5
1 2.22 43.4
1 2.09 37.7
1 2.02 38.3
1 2.08 42.8
1 2.00 44.8
1 1.54 44.6
1 1.41 41.1
1 1.33 41.3
1 1.28 43.7
1 1.00 46.7
1 0.53 45.8
1 0.48 45.4
1 0.35 47.0
1 0.31 46.3
1 0.38 44.5
1 0.32 43.3
1 0.14 43.5
1 0.00 44.4
0 23.99 43.0
1 23.93 42.6
1 23.28 41.5
1 23.18 41.5
1 23.08 41.9
1 23.00 41.2
1 22.47 38.8
1 22.35 37.6
1 22.30 38.3
1 22.23 39.5
1 22.16 33.5
1 22.12 32.8
1 22.07 32.9
1 22.04 35.6
1 21.52 32.5
1 21.37 29.0
1 21.32 23.7
1 21.17 21.6
1 21.11 19.7
1 21.00 18.0
1 20.50 16.3
1 20.42 13.0
1 20.40 10.0 
1 20.37 9.5
1 20.34 9.0
1 20.30 9.7
1 20.21 8.4
1 20.05 2.0
1 20.04 -1.3
1 20.13 -8.2
1 20.15 -10.7
1 20.10 -15.5
1 20.00 -19.0
1 19.48 -23.3
1 19.45 -25.4
1 19.45 -30.0
1 19.42 -35.2
1 19.36 -40.0 
1 19.19 -44.2
1 19.00 -47.3
1 18.33 -50.0
1 18.30 -53.0
1 18.35 -56.6
1 18.38 -60.0
1 18.40 -62.3
1 19.20 -67.8
1 19.00 -70.0
1 17.54 -71.8
1 17.00 -80.0
1 16.00 -84.8
1 14.00 -86.4
1 12.00 -86.2
1 10.00 -84.4
1 8.42 -80.0 
1 8.29 -77.3
1 8.40 -75.4
1 9.00 -73.8
1 9.35 -71.4
1 9.23 -70.8
1 8.22 -72.3
1 7.47 -70.3
1 7.45 -67.2
1 8.00 -64.5
1 8.02 -62.8
1 7.45 -60.0
1 7.23 -55.0
1 7.20 -50.0
1 7.29 -45.0
1 7.22 -44.8
1 7.11 -48.5
1 7.00 -49.5
1 6.55 -49.0
1 7.03 -41.0 
1 6.58 -39.0
1 6.17 -36.5
1 6.13 -34.0
1 6.23 -30.0
1 7.00 -29.4
1 7.03 -28.5
1 7.00 -27.3
1 6.42 -23.3
1 6.33 -20.0
1 6.00 -16.4
1 5.57 -15.0
1 6.00 -14.0
1 6.32 -10.7
1 6.16 -9.5
1 6.07 -7.5
1 6.04 -4.8
1 5.56 -3.8
1 5.57 -0.5
1 5.58 2.2
1 6.03 4.7
1 6.00 6.3
1 5.39 6.5
1 5.37 5.4
1 5.44 4.6
1 5.37 4.2
1 5.33 -1.8
1 5.30 -2.0
1 5.26 -0.3
1 5.19 1.5
1 5.19 3.3
1 5.33 8.2
1 5.26 12.2
1 5.12 12.8
1 5.00 11.6
1 4.53 10.6
1 4.49 11.8
1 5.02 15.5
1 4.49 15.5
1 4.30 18.3
1 4.10 20.0
1 4.03 21.0
1 4.20 30.0
1 4.33 32.8
1 4.00 31.3
1 4.25 32.7
0 4.23 50.0 Beginn der inneren Milchstrasse
1 4.20 51.5
1 4.07 51.3
1 4.04 51.0
1 4.06 48.3
1 4.05 46.8
1 4.09 45.6
1 4.06 44.6
1 4.00 44.0
1 3.45 48.0
1 3.25 50.3
1 3.17 49.7
1 3.18 48.8
1 3.20 48.0 
1 3.07 47.8
1 2.50 50.0
1 2.38 52.5
1 2.35 53.3
1 2.38 54.5
1 2.43 54.8
1 2.50 57.3
1 2.48 58.5
1 1.56 61.0
1 1.58 62.3
1 2.17 62.5
1 2.40 60.5
1 2.55 59.5
1 3.13 58.8
1 3.27 57.8
1 3.38 58.8
1 3.36 60.5 
1 3.22 61.2
1 3.14 62.2
1 3.00 63.4
1 2.18 63.8
1 2.00 64.8
1 1.42 64.3
1 1.06 65.2
1 1.00 64.5
1 1.12 62.7
1 1.00 62.3
1 0.42 61.3
1 0.43 63.0
1 0.47 63.8
1 0.42 64.2
1 0.27 63.8
1 0.18 64.6
1 0.06 64.5
1 0.00 63.8
0 23.9 63
1 23.45 62.4
1 23.00 60.7
1 22.24 57.6
1 22.15 57.8
1 22.20 62.5
1 22.40 63.2
1 22.38 65.3
1 22.21 65.2
1 22.10 66.0
1 22.05 67.1
1 21.53 64.3
1 21.41 62.4
1 21.27 61.6
1 21.22 60.0
1 21.26 58.6
1 21.29 55.8
1 21.18 53.4
1 21.18 53.4
1 21.26 53.3
1 21.28 52.2
1 21.25 51.2
1 21.18 50.0
1 21.18 50.0
1 21.09 48.6
1 21.02 48.8
1 20.58 50.0
1 20.46 52.3
1 20.34 56.5
1 20.15 56.0
1 20.10 52.5
1 20.03 52.2
1 19.56 51.0
1 19.56 49.5
1 19.50 48.7
1 19.43 49.0
1 19.43 47.4
1 19.34 44.6
1 19.35 41.5
1 19.23 38.9
1 19.12 38.2
1 19.11 37.3
1 19.17 37.0
1 19.17 33.3
1 19.08 32.0
1 18.54 32.0
1 19.01 30.7
1 18.52 26.0
1 18.55 24.0
1 18.46 20.0
1 18.47 16.0
1 18.41 13.0
1 18.25 11.5
1 18.19 8.5
1 18.09 6.7
1 18.00 3.7
1 17.50 3.2
1 17.54 0.5
1 18.00 0.8
1 18.14 1.8
1 18.28 3.4
1 18.47 3.5
1 18.47 6.5
1 18.55 9.0
1 18.59 10.7
1 19.05 11.6
1 19.07 12.5
1 19.04 13.6
1 19.07 14.6
1 19.16 13.5
1 19.20 15.6
1 19.07 17.2
1 19.04 20.0
1 19.02 22.6
1 19.06 22.1
1 19.10 22.0
1 19.08 23.9 
1 19.16 25.3
1 19.26 24.9
1 19.37 24.4
1 19.36 25.2
1 19.44 26.1
1 19.47 24.6
1 19.53 24.4
1 19.57 25.0
1 20.00 27.8
1 20.07 30.0
1 20.10 32.8
1 20.22 36.7
1 20.26 42.6
1 20.18 44.8
1 20.38 44.8
1 20.42 44.0
1 20.44 43.2
1 20.50 42.0
1 20.49 38.8
1 20.32 36.4
1 20.17 32.4
1 20.13 31.6
1 20.15 30.0
1 20.13 27.6
1 20.13 25.5
1 20.07 23.6
1 20.00 23.2
1 19.50 19.5
1 19.46 20.0
1 19.32 18.7
1 19.37 16.2
1 19.24 12.6
1 19.22 10.5
1 19.17 10.6
1 19.15 10.0
1 19.14 8.5
1 19.01 5.1
1 18.53 1.8
1 18.42 1.2
1 18.37 -1.0
1 18.35 -3.5
1 18.38 -5.2
1 18.40 -9.0
1 18.38 -10.5
1 18.33 -9.2
1 18.17 -12.9
1 18.10 -13.2
1 18.08 -14.5
1 18.08 -17.6
1 18.00 -18.7
1 17.58 -18.0
1 18.02 -16.0
1 17.56 -13.5
1 17.26 -13.7
1 17.09 -4.4
1 16.55 -17.3 
1 16.49 -20.0
1 16.50 -21.3
1 16.44 -22.8
1 16.43 -24.8
1 16.37 -26.8
1 16.38 -32.5
1 16.44 -33.2
1 16.32 -35.2
1 16.31 -37.3
1 16.43 -42.3
1 16.40 -43.5
1 16.27 -43.6
1 16.22 -44.5
1 16.16 -48.2
1 16.08 -50.0
1 16.10 -52.0 
1 16.48 -56.3
1 16.37 -58.5
1 16.15 -58.5
1 14.55 -60.2
1 14.38 -57.8
1 14.53 -56.3
1 15.36 -53.8
1 15.53 -53.2
1 15.56 -50.0
1 16.06 -37.3
1 15.59 -37.2
1 15.46 -40.0
1 15.35 -39.5
1 15.21 -35.8
1 15.21 -39.4
1 15.16 -42.6
1 15.26 -43.1
1 15.30 -44.2
1 14.58 -49.7
1 14.34 -46.4
1 14.29 -47.3
1 14.40 -50.0
1 14.30 -51.5
1 14.29 -54.4
1 14.18 -54.3
1 14.10 -52.5
1 13.32 -53.3
1 12.17 -57.0 
1 12.43 -52.3
1 12.08 -52.7
1 12.23 -50.9
1 12.00 -50.8
1 11.24 -52.7
1 11.20 -52.0
1 11.26 -49.0
1 11.05 -49.4
1 10.42 -51.8
1 10.30 -51.5
1 10.32 -50.0
1 10.20 -48.5
1 10.17 -47.7
1 10.10 -45.5
1 9.57 -45.1 
1 9.48 -45.5
1 9.45 -43.5
1 9.34 -48.0
1 9.28 -49.0
1 9.20 -49.7
1 9.19 -51.4
1 9.00 -51.0
1 8.56 -50.0
1 9.05 -46.8
1 8.53 -46.2 
1 8.52 -44.8
1 8.55 -41.0
1 8.47 -35.5
1 8.49 -29.9
1 8.47 -27.4
1 8.41 -26.2
1 8.27 -26.0
1 8.24 -24.8
1 8.26 -22.8
1 8.22 -20.0
1 8.07 -15.7
1 7.38 -12.5
1 7.36 -10.0
1 7.41 -8.3
1 7.40 -2.9
1 7.35 -1.0
1 7.32 3.0
1 7.23 2.5
1 7.22 3.8
1 7.26 5.5
1 7.23 7.0
1 7.23 8.0
1 7.15 6.0
1 7.07 5.0
1 7.11 6.8
1 7.06 7.5
1 7.00 10.7
1 6.47 11.0
1 6.58 14.5
1 6.57 16.0
1 6.58 16.4
1 6.47 15.6
1 6.46 18.5
1 6.53 20.0
1 6.48 21.3
1 6.42 22.0
1 6.40 23.1
1 6.44 24.7
1 6.38 27.0
1 6.44 28.5
1 6.41 29.4
1 6.27 28.8
1 6.19 29.0
1 6.15 28.0
1 6.13 25.1
1 6.06 28.6
1 6.11 30.0
1 6.14 32.6
1 6.09 34.3
1 6.09 36.3
1 6.00 39.4
1 5.42 40.5
1 5.25 45.5
1 5.10 45.6
1 4.45 43.5
1 4.31 43.6
1 4.29 44.9
1 4.22 46.8
1 4.22 51.2
1 4.23 50.0
1 4.20 51.5
1 4.07 51.3
0 3.00 46.5 ???
1 2.47 46.7
1 2.41 49.6
1 2.28 50.3
1 2.23 49.8
1 2.06 52.8 
1 2.00 52.8
1 1.53 51.0
1 1.45 51.6
1 1.30 54.3
1 1.15 55.3
1 0.58 55.6
1 0.40 53.8
1 0.28 52.8
1 0.21 51.5
1 0.12 53.1
1 0.00 50.4
0 23.99 48.0
1 23.46 46.5
1 23.00 48.0
1 22.40 46.6
1 22.27 47.3
1 22.13 46.0
1 22.07 43.8
1 21.56 43.0 
1 21.49 41.3
1 21.52 40.0
1 21.44 37.8
1 21.28 36.2 
1 21.27 34.6
1 21.18 33.2
1 21.07 27.2
1 20.58 28.8
1 20.55 27.2
1 20.35 20.0
1 20.21 18.5
1 20.17 17.4
1 20.18 16.5
1 20.13 14.5
1 20.08 11.9
1 20.01 11.0
1 19.57 9.0
1 19.49 8.3
1 19.44 3.7
1 19.27 0.8
1 19.36 -0.7
1 19.31 -2.5
1 19.20 -1.6
1 19.18 -2.9
1 19.27 -4.5
1 19.23 -12.5
1 19.28 -15.5
1 19.27 -18.4
1 19.18 -20.0
1 19.15 -22.5
1 18.50 -23.7
1 18.49 -24.9
1 19.08 -27.0
1 19.18 -30.0
1 19.13 -34.2
1 18.50 -40.0
1 18.06 -45.2
1 17.58 -47.0
1 17.56 -53.3
1 17.24 -58.5
1 17.13 -58.9
1 17.00 -60.7
1 16.38 -67.6
1 16.00 -69.8
1 14.45 -68.0
1 14.25 -68.0
1 13.55 -70.0
1 13.25 -75.1
1 12.15 -73.3
1 12.25 -71.5
1 11.50 -71.2
1 10.52 -72.7
1 9.47 -66.3
1 9.28 -65.3
1 9.00 -60.0
1 8.00 -52.8
1 8.32 -50.0
1 8.22 -48.2
1 8.24 -45.7
1 8.10 -49.5
1 7.48 -48.8
1 7.48 -45.8
1 7.55 -41.3
1 7.48 -38.4
1 8.05 -39.2
1 8.08 -37.4
1 8.05 -33.4
1 7.55 -28.2
1 7.46 -28.7
1 7.39 -28.2
1 7.19 -20.0
1 7.16 -17.6
1 7.04 -17.8
1 7.01 -16.0
1 7.03 -14.7
1 6.55 -14.3
1 6.54 -9.6 
1 7.03 -5.8
1 6.56 -2.8
1 6.33 -1.0
1 6.30 -2.0 
1 6.26 -1.2
1 6.20 3.2
1 6.00 8.8
1 5.50 10.0
1 5.34 13.9
1 5.27 15.4
1 5.22 15.8
1 5.24 17.6
1 5.35 20.0
1 5.36 21.4
1 5.42 21.8
1 5.43 24.2
1 5.30 26.0
1 5.24 28.6
1 5.16 29.8
1 5.10 34.5
1 5.02 34.8
1 5.05 38.0
1 4.48 39.3
1 4.34 40.8
1 4.12 40.0
1 4.03 40.3
1 4.00 42.4
1 3.42 44.4
1 3.45 44.0
1 3.00 46.5
1 2.47 46.7
1 2.41 49.6
