 6 45  8.9 -16 42 58 Sirius
 6 23 57.2 -52 41 44 Canopus
14 15 39.6 +19 10 57 Arcturus
14 39 36.2 -60 50  7 Rigel Kentaurus
18 36 56.2 +38 47  1 Vega
 5 16 41.3 +45 59 53 Capella
 5 14 32.2  -8 12  6 Rigel
 7 39 18.1  +5 13 30 Procyon
 1 37 42.9 -57 14 12 Achernar
 5 55 10.3  +7 24 25 Betelgeuse
14  3 49.4 -60 22 22 Agena
19 50 46.9  +8 52  6 Altair
 4 35 55.2 +16 30 33 Aldebaran
16 29 24.4 -26 25 55 Antares
13 25 11.5 -11  9 41 Spica
 7 45 18.9 +28  1 34 Pollux
22 57 39.0 -29 37 20 Fomalhaut
12 47 43.3 -59 41 19 Becrux
20 41 25.8 +45 16 49 Deneb
10  8 22.3 +11 58  2 Regulus
 6 58 37.5 -28 58 20 Adara
12 26 35.9 -63  5 56 Acrux
 7 34 35.9 +31 53 18 Castor
12 31  9.9 -57  6 47 Gacrux
17 33 36.4 -37  6 13 Shaula
 5 25  7.8  +6 20 59 Bellatrix
 5 26 17.5 +28 36 27 Alnath
 9 13 12.1 -69 43  2 Miaplacidus
 5 36 12.7  -1 12  7 Alnilam
22  8 13.9 -46 57 40 Alnair
12 54  1.7 +55 57 35 Alioth
 8  9 31.9 -47 20 12 Suhail Al Muhlif
 3 24 19.3 +49 51 41 Mirphak
11  3 43.6 +61 45  3 Dubhe
 7  8 23.4 -26 23 35 Wezen
18 24 10.3 -34 23  5 Kaus Australis
 8 22 30.8 -59 30 34 Avior
13 47 32.3 +49 18 48 Alkaid
17 37 19.0 -42 59 52 Sargas
 5 59 31.7 +44 56 51 Menkalinan
 6 37 42.7 +16 23 57 Alhena
20 25 38.8 -56 44  7 Peacock
 6 22 41.9 -17 57 22 Murzim
 9 27 35.2  -8 39 31 Alphard
 2  7 10.3 +23 27 45 Hamal
 2 31 50.5 +89 15 51 Polaris
18 55 15.8 -26 17 48 Nunki
 0 43 35.3 -17 59 12 Diphda
 5 40 45.5  -1 56 34 Alnitak
 0  8 23.2 +29  5 26 Alpheratz
 1  9 43.9 +35 37 14 Mirach
 5 47 45.3  -9 40 11 Saiph
14  6 40.8 -36 22 12 Menkent
14 50 42.2 +74  9 20 Kocab
17 34 56.0 +12 33 36 Rasalhague
 3  8 10.1 +40 57 21 Algol
11 49  3.5 +14 34 19 Denebola
20 22 13.6 +40 15 24 Sadr
 9  7 59.7 -43 25 57 Alsuhail
 0 40 30.4 +56 32 15 Shedir
 5 32  0.3  -0 17 57 Mintaka
15 34 41.2 +26 42 53 Alphekka
17 56 36.3 +51 29 20 Etamin
 8  3 35.0 -40  0 11 Naos
 9 17  5.4 -59 16 31 Turais
 2  3 53.9 +42 19 47 Almaak
 0  9 10.6 +59  8 59 Caph
13 23 55.5 +54 55 31 Mizar
16  0 19.9 -22 37 18 Dschubba
11  1 50.4 +56 22 56 Merak
 0 26 17.0 -42 18 22 Ankaa
21 44 11.1  +9 52 30 Enif
23  3 46.4 +28  4 58 Scheat
17 10 22.6 -15 43 29 Sabik
11 53 49.8 +53 41 41 Phad
21 18 34.7 +62 35  8 Alderamin
 7 24  5.6 -29 18 11 Aludra
20 46 12.6 +33 58 13 Gienah
23  4 45.6 +15 12 19 Markab
 3  2 16.7  +4  5 23 Menkar
11 14  6.4 +20 31 25 Zosma
 5 32 43.7 -17 49 20 Arneb
12 15 48.3 -17 32 31 Gienah Ghurab
19  2 36.6 -29 52 49 Ascella
10 19 58.3 +19 50 30 Algieba
15 17  0.3  -9 22 59 Zuben Elschemali
16  5 26.1 -19 48 19 Graffias
 1 54 38.3 +20 48 29 Sharatan
 5 39 38.9 -34  4 27 Phaet
12 34 23.2 -23 23 48 Kraz
15 44 16.0  +6 25 32 Unukalhai
 1 25 48.9 +60 14  7 Ruchbah
13 54 41.0 +18 23 52 Mufrid
 4 56 59.6 +33  9 58 Hassaleh
17 30 45.7 -37 17 45 Lesath
14 44 59.1 +27  4 27 Izar
18 20 59.6 -29 49 41 Kaus Meridionalis
19 46 15.5 +10 36 48 Tarazed
16 14 20.6  -3 41 40 Yed Prior
14 50 52.6 -16  2 31 Zuben Elgenubi
 5 35 25.9  -5 54 36 Nair Al Saif
16 30 13.1 +21 29 22 Kornephoros
17 43 28.3  +4 34  2 Cebalrai
 5  7 50.9  -5  5 11 Cursa
17 30 25.8 +52 18  5 Rastaban
18 27 58.1 -25 25 18 Kaus Borealis
 0 13 14.1 +15 11  1 Algenib
13  2 10.5 +10 57 33 Vindemiatrix
 5 28 14.7 -20 45 34 Nihal
 3 47 29.0 +24  6 18 Alcyone
21 47  2.3 -16  7 38 Deneb Algedi
 6 22 57.6 +22 30 49 Tejat Posterior
16 21 11.2 -25 35 34 Alniyat
19  9 45.7 -21  1 25 Albaldah
 7 27  9.0  +8 17 21 Gomeisa
12 56  1.6 +38 19  6 Cor Caroli
21 31 33.4  -5 34 16 Sadalsuud
22 43  0.1 +30 13 17 Matar
 3 58  1.7 -13 30 31 Zaurak
12 29 51.8 -16 30 56 Algorab
22  5 46.9  -0 19 11 Sadalmelik
 6 43 55.9 +25  7 52 Mebsuta
 9 45 51.0 +23 46 27 Ras Elased Australis
 5  1 58.1 +43 49 24 Al Anz
18  5 48.4 -30 25 27 Nash 3mag
12 10  7.4 -22 37 11 Minkar
 6 20 18.7 -30  3 48 Furud
14 32  4.6 +38 18 29 Seginus
 2 19 20.7  -2 58 39 Mira
10 22 19.7 +41 29 58 Tania Australis
15 20 43.6 +71 50  2 Pherkad
19 12 33.1 +67 39 42 Nodus Secundus
19 30 43.2 +27 57 35 Albireo
20 21  0.6 -14 46 53 Dabih
 5 50 57.5 -35 46  6 Wezn
 8 59 12.4 +48  2 30 Talitha
17 15  1.8 +24 50 21 Sarin
 5  6 30.8 +41 14  4 Hoedus Ii
17  8 47.1 +65 42 53 Aldhibah
 4 49 50.3  +6 57 41 Tabit
23 39 20.8 +77 37 57 Alrai
21 28 39.5 +70 33 39 Alfirk
16 18 19.2  -4 41 33 Yed Posterior
18 58 56.5 +32 41 22 Sulafat
22 54 38.9 -15 49 15 Skat
 6 14 52.6 +22 30 24 Propus
15  4  4.1 -25 16 55 Brachium
15 24 55.6 +58 57 57 Ed Asich
12 15 25.5 +57  1 57 Megrez
 7 49 17.6 -24 51 35 Azmidiske
11 14 14.3 +15 25 46 Chort
 6 45 17.3 +12 53 44 Alzirr
 8 30 15.8 +60 43  5 Muscida
13 34 41.5  -0 35 46 Heze
 1 54 23.6 +63 40 13 Segin
12 55 36.1  +3 23 51 Auva
 3  5 10.5 +38 50 25 Gorgonea Tertia
22 41 27.6 +10 49 53 Homam
 1 53  4.8 +29 34 44 Metallah
 2 58 15.6 -40 18 17 Acamar
 0 49  6.0 +57 48 58 Achird
10 16 41.3 +23 25  2 Adhafera
 1  8 35.3 -10 10 56 Deneb Algenubi
10 17  5.7 +42 54 52 Tania Borealis
18 50  4.7 +33 21 46 Sheliak
 2 43 18.0  +3 14  9 Kaffaljidhma
11 18 28.7 +33  5 39 Alula Borealis
17 14 38.8 +14 23 25 Rasalgethi
15  1 56.6 +40 23 26 Nekkar
 8 16 30.9  +9 11  8 Altarf
 9 41  9.0  +9 53 32 Subra
 4 28 36.9 +19 10 49 Ain
 7 20  7.3 +21 58 56 Wasat
22 10 11.9  +6 11 52 Baham
 3 43 14.8  -9 45 48 Rana
 0 19 25.6  -8 49 26 Deneb Kaitos Shemali
20 18  3.2 -12 32 42 Secunda Giedi
11 50 41.6  +1 45 53 Zavijah
 3 49  9.7 +24  3 12 Atlas
20 37 32.9 +14 35 43 Rotanev
 4 19 47.5 +15 37 39 Hyadum I
12 41 39.5  -1 26 58 Porrima
14  4 23.2 +64 22 33 Thuban
 5 35  8.2  +9 56  3 Meissa
15 27 49.7 +29  6 20 Nusakan
21 40  5.4 -16 39 45 Nashira
 3 44 52.5 +24  6 48 Electra
19 55 18.7  +6 24 24 Alshain
 1 51 27.5 -10 20  6 Baten Kaitos
 5  2 28.6 +41  4 33 Haedi
17 53 31.6 +56 52 21 Grumium
 2 50 41.8 +55 53 44 Miram
 4 22 56.0 +17 32 33 Hyadum Ii
20 39 38.2 +15 54 43 Sualocin
20 47 40.5  -9 29 45 Albali
 7  4  6.5 +20 34 13 Mekbuda
 4 35 33.0 -30 33 45 Theemim
16 30 54.7  +1 59  2 Marfic
 3 44 19.1 +32 17 18 Atik
10 53 18.6 +34 12 53 Praecipua
19 48 10.3 +70 16  4 Tyl
 1 31 24.2 +69 19 52 Gianfar
22 21 39.3  -1 23 14 Sadalachbia
 3 12  4.2 -28 59 14 Fornacis
 3 45 49.5 +24 22  4 Maia
 4 38 10.7 -14 18 15 Sceptrum
 9 52 45.8 +26  0 25 Ras Elased Borealis
14 43  3.5  -5 39 30 Rijl Al Awwa
 2 56 25.6  -8 53 53 Azha
12 19 54.3  -0 40  0 Zaniah
15 35 31.5 -14 47 22 Zuben Elakrab
21 15 49.3  +5 14 52 Kitalpha
 8 44 41.0 +18  9 15 Asellus Australis
19 23 53.0 -40 36 58 Rukbat
13 25 13.4 +54 59 17 Alcor 4mag
16 11 59.6 -19 27 38 Jabbah
19 22 38.2 -44 27 32 Arkab Prior
12  8 24.7 -24 43 44 Alchiba
18 59 37.3 +15  4  6 Deneb El Okab
20 33 12.7 +11 18 12 Deneb Dulfim
 3 58 57.8 +35 47 28 Menkib
 4 11 51.9  -6 50 16 Beid
14 25 11.7 +51 51  3 Asellus Primus
 0 59 46.4 -18 17 56 Alkes
14 16  0.8  -6  0  2 Syrma
21 43 30.3 +58 46 48 Garnet Star
19  9 28.2 -37 54 16 Alfecca Meridiana
 7  3 45.4 -15 38  0 Muliphen
 2 16 49.9  -7 47  0 Ancha
 3 46 19.5 +23 56 54 Merope
20 17 38.8 -12 30 30 Prima Giedi
 8 22 50.1 +43 11 17 Alsciaukat
 8 58 29.2 +11 51 28 Acubens
 1 45 23.6  +9  9 28 Torcularis
12 33 44.5 +41 21 27 Chara
 9 23 13.1 -44 47 59 Arkab Posterior
22  3 47.3 +64 37 41 Alkurhah
 3 45 12.4 +24 28  2 Taygeta
 9 31 43.1 +22 58  4 Alterf
15 24 29.3 +37 22 38 Alkalurops
 1 11  6.1 +55  9  0 Marfak
 2  2  2.7  +2 45 49 Alrisha
 3 11 37.7 +19 43 36 Botein
17 32 12.5 +86 35 11 Yildun
19 40  5.7 +18  0 50 Sham
19 13 45.4 +39  8 46 Aladfar
11 18 10.9 +31 31 45 Alula Australis
17 30 44.2 +26  6 38 Maasym
 4 15 16.3  -7 39 10 Keid
 8 38 45.4  +3 20 29 Al Minliar Al Shuja
19 28 42.2 +24 39 54 Anser
 9 24 39.2 +26 10 56 Al Minliar Al Asad
19 56 56.7 -27 10 12 Terebellum 1
23  3 52.5  +3 49 12 Fum Al Samakah
14 13 28.9 +51 47 24 Asellus Tertius
 6 25 24.9 +14  2  0 Kajam
 7 41 56.2 +72  8 56 Dsiban
20  2 39.4 -27 42 36 Terebellum 2
23 20 38.2 +23 44 25 Salm
 5 31 55.8  -7 18  6 Thabit
18 56 13.1  +4 12 13 Alya
 3 11 17.3 +39 36 42 Gorgonea Quarta
 8 43 17.1 +21 28  6 Asellus Borealis
21 42  5.6 +51 11 23 Azelfafage
19 32 21.5 +69 39 40 Alsafi
 2 58 45.6 +39 39 46 Gorgonea Secunda
 2 59 42.8  +8 54 27 Menkar
19 55 50.3 -26 17 58 Terebellum
 1 53 31.8 +19 17 37 Mesarthim
 2 51  2.2 -21  0 15 Angetenar
 4 16  9.8 +51 22  2 Asellus Secondus
20 20 39.7 -12 45 33 Alshat
 3 15 49.9  -8 49 11 Zibal
 8 54 10.1 -22 44 42 Ain Al Rami
19 58 57.1 -26 11 44 Terebellum
 7 32 15.9 +55 10 22 Kuma
 1 22 20.3 +45 31 44 Adhil
 5  0 58.3  -8 31  8 Zuben Elakribi
 6  8  4.4 +17  2 49 Marfik
