BERICHT
-------

Bericht wurde am 2006-3-12 um 19:55:01 erstellt.

Folgende Optionen wurden gew„hlt:
Verbindung      - Punkte
Farbauswahl     - 11
Eind„mmungsfeld - Eingeschaltet
Zeitverz”gerung - 0 Sekunden
Streuungsfaktor - 1

Resultat:
Es wurden 4371498 Bewegungen registriert.
Dabei wurden 1456605 Bewegungen in horizontaler Achse wahrgenommen
und 1456622 Bewegungen zeigten sich in vertikaler Achse.
Es waren 1458271 Bewegungen inaktiv.
In horizontaler Richtung waren 728389 Bewegungen negativ
und 728216 Bewegungen positiv
In vertikaler Richtung waren 728319 Bewegungen negativ
und 728303 Bewegungen positiv
Der gesamte Vorgang dauerte 00:00:22 (Stunden/Minuten/Sekunden).
Es wurden dabei rund 198704 Bewegungen pro Sekunde durchgefhrt.

- ENDE -
