 0.000   0.000
 0.306   1.987
 0.613   3.961
 0.921   5.909
 1.231   7.819
 1.544   9.678
 1.861  11.472
 2.181  13.189
 2.506  14.814
 2.836  16.336
 3.170  17.741
 3.510  19.016
 3.855  20.150
 4.204  21.131
 4.557  21.949
 4.915  22.596
 5.275  23.062
 5.637  23.345
 6.000  23.439
 6.363  23.345
 6.725  23.062
 7.085  22.596
 7.443  21.949
 7.796  21.131
 8.145  20.150
 8.490  19.016
 8.830  17.741
 9.164  16.336
 9.494  14.814
 9.819  13.189
10.139  11.472
10.456   9.678
10.769   7.819
11.079   5.909
11.387   3.961
11.694   1.987
12.000  -0.000
12.306  -1.987
12.613  -3.961
12.921  -5.909
13.231  -7.819
13.544  -9.678
13.861 -11.472
14.181 -13.189
14.506 -14.814
14.836 -16.336
15.170 -17.741
15.510 -19.016
15.855 -20.150
16.204 -21.131
16.557 -21.949
16.915 -22.596
17.275 -23.062
17.637 -23.345
18.000 -23.439
18.363 -23.345
18.725 -23.062
19.085 -22.596
19.443 -21.949
19.796 -21.131
20.145 -20.150
20.490 -19.016
20.830 -17.741
21.164 -16.336
21.494 -14.814
21.819 -13.189
22.139 -11.472
22.456  -9.678
22.769  -7.819
23.079  -5.909
23.387  -3.961
23.694  -1.987
24.000   0.000