0.00100 80.10000
0.10952 80.08723
0.24882 79.88833
0.38655 79.78158
0.53136 79.74946
0.67449 79.77964
0.83525 79.86259
0.99469 80.00790
1.17884 80.27681
1.35383 80.52312
1.53063 80.59167
1.70602 80.56861
1.86530 80.51984
2.01133 80.37530
2.13246 80.16102
2.20054 79.71403
2.24674 79.19416
2.23189 78.75885
2.21269 78.32470
2.18461 77.83843
2.16632 77.43371
2.16980 76.95554
2.16638 76.50993
2.17247 76.03227
2.17039 75.56369
2.15197 75.16311
2.12929 74.75655
2.11596 74.34559
2.13991 73.80768
2.15946 73.27601
2.19997 72.78719
2.26194 72.40768
2.33147 72.18876
2.44335 72.25342
2.50850 72.50805
2.54287 72.86691
2.56088 73.29746
2.58590 73.73508
2.60264 74.19423
2.63542 74.69097
2.64128 75.19128
2.64960 75.66386
2.64760 76.15892
2.68430 76.55653
2.72153 76.95714
2.79511 77.33543
2.89582 77.55407
3.01645 77.68794
3.13816 77.53433
3.19802 77.20161
3.23507 76.79408
3.24796 76.32498
3.24269 75.76667
3.22589 75.23707
3.22506 74.71882
3.25841 74.31615
3.31081 73.99784
3.38669 73.74769
3.46856 73.51951
3.56485 73.33912
3.67683 73.31786
3.79264 73.23860
3.86307 72.98215
3.89446 72.61424
3.85859 72.14960
3.81040 71.80506
3.74836 71.48964
3.70117 71.15666
3.65049 70.83036
3.60353 70.49826
3.56244 70.13074
3.53830 69.64607
3.55459 69.21838
3.58574 68.85528
3.63965 68.54109
3.69708 68.29122
3.78021 68.12429
3.86968 67.99407
3.93328 67.76060
3.98663 67.48801
4.03877 67.21035
4.08790 66.84766
4.12711 66.51491
4.16258 66.16028
4.20568 65.85037
4.26063 65.56153
4.32517 65.31993
4.39745 65.23298
4.46418 65.28197
4.52580 65.36983
4.58781 65.45075
4.64878 65.50367
4.71173 65.61471
4.76871 65.77274
4.83187 65.97061
4.88918 66.11362
4.95050 66.23165
5.01402 66.27023
5.07886 66.20321
5.14698 66.05929
5.21240 65.72952
5.24344 65.34735
5.22493 64.86914
5.17771 64.42756
5.12547 64.25793
5.06784 64.15724
5.00714 64.14613
4.94710 64.05186
4.88824 64.04742
4.82851 63.94743
4.77563 63.83004
4.72397 63.66524
4.67849 63.40403
4.65700 62.90097
4.66376 62.46532
4.67629 62.04505
4.69438 61.63986
4.71366 61.21922
4.73431 60.82860
4.75957 60.38702
4.79109 60.00707
4.82001 59.61821
4.84798 59.23418
4.87313 58.82259
4.90378 58.43346
4.93865 58.07180
4.97436 57.71895
5.02431 57.37196
5.07641 57.04317
5.13139 56.74240
5.17816 56.38963
5.22320 56.02797
5.26411 55.64374
5.31021 55.26476
5.35909 54.97709
5.40615 54.69851
5.45317 54.43229
5.49928 54.11232
5.54595 53.82388
5.59180 53.54659
5.63558 53.33530
5.67760 53.29378
5.71874 53.36738
5.75829 53.59241
5.79008 54.10230
5.78920 54.60616
5.78066 55.07511
5.75710 55.52273
5.72504 55.96070
5.74865 56.42590
5.76713 56.92824
5.79241 57.45668
5.80455 57.94760
5.80407 58.37712
5.78918 58.80640
5.77369 59.26777
5.75888 59.70971
5.75529 60.19870
5.76000 60.64706
5.79672 61.09154
5.84750 61.00050
5.90364 60.71746
5.93294 60.28667
5.96048 59.86065
5.98541 59.33592
6.00576 58.89394
6.02371 58.45776
6.03747 58.01914
6.04717 57.56079
6.05842 57.08186
6.06666 56.58267
6.07478 56.13419
6.08622 55.67337
6.09391 55.21057
6.09970 54.74548
6.10709 54.28626
6.11933 53.81333
6.13292 53.32718
6.15202 52.85352
6.17148 52.36600
6.18252 51.88820
6.19249 51.39785
6.20309 50.91288
6.21579 50.42258
6.22746 49.92884
6.22976 49.43827
6.24717 49.00079
6.25842 48.48186
6.26666 48.18267
6.27478 47.13419
6.28622 46.17337
6.29391 45.21057
6.29970 44.44548
6.30709 43.28626
6.31933 42.51333
6.33292 41.32718
6.35202 40.05352
6.36780 39.66000
6.38780 39.66000
6.40630 39.20000
6.42900 38.77000
6.45240 38.34000
6.48270 37.97000
6.51020 37.67000
6.54190 37.42000
6.57220 37.14000
6.60180 36.95000
6.62930 36.76000
6.65750 36.39000
6.68500 36.08000
6.71670 35.74000
6.74210 35.32000
6.75730 34.91000
6.76760 34.49000
6.77720 34.06000
6.78340 33.61000
6.78890 33.19000
6.79510 32.75000
6.80610 32.33000
6.82200 31.85000
6.84120 31.40000
6.85980 30.94000
6.88660 30.53000
6.91210 30.12000
6.93820 29.71000
6.96580 29.30000
6.99600 28.89000
7.02430 28.55000
7.04900 28.14000
7.07310 27.71000
7.08960 27.29000
7.10060 26.87000
7.11030 26.47000
7.11650 26.05000
7.12270 25.61000
7.12750 25.20000
7.13090 24.77000
7.13370 24.35000
7.13570 23.94000
7.13710 23.52000
7.13850 23.10000
7.13920 22.68000
7.13850 22.25000
7.13850 21.84000
7.14050 21.43000
7.14050 21.01000
7.13990 20.58000
7.13780 20.17000
7.13710 19.75000
7.13780 19.35000
7.14050 18.88000
7.14610 18.44000
7.15160 18.00000
7.16330 17.60000
7.18320 17.18000
7.20450 16.78000
7.22520 16.35000
7.25340 15.94000
7.28230 15.51000
7.30710 15.09000
7.33390 14.65000
7.35870 14.24000
7.38410 13.81000
7.41170 13.40000
7.43440 12.97000
7.45570 12.54000
7.47290 12.11000
7.48530 11.68000
7.49630 11.26000
7.50460 10.85000
7.51280 10.40000
7.51970 9.97000
7.52660 9.54000
7.53000 9.14000
7.53480 8.72000
7.54240 8.32000
7.54860 7.91000
7.55820 7.51000
7.58580 7.16000
7.61330 6.80000
7.64080 6.41000
7.66900 6.04000
7.69790 5.66000
7.72410 5.24000
7.74610 4.83000
7.76540 4.43000
7.78600 4.00000
7.80320 3.60000
7.82110 3.19000
7.84040 2.78000
7.85960 2.37000
7.88440 1.96000
7.90640 1.55000
7.92500 1.15000
7.94770 0.74000
7.96830 0.34000
7.98690 -0.09000
8.00900 -1.20000
8.02830 -1.61000
8.05310 -2.05000
8.06960 -2.47000
8.08000 -2.88000
8.08480 -3.28000
8.09440 -3.71000
8.09790 -4.13000
8.09930 -4.54000
8.09580 -4.95000
8.09580 -5.38000
8.09860 -5.79000
8.10270 -6.19000
8.10690 -6.59000
8.11100 -6.99000
8.11510 -7.40000
8.11510 -7.81000
8.11380 -8.21000
8.11240 -8.62000
8.11720 -9.03000
8.12130 -9.44000
8.12130 -9.85000
8.12130 -10.26000
8.11720 -10.66000
8.11790 -11.07000
8.13030 -11.48000
8.14550 -11.88000
8.16750 -12.30000
8.19510 -12.72000
8.22340 -12.90000
8.25090 -13.07000
8.27920 -13.24000
8.30890 -13.44000
8.33780 -13.70000
8.36880 -13.96000
8.39710 -14.01000
8.42470 -14.00000
8.45230 -13.90000
8.47980 -13.71000
8.50810 -13.45000
8.53640 -13.08000
8.56460 -12.71000
8.59220 -12.42000
8.61980 -12.09000
8.64740 -11.78000
8.67560 -11.60000
8.70320 -11.58000
8.73080 -11.67000
8.76390 -11.83000
8.79280 -11.99000
8.82250 -12.30000
8.85070 -12.66000
8.87900 -12.99000
8.90800 -13.28000
8.94110 -13.56000
8.97140 -13.80000
9.00170 -14.07000
9.03000 -14.28000
9.05960 -14.56000
9.08930 -14.87000
9.11960 -15.18000
9.14720 -15.59000
9.17680 -15.98000
9.20790 -16.37000
9.23610 -16.79000
9.26580 -17.17000
9.29540 -17.55000
9.32300 -17.97000
9.35260 -18.42000
9.38020 -18.84000
9.40780 -19.25000
9.43330 -19.67000
9.45950 -20.10000
9.48160 -20.53000
9.49950 -20.93000
9.51190 -21.33000
9.52220 -21.75000
9.53120 -22.18000
9.54020 -22.59000
9.55120 -23.01000
9.56220 -23.42000
9.58500 -23.83000
9.60840 -24.23000
9.62630 -24.64000
9.63940 -25.05000
9.65050 -25.47000
9.66010 -25.88000
9.67050 -26.34000
9.68290 -26.78000
9.69460 -27.19000
9.70770 -27.59000
9.71530 -28.00000
9.72630 -28.43000
9.73800 -28.83000
9.75590 -29.30000
9.77590 -29.70000
9.80420 -30.07000
9.83320 -30.39000
9.86140 -30.73000
9.89110 -30.95000
9.91930 -31.11000
9.94760 -31.21000
9.97790 -31.26000
10.00690 -31.29000
10.03520 -31.33000
10.06270 -31.38000
10.09170 -31.45000
10.11930 -31.60000
10.14750 -31.75000
10.17510 -31.93000
10.20270 -32.28000
10.22410 -32.71000
10.22820 -33.11000
10.22480 -33.53000
10.21850 -33.93000
10.19990 -34.34000
10.17510 -34.75000
10.14750 -35.11000
10.12690 -35.51000
10.11030 -35.93000
10.09440 -36.35000
10.08340 -36.76000
10.07720 -37.16000
10.07860 -37.56000
10.08070 -37.97000
10.08340 -38.37000
10.08820 -38.80000
10.10270 -39.21000
10.13100 -39.63000
10.15860 -39.85000
10.18610 -39.96000
10.21850 -40.04000
10.24820 -40.11000
10.27780 -40.18000
10.30610 -40.20000
10.33370 -40.20000
10.36130 -40.22000
10.39230 -40.24000
10.42050 -40.26000
10.44880 -40.28000
10.47850 -40.26000
10.50740 -40.23000
10.53640 -40.23000
10.57080 -40.18000
10.59840 -40.16000
10.62600 -40.15000
10.65560 -40.11000
10.68460 -40.07000
10.71220 -40.00000
10.74590 -39.87000
10.77350 -39.76000
10.80180 -39.67000
10.82940 -39.67000
10.85830 -39.79000
10.88660 -39.96000
10.91970 -40.05000
10.94730 -40.08000
10.97690 -40.13000
11.00450 -40.17000
11.03210 -40.23000
11.06170 -40.28000
11.09270 -40.33000
11.12170 -40.44000
11.14930 -40.54000
11.17680 -40.58000
11.20440 -40.60000
11.23200 -40.62000
11.26030 -40.63000
11.28920 -40.58000
11.31680 -40.47000
11.34510 -40.33000
11.37400 -40.24000
11.40230 -40.21000
11.43120 -40.20000
11.45880 -40.18000
11.48710 -40.13000
11.51470 -40.07000
11.54220 -39.99000
11.57190 -39.92000
11.60010 -39.87000
11.62840 -39.87000
11.65740 -39.87000
11.68770 -39.87000
11.71600 -39.88000
11.74560 -39.89000
11.77520 -39.90000
11.80350 -39.90000
11.83180 -39.87000
11.86000 -39.87000
11.88830 -39.86000
11.91730 -39.90000
11.94480 -39.92000
11.97240 -39.94000
12.02540 -39.95000
12.05430 -40.10000
12.08450 -40.20000
12.11200 -40.22000
12.13940 -40.43000
12.16760 -40.66000
12.19510 -40.73000
12.22600 -40.83000
12.25350 -40.83000
12.28230 -40.71000
12.31120 -40.55000
12.33930 -40.38000
12.36750 -40.14000
12.39570 -39.85000
12.42310 -39.65000
12.45060 -39.48000
12.47810 -39.25000
12.50760 -38.94000
12.53720 -38.85000
12.56530 -38.80000
12.59420 -38.76000
12.62510 -38.53000
12.65320 -38.65000
12.68210 -38.29000
12.70960 -38.41000
12.74120 -38.47000
12.77070 -38.61000
12.80020 -38.58000
12.82770 -38.27000
12.85380 -37.83000
12.88200 -37.76000
12.90950 -37.77000
12.93900 -37.87000
12.96650 -37.93000
12.99400 -37.98000
13.02420 -37.82000
13.05370 -37.70000
13.08390 -37.55000
13.11140 -37.36000
13.13960 -37.23000
13.16840 -37.17000
13.19730 -37.09000
13.22680 -37.00000
13.25700 -36.97000
13.28800 -36.93000
13.31610 -36.92000
13.34770 -36.96000
13.37660 -37.01000
13.40400 -37.05000
13.43220 -37.10000
13.46310 -37.20000
13.49540 -37.31000
13.52420 -37.44000
13.55170 -37.55000
13.58470 -37.70000
13.61970 -37.91000
13.65130 -38.15000
13.67880 -38.27000
13.70900 -38.42000
13.73720 -38.58000
13.76880 -38.78000
13.79760 -38.98000
13.82720 -39.16000
13.85810 -39.37000
13.89040 -39.50000
13.91780 -39.62000
13.94530 -39.64000
13.97420 -39.54000
13.99890 -39.14000
14.02780 -38.70000
14.04970 -38.28000
14.05730 -37.88000
14.05590 -37.47000
14.02980 -37.05000
14.00230 -36.66000
13.98170 -36.26000
13.96660 -35.83000
13.95630 -35.35000
13.95770 -34.95000
13.95970 -34.53000
13.97350 -34.13000
13.99270 -33.72000
14.01540 -33.30000
14.04150 -32.89000
14.06900 -32.53000
14.09710 -32.20000
14.12530 -31.93000
14.15350 -31.89000
14.18160 -31.94000
14.21250 -32.03000
14.24410 -32.12000
14.27230 -32.22000
14.30110 -32.38000
14.32860 -32.56000
14.35820 -32.74000
14.38560 -32.87000
14.41590 -33.01000
14.44470 -33.06000
14.47490 -33.11000
14.50240 -33.17000
14.53060 -33.29000
14.55870 -33.31000
14.59100 -33.37000
14.61920 -33.44000
14.65220 -33.51000
14.68240 -33.51000
14.71260 -33.48000
14.74080 -33.44000
14.76890 -33.40000
14.80050 -33.33000
14.83350 -33.16000
14.86300 -32.89000
14.87610 -32.48000
14.87680 -32.07000
14.87130 -31.65000
14.85820 -31.24000
14.83620 -30.83000
14.80740 -30.40000
14.77990 -30.03000
14.75240 -29.59000
14.73460 -29.19000
14.73180 -28.79000
14.75590 -28.38000
14.78470 -28.19000
14.81220 -28.04000
14.84040 -27.99000
14.86920 -27.96000
14.89880 -27.92000
14.92970 -27.90000
14.95780 -27.84000
14.98600 -27.80000
15.01690 -27.73000
15.04570 -27.63000
15.07320 -27.54000
15.10480 -27.45000
15.13920 -27.36000
15.16660 -27.27000
15.19480 -27.14000
15.22230 -26.99000
15.25110 -26.76000
15.28000 -26.51000
15.31160 -26.29000
15.33970 -26.05000
15.36930 -25.76000
15.39680 -25.44000
15.42490 -25.13000
15.45380 -24.88000
15.48740 -24.68000
15.51490 -24.50000
15.54310 -24.44000
15.57050 -24.42000
15.59940 -24.42000
15.62760 -24.42000
15.65500 -24.41000
15.68320 -24.38000
15.71070 -24.34000
15.74090 -24.30000
15.76910 -24.24000
15.79720 -24.18000
15.82540 -24.10000
15.85630 -24.00000
15.88580 -23.85000
15.91400 -23.63000
15.94220 -23.32000
15.96410 -22.92000
15.97650 -22.51000
15.98540 -22.11000
15.99370 -21.70000
15.99920 -21.29000
16.00190 -20.87000
16.00400 -20.46000
16.00740 -20.04000
16.01220 -19.64000
16.01910 -19.23000
16.03830 -18.80000
16.00680 -20.64000
16.00270 -20.23000
16.01030 -19.80000
16.02260 -19.40000
16.05060 -19.02000
16.07800 -18.80000
16.10670 -18.56000
16.13400 -18.35000
16.16210 -18.04000
16.19010 -17.74000
16.21950 -17.50000
16.25030 -17.26000
16.27900 -17.01000
16.30640 -16.77000
16.33510 -16.50000
16.36450 -16.26000
16.39530 -16.02000
16.42330 -15.80000
16.45340 -15.48000
16.48280 -15.07000
16.50880 -14.65000
16.53480 -14.25000
16.54300 -13.82000
16.55400 -13.42000
16.56350 -13.00000
16.57310 -12.60000
16.58750 -12.17000
16.60940 -11.75000
16.62990 -11.32000
16.64830 -10.87000
16.66610 -10.47000
16.68250 -10.04000
16.69890 -9.60000
16.72010 -9.18000
16.74750 -8.81000
16.77550 -8.49000
16.80290 -8.20000
16.83030 -7.85000
16.85830 -7.49000
16.88630 -7.14000
16.91510 -6.76000
16.94240 -6.44000
16.96980 -6.14000
16.99780 -5.87000
17.02790 -5.58000
17.05590 -5.27000
17.08540 -4.96000
17.11270 -4.63000
17.14070 -4.25000
17.16540 -3.83000
17.18730 -3.42000
17.20710 -3.00000
17.22620 -2.59000
17.24130 -2.18000
17.25630 -1.75000
17.27070 -1.33000
17.28780 -0.92000
17.30560 -0.51000
17.31990 -0.10000
17.32750 0.31000
17.33770 0.74000
17.34800 1.17000
17.35750 1.60000
17.36440 2.01000
17.37740 2.42000
17.39110 2.83000
17.40400 3.27000
17.42730 3.70000
17.45530 4.10000
17.48470 4.45000
17.51210 4.76000
17.53950 5.10000
17.56820 5.48000
17.59550 5.85000
17.62360 6.20000
17.65090 6.50000
17.67830 6.92000
17.70560 7.23000
17.72750 7.65000
17.75150 8.07000
17.77340 8.48000
17.78910 8.90000
17.80480 9.30000
17.81780 9.71000
17.82600 10.11000
17.81580 10.52000
17.78770 10.71000
17.76040 10.79000
17.73300 10.79000
17.70360 10.86000
17.67620 10.99000
17.66190 11.40000
17.66390 11.80000
17.67490 12.21000
17.70290 12.63000
17.73100 12.97000
17.75970 13.26000
17.78910 13.57000
17.81780 13.73000
17.84650 14.06000
17.87660 14.45000
17.90400 14.76000
17.93270 15.10000
17.96210 15.50000
17.98950 15.91000
18.01890 16.23000
18.04620 16.57000
18.07430 16.93000
18.10160 17.21000
18.12900 17.45000
18.15290 17.89000
18.16590 18.32000
18.16660 18.73000
18.16250 19.13000
18.15570 19.56000
18.14270 19.96000
18.12690 20.38000
18.11460 20.79000
18.10440 21.29000
18.10300 21.70000
18.12830 22.10000
18.15570 22.32000
18.18440 22.54000
18.21240 22.75000
18.24050 22.95000
18.26780 23.24000
18.29720 23.56000
18.32460 23.90000
18.33960 24.32000
18.35670 24.74000
18.37310 25.17000
18.38820 25.59000
18.40120 26.03000
18.41420 26.44000
18.42650 26.84000
18.44150 27.27000
18.46550 27.70000
18.48940 28.10000
18.51270 28.52000
18.53800 29.01000
18.56050 29.42000
18.57560 29.82000
18.59400 30.24000
18.61110 30.65000
18.63230 31.07000
18.65900 31.48000
18.68640 31.87000
18.71300 32.30000
18.74180 32.67000
18.77050 33.05000
18.79850 33.46000
18.82660 33.81000
18.85460 34.17000
18.88330 34.47000
18.91070 34.80000
18.93870 35.16000
18.96680 35.53000
18.99070 35.96000
19.01260 36.38000
19.02630 36.79000
19.02970 37.19000
19.03380 37.64000
19.03380 38.06000
19.03450 38.47000
19.03450 38.89000
19.03240 39.31000
19.02970 39.72000
19.02560 40.14000
19.02350 40.58000
19.02560 40.99000
19.03170 41.41000
19.04270 41.89000
19.05090 42.31000
19.06250 42.71000
19.08990 43.10000
19.11720 43.49000
19.14390 43.90000
19.16650 44.30000
19.19110 44.74000
19.20820 45.15000
19.22530 45.55000
19.24170 45.97000
19.25470 46.38000
19.26430 46.79000
19.27180 47.19000
19.27590 47.63000
19.27860 48.04000
19.28000 48.47000
19.28070 48.92000
19.28140 49.32000
19.28070 49.76000
19.28070 49.76000
19.26759 50.34252
19.24692 50.93788
19.22168 51.56286
19.22568 52.03602
19.23390 52.52979
19.24724 52.98159
19.26637 53.40910
19.28783 53.89405
19.29340 54.39829
19.28551 54.93043
19.26418 55.50613
19.23376 55.99171
19.24405 56.46700
19.26292 56.93035
19.29151 57.34988
19.33839 57.65793
19.39828 57.91558
19.41763 58.33431
19.43459 58.77920
19.44784 59.24540
19.44667 59.73295
19.43450 60.23686
19.42458 60.74759
19.44483 61.17514
19.47276 61.54009
19.51341 61.87095
19.55648 62.18288
19.60774 62.47371
19.63490 62.83814
19.65921 63.22148
19.68114 63.61296
19.69502 64.02318
19.69998 64.46363
19.70666 64.90629
19.72796 65.32660
19.75538 65.69007
19.78576 66.04380
19.81595 66.43494
19.84816 66.80144
19.89535 67.10824
19.93710 67.45207
19.95948 67.86346
19.98681 68.26785
20.00482 68.67726
20.02040 69.08618
20.05504 69.45051
20.10923 69.75000
20.19864 69.77512
20.23275 69.32729
20.27164 68.92936
20.29835 68.40708
20.35072 68.16957
20.41166 67.99405
20.47508 67.82688
20.54103 67.66719
20.60098 67.47419
20.65568 67.25556
20.72460 67.11910
20.80787 67.10563
20.87097 67.28804
20.93781 67.44678
20.99538 67.68330
21.04863 67.97121
21.09106 68.29543
21.11231 68.75589
21.12982 69.26579
21.14801 69.75108
21.14772 70.28901
21.13628 70.76039
21.11875 71.21445
21.10387 71.69412
21.10576 72.23082
21.14010 72.66178
21.18621 73.01643
21.23697 73.38901
21.26384 73.85389
21.26709 74.36841
21.28953 74.88690
21.36508 75.11233
21.46353 75.27787
21.56257 75.46693
21.65505 75.66819
21.76242 75.81786
21.87191 75.88339
21.96855 76.04010
22.06079 76.26181
22.16117 76.57106
22.24169 76.87061
22.32965 77.13594
22.42003 77.38373
22.51654 77.60267
22.61883 77.85680
22.70989 78.14890
22.81030 78.48622
22.91097 78.81762
23.02284 79.11293
23.13532 79.46438
23.24490 79.86936
23.33622 80.31401
23.47418 80.52166
23.62142 80.63364
23.78327 80.64220
23.94662 80.36976
23.99900 80.30000