0.00100 66.50000
0.03644 66.74505
0.10287 67.00436
0.17031 67.19923
0.23508 67.13708
0.29752 66.90679
0.35706 66.63817
0.41651 66.43576
0.48256 66.49099
0.55105 66.69232
0.62064 66.88528
0.68125 66.76080
0.68732 66.34152
0.62461 65.99251
0.58974 65.60882
0.55239 65.22540
0.53590 64.82729
0.54590 64.39283
0.57887 63.92267
0.63581 63.81351
0.70009 64.10033
0.76638 64.40268
0.82920 64.72884
0.89799 64.92947
0.96194 64.99588
1.02441 64.94747
1.08065 64.83568
1.13967 64.73676
1.20869 64.85819
1.22075 65.27111
1.16885 65.49829
1.10903 65.58951
1.04892 65.76731
0.99590 66.04235
0.98221 66.49511
1.02265 66.84437
1.08846 67.13725
1.16708 67.34948
1.24042 67.37801
1.30835 67.32450
1.38044 67.20105
1.44560 67.14543
1.51685 67.17964
1.59502 67.30135
1.67513 67.40940
1.75936 67.60408
1.83751 67.85597
1.92305 68.06020
2.00312 68.10053
2.07723 68.06896
2.15165 67.98872
2.22228 67.85504
2.28879 67.69796
2.35501 67.51121
2.41685 67.30245
2.47688 67.12114
2.53599 66.93370
2.59419 66.74024
2.65195 66.50658
2.70261 66.25808
2.75135 66.01013
2.79843 65.74003
2.84858 65.49555
2.89937 65.26965
2.95587 65.08573
3.01654 64.89566
3.08897 64.79559
3.17197 64.75809
3.25033 64.76822
3.32432 64.67620
3.38614 64.50640
3.44770 64.31121
3.50429 64.10670
3.55055 63.82311
3.57997 63.45803
3.60421 63.06566
3.62819 62.65227
3.64751 62.19333
3.66299 61.75451
3.65750 61.18477
3.62668 60.82555
3.58541 60.56339
3.53658 60.40469
3.46943 60.51690
3.42078 60.74734
3.37804 61.03912
3.33189 61.28579
3.26940 61.42841
3.20565 61.56872
3.15277 61.76235
3.10156 61.97900
3.05339 62.19521
3.00531 62.43580
2.95347 62.62340
2.89199 62.74407
2.82435 62.64758
2.75383 62.57575
2.68211 62.57011
2.62173 62.68791
2.56103 62.83994
2.50650 62.99703
2.44855 63.13284
2.39380 63.27224
2.33761 63.41026
2.27939 63.56963
2.22269 63.73140
2.16846 63.89173
2.11550 64.11547
2.06739 64.33761
2.02026 64.57625
1.96770 64.75297
1.90550 64.91184
1.84718 65.01865
1.77205 64.91010
1.71454 64.64229
1.68458 64.28785
1.69770 63.77524
1.74314 63.51973
1.79424 63.33764
1.84780 63.21311
1.90290 63.09347
1.95903 62.97088
2.01389 62.86477
2.06964 62.73673
2.12660 62.62364
2.18112 62.46406
2.23711 62.33788
2.29651 62.23509
2.36077 62.19843
2.42194 62.10757
2.47339 61.93848
2.52472 61.78214
2.56806 61.51692
2.60676 61.20757
2.62372 60.70768
2.61782 60.17382
2.60650 59.69937
2.59926 59.19509
2.61111 58.63796
2.63060 58.14054
2.65643 57.60794
2.68194 57.17150
2.70303 56.72837
2.72790 56.30395
2.74797 55.85390
2.76319 55.30788
2.78427 54.72270
2.80641 54.28884
2.82588 53.81101
2.83806 53.27344
2.85950 52.82178
2.88774 52.45494
2.91937 52.15823
2.95003 51.85052
2.98307 51.57239
3.01908 51.31658
3.05696 51.08248
3.09610 50.83578
3.14637 50.74151
3.20021 50.74556
3.24584 50.86935
3.28022 51.11882
3.30827 51.45799
3.32848 51.90904
3.33219 52.56003
3.34418 53.12456
3.38141 53.34872
3.43293 53.35975
3.47486 53.13834
3.50639 52.81318
3.53273 52.43102
3.56381 52.08981
3.59941 51.77544
3.63879 51.51545
3.68097 51.27693
3.71444 50.97536
3.74163 50.62075
3.76626 50.23252
3.78854 49.82416
3.80982 49.40639
3.82714 48.96624
3.84473 48.49163
3.85868 48.00813
3.87925 47.57881
3.91530 47.29097
3.95209 47.40749
3.98550 47.64230
4.01296 48.02011
4.03392 48.53529
4.05531 49.04486
4.07478 49.64396
4.08656 50.30209
4.07959 50.85920
4.07159 51.35169
4.05742 51.81205
4.03840 52.22837
4.01154 52.60288
3.98391 52.96059
3.96256 53.36954
3.95799 53.90866
3.97126 54.56811
3.98878 55.17142
4.01657 55.57741
4.05255 55.87839
4.09299 56.08401
4.13726 56.20153
4.18673 56.19823
4.24409 56.04797
4.28685 55.69002
4.31440 55.32529
4.33278 54.89441
4.33988 54.38612
4.33165 53.83800
4.32850 53.30105
4.32879 52.78858
4.32639 52.20604
4.31976 51.61585
4.31942 51.08744
4.32508 50.57913
4.33412 50.08750
4.34854 49.62485
4.37342 49.23243
4.38010 49.10000
4.40010 48.87000
4.42830 48.56000
4.45580 48.06000
4.48470 48.19000
4.51290 48.33000
4.54450 48.46000
4.57340 48.60000
4.60160 48.74000
4.63110 48.76000
4.66000 48.72000
4.69440 48.67000
4.72190 48.56000
4.75280 48.38000
4.75420 47.97000
4.75210 47.56000
4.77550 46.89000
4.79610 46.48000
4.80720 45.06000
4.82160 44.70000
4.84910 44.80000
4.88000 44.74000
4.91230 44.72000
4.93980 44.46000
4.96870 43.50000
4.99900 43.22000
5.02440 42.80000
5.03750 42.37000
5.04710 42.17000
5.06080 42.02000
5.09040 41.87000
5.11930 41.62000
5.13440 41.32000
5.16470 41.27000
5.19350 41.30000
5.22100 41.05000
5.26160 40.82000
5.28980 40.87000
5.30490 40.81000
5.32900 40.42000
5.35650 40.21000
5.36890 40.08000
5.40490 40.01000
5.42900 40.02000
5.45650 40.01000
5.47890 40.00000
5.50490 39.90000
5.52900 39.92000
5.55650 39.90000
5.57890 39.84000
5.60490 39.85000
5.64900 39.86000
5.66650 39.85000
5.69890 39.84000
5.72710 39.82000
5.72710 39.82000
5.75460 39.44000
5.78210 39.28000
5.81160 39.16000
5.83910 39.17000
5.86800 39.17000
5.90030 39.19000
5.92850 39.26000
5.95670 39.19000
5.98420 39.15000
6.01510 39.03000
6.04680 38.81000
6.05980 38.41000
6.06810 37.99000
6.07560 37.59000
6.08390 37.16000
6.08940 36.75000
6.09280 36.33000
6.09490 35.92000
6.09690 35.51000
6.09830 35.09000
6.09900 34.69000
6.10180 34.24000
6.10310 33.84000
6.10520 33.42000
6.11210 32.98000
6.12510 32.57000
6.14230 32.14000
6.15810 31.72000
6.16290 31.28000
6.16360 30.88000
6.16430 30.46000
6.16230 30.03000
6.16160 29.63000
6.16020 29.21000
6.15330 28.81000
6.14160 28.35000
6.13480 27.94000
6.13130 27.53000
6.13270 27.10000
6.13410 26.67000
6.13610 26.22000
6.13960 25.79000
6.14990 25.38000
6.17050 24.96000
6.19530 24.54000
6.22280 24.60000
6.24270 25.02000
6.24540 25.44000
6.24540 25.85000
6.24480 26.26000
6.24480 26.68000
6.24680 27.11000
6.25030 27.53000
6.25780 27.94000
6.28120 28.36000
6.30940 28.47000
6.33830 28.34000
6.36920 28.17000
6.40010 28.00000
6.42830 28.00000
6.45580 28.06000
6.48470 28.19000
6.51290 28.33000
6.54450 28.46000
6.57340 28.60000
6.60160 28.74000
6.63110 28.76000
6.66000 28.72000
6.69440 28.67000
6.72190 28.56000
6.75280 28.38000
6.75420 27.97000
6.75210 27.56000
6.73700 27.14000
6.70880 26.74000
6.68060 26.52000
6.65310 26.09000
6.64150 25.68000
6.66210 25.28000
6.68680 24.86000
6.70060 24.45000
6.69650 24.03000
6.68550 23.62000
6.67510 23.20000
6.66350 22.79000
6.66350 22.37000
6.67310 21.95000
6.68820 21.53000
6.72190 21.10000
6.73500 20.70000
6.74730 20.29000
6.77550 19.89000
6.79610 19.48000
6.80720 19.06000
6.80650 18.66000
6.78310 18.22000
6.75560 17.88000
6.72810 17.60000
6.69990 17.34000
6.68750 16.93000
6.68750 16.51000
6.69580 16.10000
6.70470 15.70000
6.73220 15.47000
6.76110 15.42000
6.79340 15.49000
6.82160 15.70000
6.84910 15.80000
6.88000 15.74000
6.91230 15.72000
6.93980 15.46000
6.94670 15.05000
6.95500 14.63000
6.95630 14.21000
6.95570 13.75000
6.95220 13.35000
6.94330 12.93000
6.92470 12.50000
6.89580 12.14000
6.86830 11.85000
6.84020 11.65000
6.81270 11.34000
6.78510 11.03000
6.77210 10.60000
6.76250 10.19000
6.77210 9.79000
6.79820 9.38000
6.82570 9.27000
6.85320 9.32000
6.88420 9.38000
6.91170 9.46000
6.94120 9.55000
6.96870 9.50000
6.99900 9.22000
7.02440 8.80000
7.03750 8.37000
7.04710 7.87000
7.04920 7.44000
7.06080 7.02000
7.09040 6.87000
7.11930 6.62000
7.11580 6.20000
7.10280 5.79000
7.09320 5.34000
7.09590 4.93000
7.10690 4.51000
7.13440 4.32000
7.16470 4.27000
7.19350 4.30000
7.22100 4.65000
7.22790 5.07000
7.23410 5.48000
7.26160 5.82000
7.28980 6.07000
7.29530 6.48000
7.29740 6.90000
7.30490 7.31000
7.32900 7.72000
7.35650 7.51000
7.36890 7.08000
7.37710 6.68000
7.38400 6.21000
7.39770 5.79000
7.40940 5.30000
7.40870 4.88000
7.40050 4.47000
7.38540 4.04000
7.37990 3.62000
7.37300 3.22000
7.37230 2.74000
7.38260 2.33000
7.41080 2.22000
7.44310 2.25000
7.47200 2.42000
7.48440 2.83000
7.49950 3.24000
7.52700 3.31000
7.55450 3.21000
7.56070 2.74000
7.56960 2.33000
7.57580 1.89000
7.57920 1.49000
7.58060 1.08000
7.58340 0.64000
7.58750 0.20000
7.59640 -0.22000
7.60540 -0.64000
7.61640 -1.08000
7.62600 -1.51000
7.63630 -1.93000
7.64320 -2.35000
7.64940 -2.76000
7.65350 -3.18000
7.65490 -3.60000
7.65620 -4.04000
7.65760 -4.45000
7.65760 -4.87000
7.65690 -5.32000
7.65420 -5.75000
7.65140 -6.18000
7.64660 -6.62000
7.64320 -7.04000
7.63700 -7.45000
7.62870 -7.89000
7.61980 -8.30000
7.61220 -8.73000
7.60670 -9.18000
7.60330 -9.60000
7.60260 -10.03000
7.60260 -10.47000
7.60740 -10.89000
7.61570 -11.30000
7.62530 -11.75000
7.63360 -12.19000
7.64180 -12.62000
7.65350 -13.04000
7.67960 -13.45000
7.70710 -13.68000
7.73530 -13.90000
7.76970 -14.15000
7.79720 -14.42000
7.82540 -14.63000
7.85290 -14.76000
7.88110 -14.92000
7.90990 -15.01000
7.94430 -15.07000
7.97180 -15.14000
8.00070 -15.19000
8.02910 -15.52000
8.05740 -15.80000
8.08580 -16.11000
8.11560 -16.43000
8.14460 -16.68000
8.17230 -17.01000
8.18960 -17.42000
8.20550 -17.83000
8.22490 -18.27000
8.24630 -18.68000
8.26150 -19.09000
8.28650 -19.51000
8.30860 -19.92000
8.32040 -20.34000
8.32800 -20.75000
8.33830 -21.15000
8.35360 -21.56000
8.36810 -21.96000
8.37920 -22.38000
8.38750 -22.80000
8.39440 -23.21000
8.40130 -23.64000
8.40820 -24.08000
8.42070 -24.50000
8.43250 -24.92000
8.45460 -25.33000
8.48570 -25.42000
8.51480 -25.31000
8.54250 -25.20000
8.57220 -25.08000
8.59990 -25.05000
8.62960 -25.08000
8.65730 -25.14000
8.68640 -25.22000
8.71410 -25.59000
8.73270 -25.99000
8.74170 -26.42000
8.74590 -26.82000
8.75490 -27.24000
8.76390 -27.70000
8.77290 -28.16000
8.78050 -28.62000
8.78330 -29.10000
8.78530 -29.50000
8.78670 -29.90000
8.78740 -30.35000
8.78740 -30.76000
8.78670 -31.17000
8.78330 -31.64000
8.78120 -32.09000
8.78120 -32.52000
8.77910 -32.93000
8.77770 -33.34000
8.77630 -33.74000
8.77360 -34.21000
8.76730 -34.63000
8.76530 -35.04000
8.76320 -35.46000
8.76320 -35.91000
8.76320 -36.31000
8.76460 -36.77000
8.76600 -37.20000
8.76730 -37.62000
8.77290 -38.03000
8.78330 -38.43000
8.79780 -38.86000
8.81160 -39.26000
8.83380 -39.73000
8.85110 -40.14000
8.86210 -40.56000
8.86910 -41.00000
8.87250 -41.43000
8.87180 -41.91000
8.86970 -42.33000
8.86910 -42.73000
8.87040 -43.17000
8.87390 -43.58000
8.88010 -43.98000
8.88700 -44.45000
8.90640 -44.87000
8.93410 -45.26000
8.96180 -45.51000
8.99080 -45.67000
9.01990 -45.77000
9.04830 -46.04000
9.05520 -46.44000
9.04760 -46.85000
9.03300 -47.26000
9.01640 -47.66000
8.99980 -48.06000
8.97420 -48.49000
8.95070 -48.89000
8.93200 -49.34000
8.92580 -49.75000
8.92580 -50.16000
8.93690 -50.59000
8.95830 -51.02000
8.98180 -51.43000
9.01020 -51.65000
9.04000 -51.91000
9.06760 -52.14000
9.09530 -52.33000
9.12370 -52.51000
9.15140 -52.51000
9.17900 -52.35000
9.20120 -51.93000
9.21360 -51.52000
9.22260 -51.12000
9.22820 -50.71000
9.23720 -50.28000
9.24890 -49.88000
9.26550 -49.46000
9.29110 -49.06000
9.31600 -48.66000
9.34510 -48.37000
9.37280 -48.11000
9.40110 -48.00000
9.43020 -48.01000
9.45860 -48.03000
9.48760 -48.01000
9.51530 -47.85000
9.54090 -47.44000
9.55610 -47.02000
9.56650 -46.61000
9.57410 -46.17000
9.59900 -45.76000
9.62670 -45.59000
9.65440 -45.58000
9.68210 -45.61000
9.71040 -45.57000
9.73460 -45.15000
9.75470 -44.72000
9.77200 -44.31000
9.79350 -43.90000
9.80870 -43.49000
9.83710 -43.40000
9.86610 -43.44000
9.89380 -43.54000
9.92150 -43.63000
9.95190 -43.73000
9.98100 -43.83000
10.01000 -43.90000
10.03770 -43.91000
10.06610 -43.93000
10.09510 -43.97000
10.12560 -44.11000
10.15330 -44.30000
10.18090 -44.58000
10.20170 -44.99000
10.20580 -45.39000
10.21280 -45.81000
10.22520 -46.25000
10.23420 -46.65000
10.24870 -47.08000
10.27710 -47.40000
10.30550 -47.65000
10.33520 -47.83000
10.36360 -47.95000
10.39130 -48.18000
10.41970 -48.58000
10.44040 -48.98000
10.45840 -49.40000
10.46880 -49.82000
10.47500 -50.23000
10.47570 -50.64000
10.47780 -51.06000
10.48050 -51.49000
10.48400 -51.90000
10.48950 -52.31000
10.51790 -52.67000
10.54630 -52.76000
10.57390 -52.79000
10.60160 -52.67000
10.63000 -52.50000
10.65840 -52.13000
10.68670 -51.86000
10.71510 -51.62000
10.74280 -51.34000
10.77180 -51.10000
10.80020 -50.82000
10.82860 -50.61000
10.85830 -50.46000
10.88670 -50.35000
10.91580 -50.25000
10.94340 -50.15000
10.97320 -50.01000
11.00160 -49.82000
11.02920 -49.70000
11.05760 -49.56000
11.08670 -49.37000
11.11640 -49.08000
11.14550 -48.92000
11.17590 -48.79000
11.20640 -48.69000
11.23470 -48.59000
11.26240 -48.44000
11.29080 -48.29000
11.31910 -48.27000
11.34820 -48.43000
11.37660 -48.80000
11.39110 -49.21000
11.39180 -49.61000
11.38070 -50.04000
11.36550 -50.44000
11.34680 -50.85000
11.32950 -51.26000
11.31080 -51.66000
11.29560 -52.14000
11.28250 -52.56000
11.27490 -52.97000
11.27070 -53.37000
11.27000 -53.82000
11.27490 -54.22000
11.29490 -54.66000
11.32260 -55.06000
11.35030 -55.32000
11.37930 -55.33000
11.40770 -55.31000
11.43540 -55.21000
11.46310 -55.03000
11.49070 -54.81000
11.51910 -54.52000
11.54260 -54.12000
11.55990 -53.71000
11.58210 -53.31000
11.60910 -52.91000
11.63740 -52.61000
11.66580 -52.39000
11.69490 -52.15000
11.72250 -51.86000
11.75020 -51.62000
11.77790 -51.34000
11.80970 -51.13000
11.83880 -50.96000
11.86720 -50.84000
11.89480 -50.71000
11.92250 -50.63000
11.95090 -50.51000
11.97850 -50.04000
12.02060 -49.76000
12.04950 -48.74000
12.07770 -48.64000
12.10720 -48.54000
12.13680 -48.52000
12.16430 -48.50000
12.19320 -48.52000
12.22270 -48.72000
12.24270 -49.13000
12.24960 -49.54000
12.24540 -49.96000
12.21660 -50.26000
12.18840 -50.33000
12.16020 -50.33000
12.13200 -50.29000
12.10380 -50.33000
12.07490 -50.62000
12.05840 -51.03000
12.05160 -51.46000
12.05910 -51.89000
12.08110 -52.29000
12.10860 -52.42000
12.13610 -52.46000
12.16360 -52.46000
12.19320 -52.41000
12.22070 -52.33000
12.24890 -52.25000
12.27710 -52.19000
12.30520 -52.14000
12.33270 -52.05000
12.36090 -51.87000
12.38910 -51.56000
12.41730 -51.22000
12.44620 -50.82000
12.47440 -50.60000
12.50250 -50.52000
12.53070 -50.43000
12.55890 -50.45000
12.58710 -50.70000
12.59880 -51.11000
12.59050 -51.51000
12.57400 -51.95000
12.55820 -52.38000
12.54590 -52.79000
12.53280 -53.20000
12.52040 -53.61000
12.51010 -54.04000
12.50050 -54.46000
12.49430 -54.87000
12.47850 -55.28000
12.46890 -55.70000
12.46950 -56.10000
12.47850 -56.50000
12.50190 -56.91000
12.52940 -57.01000
12.55750 -57.05000
12.58500 -57.08000
12.61390 -57.06000
12.64280 -57.04000
12.67030 -57.02000
12.69920 -56.95000
12.72730 -56.86000
12.75480 -56.72000
12.78300 -56.57000
12.81120 -56.45000
12.84150 -56.35000
12.86900 -56.19000
12.89720 -56.08000
12.92470 -55.94000
12.95280 -55.80000
12.98240 -55.62000
13.00990 -55.46000
13.04150 -55.33000
13.06970 -55.19000
13.10000 -55.01000
13.12810 -54.87000
13.15630 -54.73000
13.18450 -54.55000
13.21820 -54.39000
13.24640 -54.22000
13.27460 -53.96000
13.30280 -53.68000
13.33030 -53.55000
13.35840 -53.37000
13.38590 -53.20000
13.41410 -52.99000
13.44300 -52.81000
13.47120 -52.61000
13.49870 -52.44000
13.52760 -52.28000
13.55510 -52.17000
13.58390 -52.11000
13.61280 -52.06000
13.64100 -52.02000
13.66850 -51.95000
13.69600 -51.90000
13.72490 -51.83000
13.75310 -51.72000
13.78120 -51.59000
13.80940 -51.39000
13.83830 -51.33000
13.86580 -51.36000
13.89470 -51.32000
13.92290 -51.30000
13.95310 -51.34000
13.98200 -51.41000
14.00950 -51.51000
14.03770 -51.62000
14.06520 -51.84000
14.09270 -52.16000
14.12090 -52.57000
14.14080 -52.99000
14.15590 -53.42000
14.17240 -53.85000
14.19300 -54.25000
14.22050 -54.49000
14.24870 -54.73000
14.27690 -54.81000
14.30580 -54.76000
14.33330 -54.40000
14.34700 -54.00000
14.35320 -53.59000
14.35730 -53.19000
14.35670 -52.78000
14.35530 -52.36000
14.35460 -51.94000
14.35390 -51.51000
14.35460 -51.11000
14.36420 -50.70000
14.39240 -50.48000
14.42060 -50.46000
14.45020 -50.48000
14.47830 -50.47000
14.50650 -50.33000
14.53610 -50.08000
14.56360 -49.77000
14.58010 -49.37000
14.57940 -48.96000
14.57050 -48.55000
14.55260 -48.15000
14.52780 -47.73000
14.50450 -47.33000
14.48450 -46.92000
14.48040 -46.52000
14.47630 -46.10000
14.47490 -45.69000
14.48320 -45.27000
14.50580 -44.86000
14.53330 -44.69000
14.56080 -44.70000
14.59040 -44.82000
14.61860 -45.18000
14.63990 -45.60000
14.65640 -46.01000
14.67010 -46.50000
14.68390 -46.90000
14.70110 -47.33000
14.72860 -47.70000
14.75680 -47.98000
14.78770 -48.22000
14.81520 -48.37000
14.84410 -48.56000
14.87360 -48.72000
14.90250 -48.80000
14.93070 -48.80000
14.96160 -48.70000
14.98910 -48.54000
15.01940 -48.34000
15.04760 -48.06000
15.07710 -47.79000
15.10530 -47.53000
15.13690 -47.29000
15.16650 -47.03000
15.19540 -46.74000
15.22360 -46.39000
15.25240 -46.00000
15.28060 -45.68000
15.31230 -45.35000
15.33970 -44.97000
15.36310 -44.57000
15.37210 -44.17000
15.37550 -43.76000
15.36790 -43.36000
15.35350 -42.95000
15.33360 -42.54000
15.30610 -42.28000
15.27860 -42.05000
15.25660 -41.65000
15.24900 -41.25000
15.24420 -40.84000
15.24490 -40.43000
15.25380 -40.02000
15.26830 -39.62000
15.27930 -39.22000
15.27930 -38.80000
15.27790 -38.40000
15.27440 -37.89000
15.26830 -37.48000
15.25860 -37.07000
15.25240 -36.66000
15.25180 -36.24000
15.25660 -35.83000
15.27310 -35.37000
15.30060 -34.99000
15.32810 -34.94000
15.35560 -35.12000
15.37410 -35.53000
15.38650 -35.94000
15.39470 -36.35000
15.40850 -36.76000
15.42500 -37.16000
15.43940 -37.60000
15.45390 -38.01000
15.47520 -38.43000
15.50340 -38.79000
15.53220 -39.11000
15.56040 -39.37000
15.58860 -39.47000
15.61680 -39.50000
15.64500 -39.48000
15.67390 -39.42000
15.70140 -39.29000
15.72950 -39.10000
15.75700 -38.79000
15.78590 -38.44000
15.81070 -38.01000
15.83130 -37.58000
15.85330 -37.15000
15.87670 -36.75000
15.90420 -36.43000
15.93300 -36.31000
15.96190 -36.34000
15.99010 -36.40000
16.01970 -36.52000
16.04440 -36.92000
16.05610 -37.35000
16.06090 -37.77000
16.06430 -38.20000
16.06430 -38.62000
16.06160 -39.03000
16.05540 -39.44000
16.04300 -39.84000
16.03070 -40.25000
16.01900 -40.65000
16.00250 -41.06000
15.99150 -41.49000
15.97700 -41.89000
15.96740 -42.32000
15.95710 -42.73000
15.95160 -43.16000
15.94610 -43.56000
15.93920 -43.96000
15.93170 -44.38000
15.92480 -44.79000
15.92270 -45.20000
15.92410 -45.61000
15.92690 -46.02000
15.92960 -46.45000
15.93300 -46.85000
15.93580 -47.28000
15.93790 -47.68000
15.93650 -48.10000
15.93240 -48.53000
15.92070 -48.96000
15.90760 -49.36000
15.88970 -49.77000
15.87670 -50.18000
15.87600 -50.59000
15.87800 -51.01000
15.88420 -51.41000
15.89870 -51.83000
15.91100 -52.24000
15.92340 -52.65000
15.93240 -53.07000
15.93510 -53.47000
15.94400 -53.88000
15.95920 -54.29000
15.97840 -54.72000
16.00800 -54.99000
16.03550 -54.98000
16.06300 -54.71000
16.08570 -54.29000
16.10490 -53.88000
16.12140 -53.46000
16.13790 -53.05000
16.15030 -52.63000
16.16470 -52.23000
16.17570 -51.81000
16.18530 -51.38000
16.18740 -50.98000
16.18600 -50.57000
16.18190 -50.14000
16.17640 -49.73000
16.17370 -49.30000
16.17020 -48.90000
16.17500 -48.48000
16.19150 -48.07000
16.21900 -47.67000
16.24650 -47.57000
16.26650 -47.77000
16.30800 -47.99000
16.33550 -47.98000
16.36300 -47.71000
16.38570 -47.29000
16.40490 -46.88000
16.42140 -46.46000
16.43790 -46.05000
16.45030 -45.63000
16.46470 -45.23000
16.47570 -44.81000
16.48530 -44.38000
16.48740 -43.98000
16.48600 -43.57000
16.48190 -42.14000
16.47640 -41.73000
16.47370 -41.30000
16.47020 -40.90000
16.47500 -40.68000
16.49150 -40.47000
16.51900 -40.27000
16.54650 -40.07000
16.55150 -39.99000
16.57900 -39.87000
16.59650 -39.77000
16.62530 -39.72000
16.62330 -39.29000
16.62050 -38.87000
16.61370 -38.46000
16.60000 -38.06000
16.57670 -37.64000
16.56230 -37.22000
16.55210 -36.80000
16.53770 -36.39000
16.52470 -35.98000
16.51300 -35.55000
16.51100 -35.15000
16.51710 -34.73000
16.52740 -34.31000
16.54310 -33.90000
16.56710 -33.50000
16.59250 -33.08000
16.62120 -32.71000
16.64860 -32.47000
16.67670 -32.04000
16.68970 -31.63000
16.68080 -31.22000
16.65270 -31.00000
16.62330 -31.02000
16.59520 -31.04000
16.57530 -30.63000
16.58420 -30.23000
16.59590 -29.82000
16.60410 -29.42000
16.61510 -29.01000
16.61230 -28.61000
16.60270 -28.20000
16.59930 -27.80000
16.59930 -27.39000
16.59930 -26.99000
16.61160 -26.58000
16.62810 -26.18000
16.65000 -25.77000
16.66510 -25.36000
16.67260 -24.94000
16.67670 -24.53000
16.67530 -24.11000
16.66300 -23.71000
16.65480 -23.30000
16.65820 -22.90000
16.67330 -22.41000
16.69320 -22.01000
16.70000 -21.60000
16.70210 -21.20000
16.70000 -20.79000
16.68560 -20.39000
16.67260 -19.97000
16.66510 -19.56000
16.66370 -19.13000
16.67740 -18.70000
16.69380 -18.29000
16.71100 -17.87000
16.73700 -17.46000
16.75480 -17.04000
16.77190 -16.61000
16.79250 -16.20000
16.81580 -15.80000
16.83770 -15.39000
16.86510 -15.16000
16.89250 -15.00000
16.92050 -14.90000
16.94930 -14.81000
16.97950 -14.63000
17.00750 -14.44000
17.03630 -14.28000
17.06640 -14.15000
17.09660 -14.07000
17.12400 -14.05000
17.15210 -14.08000
17.17950 -14.12000
17.20750 -14.15000
17.23560 -14.13000
17.26300 -14.13000
17.29250 -14.13000
17.32120 -14.14000
17.34860 -14.17000
17.37600 -14.26000
17.40340 -14.32000
17.43080 -14.44000
17.45820 -14.27000
17.48150 -13.86000
17.48150 -13.46000
17.45410 -13.16000
17.42600 -12.81000
17.39930 -12.41000
17.40140 -12.00000
17.41160 -11.59000
17.43900 -11.59000
17.46640 -11.68000
17.49450 -11.78000
17.52190 -11.98000
17.55000 -12.22000
17.57740 -12.59000
17.60480 -12.88000
17.63220 -13.09000
17.65960 -13.25000
17.68770 -13.37000
17.71510 -13.42000
17.74320 -13.42000
17.77190 -13.41000
17.80070 -13.43000
17.82880 -13.51000
17.85620 -13.62000
17.88490 -13.86000
17.91230 -14.24000
17.92950 -14.64000
17.93970 -15.06000
17.94660 -15.47000
17.94180 -15.89000
17.93490 -16.33000
17.92810 -16.73000
17.91640 -17.16000
17.90680 -17.58000
17.89250 -18.02000
17.88150 -18.44000
17.88150 -18.85000
17.90890 -19.08000
17.93630 -19.30000
17.96370 -19.39000
17.99320 -19.37000
18.02050 -19.35000
18.04860 -19.21000
18.07600 -18.88000
18.08970 -18.47000
18.09660 -18.07000
18.10340 -17.66000
18.10480 -17.26000
18.10340 -16.84000
18.10000 -16.42000
18.09790 -16.01000
18.09110 -15.59000
18.08360 -15.17000
18.07670 -14.70000
18.06990 -14.27000
18.06440 -13.86000
18.06230 -13.44000
18.08010 -13.03000
18.10750 -12.92000
18.13490 -12.92000
18.16510 -12.93000
18.19250 -12.98000
18.22190 -12.94000
18.25140 -12.87000
18.27950 -12.73000
18.30750 -12.52000
18.33560 -12.12000
18.36300 -11.73000
18.38900 -11.32000
18.41510 -10.92000
18.43900 -10.48000
18.46370 -10.08000
18.49320 -9.77000
18.52530 -9.68000
18.53700 -10.09000
18.53360 -10.50000
18.53220 -10.91000
18.54930 -11.33000
18.57670 -11.62000
18.60480 -11.65000
18.63290 -11.33000
18.65750 -10.93000
18.66580 -10.47000
18.67050 -10.03000
18.68010 -9.55000
18.68150 -9.14000
18.68150 -8.71000
18.67670 -8.29000
18.66440 -7.87000
18.64380 -7.47000
18.61580 -7.26000
18.58630 -7.36000
18.55820 -7.36000
18.53080 -7.09000
18.51370 -6.69000
18.50410 -6.27000
18.49660 -5.86000
18.49110 -5.45000
18.48700 -5.03000
18.48560 -4.63000
18.48630 -4.18000
18.48630 -3.78000
18.48560 -3.33000
18.48150 -2.91000
18.47470 -2.49000
18.46990 -2.08000
18.47190 -1.64000
18.47740 -1.22000
18.50680 -0.87000
18.53420 -0.59000
18.55340 -0.17000
18.55750 0.24000
18.56710 0.73000
18.59590 0.99000
18.62470 1.26000
18.65210 1.33000
18.68010 1.35000
18.70820 1.29000
18.73630 1.32000
18.76370 1.40000
18.79180 1.45000
18.82050 1.45000
18.84930 1.49000
18.87880 1.59000
18.90620 1.92000
18.91300 2.33000
18.94110 2.72000
18.96850 2.97000
18.97810 3.38000
18.98150 3.82000
18.98290 4.27000
18.98360 4.70000
18.98560 5.10000
18.99380 5.51000
19.01230 5.93000
19.03420 6.35000
19.05410 6.75000
19.07600 7.17000
19.09520 7.62000
19.10890 8.06000
19.11990 8.46000
19.12950 8.87000
19.14110 9.29000
19.15960 9.70000
19.18150 10.13000
19.19730 10.54000
19.21300 11.00000
19.24110 11.13000
19.26850 11.17000
19.28360 11.58000
19.27880 12.00000
19.27470 12.44000
19.27050 12.88000
19.27470 13.28000
19.28840 13.70000
19.30270 14.10000
19.32190 14.51000
19.34520 14.91000
19.36100 15.34000
19.34660 15.74000
19.31850 15.96000
19.29110 16.21000
19.29110 16.63000
19.29180 17.05000
19.30620 17.45000
19.33420 17.80000
19.36370 18.06000
19.39380 18.27000
19.42190 18.45000
19.45070 18.58000
19.48150 18.75000
19.51030 18.83000
19.53840 18.88000
19.56920 18.90000
19.59790 18.94000
19.62530 19.09000
19.65270 19.41000
19.68010 19.72000
19.70820 19.99000
19.73560 20.21000
19.75270 20.64000
19.76230 21.06000
19.76990 21.52000
19.77880 21.94000
19.79110 22.35000
19.81850 22.73000
19.84590 22.96000
19.87330 23.01000
19.90140 23.02000
19.92880 23.03000
19.95620 23.06000
19.98420 23.05000
20.01370 23.12000
20.04180 23.22000
20.06920 23.52000
20.09730 23.94000
20.12050 24.37000
20.14040 24.79000
20.15820 25.19000
20.17120 25.61000
20.18010 26.02000
20.18630 26.45000
20.18840 26.87000
20.18970 27.28000
20.20000 27.68000
20.21580 28.11000
20.23420 28.51000
20.25680 28.92000
20.28080 29.33000
20.30000 29.74000
20.32740 30.12000
20.35550 30.42000
20.38360 30.61000
20.41370 30.81000
20.44180 31.07000
20.46780 31.50000
20.48900 31.93000
20.50680 32.33000
20.53490 32.61000
20.56370 32.69000
20.59520 32.82000
20.62330 32.96000
20.65210 33.09000
20.68080 33.46000
20.70410 33.88000
20.73150 34.24000
20.75960 34.52000
20.78700 34.76000
20.81510 35.08000
20.83840 35.50000
20.85550 35.91000
20.86370 36.33000
20.86920 36.75000
20.87260 37.16000
20.87260 37.59000
20.87470 38.00000
20.87740 38.45000
20.88290 38.85000
20.88360 39.32000
20.87810 39.75000
20.87260 40.19000
20.85890 40.60000
20.84520 41.03000
20.81990 41.43000
20.79040 41.89000
20.76300 42.27000
20.73630 42.69000
20.71230 43.11000
20.69450 43.56000
20.68010 44.04000
20.66640 44.47000
20.64930 44.88000
20.62120 45.27000
20.59250 45.52000
20.56440 45.71000
20.53630 45.84000
20.50820 45.91000
20.48080 45.98000
20.45270 46.02000
20.42530 46.02000
20.39590 45.92000
20.37810 45.50000
20.39180 45.10000
20.41230 44.68000
20.43970 44.32000
20.46780 44.00000
20.49380 43.57000
20.51230 43.16000
20.52050 42.76000
20.51990 42.34000
20.51510 41.92000
20.50750 41.50000
20.49040 41.09000
20.46300 40.70000
20.43360 40.38000
20.41920 39.97000
20.40340 39.54000
20.38700 39.13000
20.37260 38.73000
20.35620 38.30000
20.33900 37.89000
20.31710 37.45000
20.29520 37.03000
20.27810 36.62000
20.25890 36.22000
20.24380 35.80000
20.22190 35.39000
20.20690 34.98000
20.19250 34.58000
20.17330 34.09000
20.15070 33.68000
20.12670 33.25000
20.10070 32.85000
20.07400 32.43000
20.05620 32.02000
20.03970 31.52000
20.02190 31.09000
20.00480 30.68000
19.99180 30.27000
19.98220 29.85000
19.97470 29.44000
19.96710 28.95000
19.96510 28.50000
19.96100 28.10000
19.95890 27.69000
19.95550 27.29000
19.95140 26.86000
19.94660 26.39000
19.93970 25.98000
19.92050 25.58000
19.89450 25.17000
19.86640 24.89000
19.83840 24.65000
19.81100 24.57000
19.78360 24.55000
19.75620 24.76000
19.75000 25.16000
19.73700 25.60000
19.72950 26.01000
19.70140 26.35000
19.67400 26.45000
19.64660 26.31000
19.61920 26.13000
19.59180 25.90000
19.56370 25.66000
19.53630 25.24000
19.52050 24.83000
19.51160 24.41000
19.49660 24.01000
19.46850 23.93000
19.44110 24.06000
19.41850 24.48000
19.39930 24.90000
19.37670 25.30000
19.34860 25.67000
19.32120 25.97000
19.29310 26.22000
19.26510 26.36000
19.23560 26.47000
19.20820 26.50000
19.18080 26.52000
19.15210 26.48000
19.12470 26.26000
19.09730 26.08000
19.07190 25.68000
19.05480 25.27000
19.05410 24.86000
19.05960 24.44000
19.07880 24.04000
19.09860 23.63000
19.11300 23.21000
19.08560 22.87000
19.05680 23.05000
19.02880 23.20000
19.00070 23.30000
18.97330 23.16000
18.96440 22.73000
18.95820 22.31000
18.96100 21.89000
18.96710 21.49000
18.97330 21.05000
18.98080 20.63000
18.99320 20.21000
19.00620 19.79000
19.01710 19.35000
19.02120 18.94000
19.02050 18.54000
19.02400 18.13000
19.03150 17.67000
19.03900 17.24000
19.06780 16.87000
19.09590 16.57000
19.12400 16.08000
19.14380 15.66000
19.13420 15.26000
19.11300 14.84000
19.08420 14.70000
19.05270 14.58000
19.02330 14.49000
18.99590 14.35000
18.98420 13.93000
18.98150 13.51000
18.98220 13.08000
18.99180 12.66000
19.01230 12.21000
19.02880 11.79000
19.03630 11.37000
19.03010 10.94000
19.00680 10.53000
18.97880 10.25000
18.95000 10.02000
18.92120 9.86000
18.89380 9.76000
18.86640 9.68000
18.83900 9.58000
18.81100 9.38000
18.78150 8.99000
18.75750 8.55000
18.73010 8.14000
18.70340 7.73000
18.68150 7.33000
18.66230 6.90000
18.65620 6.50000
18.65550 6.08000
18.65480 5.67000
18.65620 5.25000
18.66440 4.83000
18.67740 4.37000
18.68770 3.97000
18.69180 3.56000
18.67260 3.16000
18.64450 3.07000
18.61710 3.08000
18.58900 3.18000
18.56100 3.32000
18.53290 3.41000
18.50270 3.48000
18.47470 3.55000
18.44450 3.57000
18.41580 3.53000
18.38700 3.40000
18.35680 3.17000
18.32810 2.89000
18.29930 2.66000
18.27190 2.42000
18.24380 2.22000
18.21640 2.08000
18.18770 2.01000
18.15750 1.95000
18.13010 1.92000
18.10210 1.88000
18.07400 1.71000
18.04660 1.44000
18.01850 1.11000
17.99110 0.80000
17.96230 0.55000
17.93420 0.37000
17.90680 0.23000
17.87950 0.31000
17.85680 0.74000
17.83700 1.14000
17.81920 1.55000
17.79310 1.95000
17.77670 2.36000
17.79250 2.76000
17.81300 3.18000
17.84180 3.53000
17.86920 3.77000
17.89790 3.90000
17.92810 3.98000
17.95550 4.09000
17.98420 4.21000
18.01440 4.35000
18.04180 4.50000
18.06920 4.69000
18.09730 5.06000
18.11780 5.49000
18.13970 5.89000
18.16710 6.13000
18.19590 6.38000
18.22330 6.52000
18.25270 6.65000
18.28080 6.86000
18.30680 7.30000
18.31780 7.71000
18.32740 8.12000
18.33900 8.57000
18.35140 8.98000
18.36640 9.38000
18.39110 9.80000
18.41990 10.03000
18.45000 10.14000
18.47880 10.23000
18.50890 10.28000
18.53900 10.32000
18.56710 10.37000
18.59520 10.51000
18.62400 10.78000
18.65210 11.10000
18.68010 11.38000
18.70750 11.71000
18.73490 12.03000
18.75820 12.44000
18.77400 12.86000
18.78700 13.30000
18.79790 13.75000
18.80820 14.22000
18.81230 14.64000
18.80550 15.05000
18.80070 15.47000
18.79660 15.93000
18.79250 16.35000
18.78150 16.79000
18.76780 17.21000
18.75340 17.62000
18.73770 18.03000
18.72600 18.45000
18.71850 18.87000
18.72120 19.33000
18.72740 19.74000
18.73840 20.15000
18.75750 20.55000
18.77600 20.97000
18.79790 21.37000
18.81580 21.78000
18.83290 22.19000
18.83630 22.62000
18.83700 23.05000
18.83560 23.47000
18.82600 23.89000
18.81710 24.32000
18.80960 24.78000
18.80270 25.19000
18.79860 25.60000
18.79660 26.00000
18.79730 26.46000
18.80070 26.87000
18.82600 27.28000
18.85210 27.69000
18.88010 28.11000
18.90890 28.40000
18.93630 28.67000
18.94590 29.13000
18.95480 29.54000
18.96370 29.97000
18.96780 30.39000
18.96710 30.79000
18.96230 31.22000
18.96370 31.64000
18.97470 32.06000
19.00550 31.81000
19.03010 31.41000
19.05750 31.07000
19.08490 30.88000
19.11300 30.82000
19.14320 30.79000
19.17120 30.76000
19.19860 30.99000
19.22670 31.35000
19.25070 31.75000
19.25890 32.16000
19.26710 32.56000
19.27600 32.99000
19.27950 33.42000
19.28010 33.87000
19.28080 34.29000
19.28220 34.72000
19.27470 35.14000
19.25620 35.55000
19.22740 35.96000
19.20000 36.21000
19.17050 36.43000
19.14250 36.75000
19.11710 37.15000
19.11370 37.56000
19.13490 37.96000
19.16300 38.28000
19.19180 38.43000
19.21990 38.36000
19.24930 38.30000
19.27810 38.26000
19.30620 38.24000
19.33630 38.31000
19.36580 38.43000
19.39450 38.60000
19.42190 38.87000
19.44930 39.19000
19.47740 39.56000
19.49930 39.99000
19.52470 40.39000
19.54860 40.82000
19.56920 41.23000
19.58630 41.64000
19.59660 42.05000
19.60070 42.46000
19.60750 42.87000
19.61780 43.28000
19.62670 43.68000
19.63490 44.11000
19.64180 44.53000
19.64520 44.94000
19.64860 45.34000
19.65340 45.76000
19.65890 46.16000
19.66580 46.58000
19.66920 47.03000
19.66920 47.46000
19.66850 47.77000
19.71608 48.09994
19.71608 48.29994
19.74384 48.57336
19.76931 48.95961
19.78634 49.39895
19.79374 49.90934
19.79678 50.43342
19.77312 50.98913
19.77457 51.51395
19.82279 51.59477
19.85879 51.36997
19.90832 51.40787
19.92051 51.86959
19.89983 52.43082
19.88247 53.04781
19.88717 53.55696
19.89233 54.05027
19.90368 54.52598
19.94617 54.79763
19.99408 54.75075
20.04070 54.69429
20.09144 54.63615
20.13523 54.54089
20.18538 54.48194
20.24386 54.71747
20.28936 54.94211
20.32517 55.24567
20.35029 55.61549
20.37331 56.02268
20.39213 56.43825
20.40677 56.89473
20.41786 57.38680
20.41536 57.95018
20.42253 58.45518
20.44456 58.85899
20.47967 59.16419
20.51763 59.50492
20.56456 59.75129
20.63011 59.77519
20.68098 59.65030
20.71498 59.33717
20.72690 58.79762
20.73855 58.24230
20.74669 57.66262
20.75466 57.06653
20.77190 56.57313
20.79538 56.12426
20.82234 55.74366
20.85001 55.35992
20.87825 55.01128
20.90783 54.65302
20.93095 54.25074
20.94835 53.78552
20.95899 53.21747
20.95961 52.55770
20.96360 51.91921
20.98031 51.41758
21.00502 51.04023
21.05626 50.96753
21.10218 51.07783
21.16045 50.96546
21.19451 50.70834
21.21245 50.25938
21.22717 49.77411
21.23755 49.22529
21.24488 48.63882
21.25644 48.08542
21.27623 47.65417
21.31449 47.84905
21.34010 48.23129
21.35064 48.83905
21.36483 49.38795
21.36717 50.05716
21.36897 50.71375
21.38065 51.32551
21.40704 51.75235
21.43806 52.06834
21.46487 52.43343
21.47066 53.07793
21.45618 53.54054
21.45120 54.07235
21.47867 54.46707
21.51658 54.72010
21.56490 54.79680
21.61439 54.85219
21.64305 55.21230
21.65403 55.83402
21.64790 56.37209
21.62167 56.76726
21.57921 57.03656
21.52187 57.17428
21.45835 57.25977
21.41115 57.47510
21.37272 57.75702
21.34077 58.07832
21.31824 58.46273
21.31542 59.04536
21.33653 59.52069
21.36139 59.95954
21.39641 60.29538
21.46147 60.31186
21.52922 60.21782
21.58071 60.34313
21.60840 60.74672
21.59348 61.19292
21.56617 61.55459
21.53064 61.86773
21.50218 62.23517
21.47453 62.59820
21.45342 63.02328
21.44526 63.50517
21.44409 64.03767
21.44017 64.55242
21.43572 65.04189
21.44782 65.60929
21.48398 65.98624
21.52746 66.27867
21.57859 66.50833
21.62995 66.73965
21.68226 66.96604
21.73303 67.22537
21.78881 67.45733
21.84387 67.68623
21.88431 68.04911
21.91389 68.54254
21.93384 69.10675
21.96528 69.60114
22.05587 69.51629
22.09787 69.18408
22.13068 68.83316
22.16607 68.49092
22.20454 68.16766
22.27852 68.17337
22.34373 68.32266
22.41225 68.47155
22.47027 68.68885
22.52528 68.95969
22.61293 68.75668
22.64995 68.40294
22.64678 67.96870
22.62914 67.49934
22.63795 67.09806
22.66147 66.71382
22.69199 66.35435
22.68305 65.89232
22.63044 65.67520
22.56995 65.56111
22.51221 65.44666
22.44844 65.30679
22.39616 65.11226
22.34359 64.90905
22.29637 64.65208
22.25813 64.27195
22.22749 63.75447
22.20783 63.21478
22.20284 62.73638
22.21230 62.29416
22.23416 61.81601
22.26615 61.46288
22.33433 61.29701
22.39043 61.33027
22.44361 61.45684
22.49450 61.58632
22.54735 61.72421
22.59204 61.96497
22.63980 62.19894
22.68657 62.44060
22.73518 62.62692
22.78371 62.82397
22.83328 63.03430
22.88355 63.23928
22.93728 63.42739
22.98926 63.61314
23.03970 63.82333
23.08903 64.08446
23.13979 64.32419
23.19617 64.43932
23.25302 64.54832
23.31228 64.71225
23.37782 64.88418
23.43622 65.03137
23.49291 65.16991
23.55038 65.36029
23.60613 65.63292
23.66738 65.75452
23.72883 65.78738
23.78922 65.81310
23.85092 65.83268
23.91047 66.13853
23.97389 66.48617
23.99900 66.48000