23.99900 49.60000
23.97590 49.59000
23.97590 49.59000
23.94710 49.34000
23.92710 48.94000
23.89960 48.56000
23.87210 48.28000
23.86940 47.87000
23.85700 47.47000
23.83910 47.05000
23.82060 46.65000
23.79240 46.26000
23.76350 45.89000
23.73530 45.55000
23.70710 45.42000
23.67820 45.35000
23.65070 45.40000
23.62050 45.55000
23.58890 45.67000
23.55930 45.80000
23.52970 45.92000
23.50150 46.01000
23.46850 46.08000
23.44040 46.19000
23.40870 46.28000
23.37920 46.36000
23.35100 46.44000
23.32070 46.47000
23.29120 46.53000
23.25950 46.60000
23.23140 46.68000
23.19970 46.77000
23.17220 46.82000
23.14400 46.84000
23.11520 46.93000
23.08420 47.01000
23.05530 47.05000
23.02580 47.07000
22.99760 47.08000
22.96940 47.08000
22.94050 47.08000
22.91230 47.09000
22.88070 47.02000
22.85320 46.93000
22.82430 46.85000
22.79680 46.67000
22.76930 46.49000
22.74110 46.20000
22.71230 45.99000
22.68410 45.77000
22.65660 45.58000
22.62770 45.47000
22.59880 45.49000
22.56790 45.58000
22.54040 45.66000
22.51150 45.71000
22.48330 45.79000
22.45450 45.92000
22.42630 46.06000
22.39880 46.08000
22.36990 46.19000
22.34030 46.19000
22.31210 46.23000
22.28390 46.17000
22.25580 46.05000
22.22620 45.91000
22.19800 45.67000
22.17190 45.26000
22.14580 44.85000
22.12170 44.43000
22.10040 44.03000
22.07840 43.61000
22.05780 43.17000
22.03160 42.75000
22.00280 42.52000
21.97460 42.71000
21.94710 42.69000
21.91820 42.65000
21.89000 42.47000
21.86110 42.09000
21.85220 41.67000
21.84740 41.27000
21.84530 40.85000
21.84740 40.45000
21.85360 40.05000
21.86180 39.65000
21.86660 39.24000
21.87070 38.83000
21.87690 38.38000
21.87280 37.98000
21.86870 37.55000
21.84810 37.15000
21.81990 36.94000
21.79030 36.73000
21.76210 36.61000
21.73460 36.48000
21.70370 36.36000
21.67410 36.21000
21.64520 36.08000
21.61570 35.81000
21.58750 35.59000
21.56000 35.36000
21.53040 35.16000
21.50090 34.93000
21.47340 34.67000
21.45550 34.27000
21.45270 33.86000
21.45270 33.44000
21.45270 33.00000
21.43280 32.60000
21.40530 32.41000
21.37640 32.23000
21.34690 32.03000
21.31870 31.80000
21.28770 31.57000
21.25820 31.25000
21.22860 30.97000
21.20040 30.69000
21.16810 30.32000
21.14610 29.92000
21.12550 29.52000
21.10210 29.11000
21.07390 28.74000
21.04570 28.48000
21.01680 28.35000
20.98840 28.60000
20.96510 28.18000
20.94120 27.77000
20.91450 27.37000
20.89190 26.96000
20.87070 26.56000
20.84950 26.14000
20.82220 25.78000
20.79270 25.45000
20.76330 25.19000
20.73530 24.94000
20.70730 24.72000
20.67850 24.39000
20.65250 23.98000
20.64160 23.57000
20.63470 23.17000
20.62790 22.73000
20.62180 22.32000
20.61420 21.91000
20.60470 21.47000
20.57180 21.13000
20.54310 20.76000
20.51370 20.47000
20.48630 20.13000
20.45830 19.82000
20.43090 19.42000
20.40360 19.02000
20.37410 18.59000
20.34820 18.17000
20.32560 17.76000
20.30300 17.35000
20.27630 16.94000
20.25860 16.53000
20.24560 16.12000
20.23530 15.72000
20.22020 15.30000
20.20660 14.88000
20.20310 14.48000
20.20110 14.07000
20.19700 13.66000
20.19150 13.19000
20.18810 12.78000
20.17780 12.38000
20.16350 11.97000
20.14430 11.55000
20.11630 11.18000
20.08620 10.88000
20.05880 10.70000
20.02940 10.52000
20.00210 10.34000
19.97400 10.15000
19.94600 9.80000
19.94190 9.38000
19.94600 8.95000
19.94730 8.54000
19.94460 8.13000
19.91660 7.72000
19.88920 7.57000
19.85980 7.53000
19.83110 7.54000
19.80370 7.23000
19.79000 6.83000
19.78250 6.41000
19.77360 6.00000
19.76400 5.60000
19.73670 5.21000
19.70380 4.94000
19.67650 4.72000
19.64840 4.33000
19.62110 3.92000
19.59370 3.49000
19.56630 3.19000
19.53900 2.99000
19.51160 2.71000
19.48290 2.41000
19.45490 2.16000
19.42750 2.09000
19.39950 2.05000
19.37140 1.98000
19.34270 1.86000
19.31460 1.58000
19.30300 1.17000
19.30370 0.77000
19.32080 0.28000
19.34950 0.03000
19.37690 -0.13000
19.40560 -0.25000
19.43430 -0.38000
19.46370 -0.58000
19.49180 -0.91000
19.50210 -1.31000
19.48290 -1.72000
19.45490 -1.92000
19.42680 -1.93000
19.39810 -1.88000
19.37070 -1.79000
19.34200 -1.78000
19.31190 -1.76000
19.28450 -1.75000
19.25720 -1.69000
19.22910 -1.62000
19.20040 -1.72000
19.17850 -2.12000
19.18330 -2.53000
19.20930 -2.94000
19.23800 -3.24000
19.26810 -3.49000
19.29550 -3.77000
19.32350 -4.09000
19.35160 -4.38000
19.37820 -4.84000
19.38300 -5.27000
19.38370 -5.71000
19.38240 -6.13000
19.38170 -6.54000
19.37690 -6.96000
19.37140 -7.44000
19.36530 -7.87000
19.35910 -8.29000
19.35570 -8.71000
19.35360 -9.14000
19.35090 -9.54000
19.34540 -9.95000
19.34270 -10.38000
19.33930 -10.80000
19.33580 -11.23000
19.33380 -11.64000
19.33380 -12.06000
19.33580 -12.47000
19.34060 -12.89000
19.34750 -13.30000
19.35700 -13.71000
19.37070 -14.12000
19.38300 -14.54000
19.39530 -14.94000
19.40220 -15.36000
19.40150 -15.78000
19.39950 -16.20000
19.39810 -16.64000
19.39530 -17.06000
19.38920 -17.49000
19.37890 -17.90000
19.36320 -18.32000
19.34200 -18.73000
19.31530 -19.13000
19.29210 -19.54000
19.26880 -19.96000
19.24140 -20.26000
19.23260 -20.68000
19.22710 -21.09000
19.22370 -21.51000
19.21550 -21.92000
19.19700 -22.33000
19.16960 -22.59000
19.14230 -22.82000
19.11490 -22.88000
19.08480 -22.92000
19.05610 -22.97000
19.02600 -23.03000
18.99660 -23.11000
18.96790 -23.16000
18.93780 -23.23000
18.90970 -23.29000
18.88240 -23.33000
18.85500 -23.36000
18.82560 -23.57000
18.80160 -24.00000
18.79690 -24.40000
18.80780 -24.82000
18.83580 -25.15000
18.86320 -25.42000
18.89470 -25.61000
18.92270 -25.80000
18.95080 -26.00000
18.98020 -26.23000
19.00750 -26.41000
19.03630 -26.60000
19.06630 -26.84000
19.09440 -27.19000
19.12310 -27.59000
19.14360 -28.06000
19.16350 -28.49000
19.17030 -28.90000
19.17170 -29.32000
19.17030 -29.75000
19.16830 -30.16000
19.16350 -30.60000
19.15730 -31.03000
19.14770 -31.44000
19.13470 -31.85000
19.12450 -32.26000
19.11490 -32.72000
19.10470 -33.13000
19.09300 -33.55000
19.08140 -33.96000
19.06840 -34.39000
19.05880 -34.81000
19.05130 -35.22000
19.04240 -35.66000
19.03080 -36.06000
19.01920 -36.48000
19.00550 -36.88000
18.99250 -37.31000
18.97880 -37.75000
18.95620 -38.18000
18.93230 -38.60000
18.90490 -38.93000
18.87620 -39.21000
18.84820 -39.42000
18.82080 -39.62000
18.79340 -39.84000
18.76470 -39.97000
18.73000 -40.10000
18.70000 -40.30000
18.65000 -40.50000
18.60000 -40.70000
18.55000 -41.10000
18.50000 -41.40000
18.45000 -41.90000
18.40000 -42.10000
18.35000 -42.70000
18.30000 -43.50000
18.25000 -44.50000
18.20000 -46.50000
18.15000 -48.50000
18.10000 -50.00000
18.05000 -51.50000
18.00010 -52.20000
17.95000 -53.00000
17.91281 -53.31406
17.91015 -53.78529
17.91170 -54.24560
17.90893 -54.72953
17.90524 -55.20129
17.89444 -55.66840
17.87895 -56.12225
17.86303 -56.59087
17.84580 -57.05596
17.83002 -57.50981
17.81580 -57.94407
17.79736 -58.39138
17.77664 -58.81734
17.75187 -59.32505
17.72706 -59.74276
17.69360 -60.16038
17.65087 -60.60155
17.60759 -60.98591
17.56932 -61.37886
17.53296 -61.85507
17.48510 -62.23903
17.43725 -62.60976
17.37686 -62.83325
17.31778 -62.90763
17.26015 -62.99453
17.20026 -63.06304
17.13946 -63.18311
17.07578 -63.33409
17.00923 -63.50682
16.94362 -63.83803
16.91019 -64.20691
16.88805 -64.59862
16.87614 -65.01990
16.85473 -65.42021
16.84494 -65.82726
16.83954 -66.24259
16.82799 -66.64433
16.81489 -67.06771
16.80912 -67.49669
16.80399 -67.93440
16.79736 -68.34292
16.78660 -68.76799
16.76571 -69.18158
16.74135 -69.56312
16.72615 -69.95356
16.69648 -70.31638
16.66100 -70.67639
16.62494 -71.06882
16.57959 -71.45160
16.53418 -71.80893
16.46170 -72.11108
16.36823 -72.37437
16.27455 -72.42357
16.18346 -72.41659
16.07478 -72.58466
15.96990 -72.75359
15.86879 -72.77830
15.76559 -72.74734
15.67062 -72.71941
15.56464 -72.66061
15.47340 -72.58005
15.38222 -72.50632
15.28719 -72.42401
15.19319 -72.34157
15.11800 -72.16828
15.03408 -72.01599
14.95382 -71.85486
14.86564 -71.73930
14.78235 -71.57592
14.70423 -71.37707
14.62124 -71.16680
14.53167 -70.98117
14.43440 -70.85062
14.33859 -70.73563
14.24226 -70.70871
14.16185 -70.81317
14.07989 -70.94782
14.01290 -71.15265
13.95667 -71.46069
13.89776 -71.73948
13.84008 -72.04094
13.77685 -72.33755
13.71672 -72.64283
13.66944 -73.10856
13.62103 -73.58448
13.57147 -74.05329
13.51469 -74.47536
13.44464 -74.80980
13.38683 -75.25523
13.35041 -75.71038
13.27454 -76.04915
13.18672 -76.26257
13.08690 -76.46211
12.98684 -76.65724
12.87038 -76.80668
12.75485 -76.88634
12.64344 -76.92722
12.52259 -76.84530
12.40438 -76.49589
12.32979 -76.14513
12.25064 -75.78309
12.22455 -75.40448
12.21103 -75.00668
12.22630 -74.60924
12.26471 -74.21958
12.25143 -73.83556
12.15553 -73.69490
12.06558 -73.74508
11.97159 -73.77809
11.88450 -73.78643
11.78989 -73.81538
11.68641 -73.81552
11.59186 -73.80764
11.49791 -73.77420
11.40691 -73.81088
11.31365 -73.88381
11.21670 -74.00741
11.11230 -74.16182
11.01188 -74.27036
10.90736 -74.38020
10.80003 -74.64633
10.69076 -74.69700
10.58125 -74.75192
10.47199 -74.74529
10.37411 -74.56882
10.29166 -74.39158
10.20539 -74.18602
10.13944 -73.89104
10.10577 -73.36297
10.08511 -72.86904
10.07225 -72.36414
10.06830 -71.89792
10.04341 -71.37986
10.00421 -70.92185
9.96896 -70.39410
9.92054 -70.04482
9.86373 -69.67559
9.80534 -69.44896
9.74624 -69.21926
9.68603 -69.00376
9.62971 -68.77425
9.56829 -68.52233
9.50141 -68.34396
9.49343 -67.80112
9.56284 -67.60964
9.63849 -67.44297
9.67787 -67.13362
9.64613 -66.70461
9.59470 -66.47464
9.53238 -66.30315
9.47102 -66.17691
9.39166 -66.13237
9.32523 -65.97740
9.26927 -65.75227
9.21518 -65.52673
9.16510 -65.24834
9.11948 -64.98738
9.07714 -64.69267
9.04452 -64.31743
9.00720 -64.00357
8.97159 -63.60996
8.93455 -63.24176
8.89766 -62.87546
8.87080 -62.50777
8.84484 -62.08982
8.81339 -61.71434
8.79024 -61.30291
8.77827 -60.82157
8.75799 -60.35731
8.73997 -59.85441
8.71278 -59.43380
8.68418 -59.01428
8.65785 -58.63564
8.63128 -58.20337
8.62998 -57.62192
8.62520 -57.06483
8.60284 -56.67003
8.57732 -56.25540
8.55191 -55.87497
8.53183 -55.45224
8.50103 -55.12761
8.47485 -54.76617
8.44778 -54.36641
8.41865 -54.01753
8.38786 -53.64765
8.36156 -53.28744
8.33657 -52.90518
8.31518 -52.50551
8.29662 -52.09410
8.28078 -51.60277
8.26837 -51.12831
8.26837 -51.12831
8.24927 -50.05227
8.21518 -48.52673
8.19510 -47.64834
8.16510 -47.24834
8.13510 -46.24834
8.11948 -45.98738
8.09510 -45.24834
8.07714 -44.69267
8.05510 -43.24834
8.04452 -42.31743
8.02510 -41.54834
8.00720 -40.60357
7.97510 -40.14834
7.95270 -40.00000
7.93550 -39.59000
7.90940 -39.18000
7.88700 -38.76000
7.86560 -38.36000
7.84460 -37.92000
7.85320 -37.51000
7.83490 -37.29000
7.81240 -37.27000
7.79240 -37.17000
7.75270 -37.00000
7.73550 -36.59000
7.70940 -36.18000
7.69700 -35.76000
7.69560 -35.36000
7.68460 -34.92000
7.66320 -34.51000
7.65070 -34.34000
7.68030 -33.71000
7.70990 -33.23000
7.83740 -33.00000
7.86490 -32.89000
7.89240 -32.37000
7.90240 -31.67000
7.91660 -31.14000
7.96900 -30.80000
7.94840 -30.34000
7.93330 -29.92000
7.92570 -29.48000
7.91400 -29.07000
7.89680 -28.64000
7.88230 -28.20000
7.86860 -27.78000
7.84720 -27.37000
7.81970 -27.28000
7.79010 -27.53000
7.76260 -27.90000
7.73510 -28.23000
7.70550 -28.35000
7.67730 -28.30000
7.65110 -27.89000
7.62220 -27.46000
7.59470 -27.02000
7.56370 -26.63000
7.53480 -26.29000
7.50660 -25.88000
7.47630 -25.45000
7.45230 -25.04000
7.42400 -24.64000
7.40270 -24.23000
7.37860 -23.79000
7.35250 -23.35000
7.33320 -22.93000
7.31600 -22.47000
7.29950 -22.04000
7.28020 -21.61000
7.25680 -21.19000
7.23890 -20.77000
7.23340 -20.36000
7.22790 -19.89000
7.22310 -19.49000
7.22240 -19.06000
7.22240 -18.65000
7.21490 -18.23000
7.21210 -17.81000
7.20250 -17.31000
7.17500 -16.93000
7.14540 -16.64000
7.11720 -16.52000
7.08890 -16.65000
7.06690 -17.05000
7.05520 -17.46000
7.03180 -17.88000
7.00360 -17.93000
6.97540 -17.56000
6.96780 -17.14000
6.96510 -16.74000
6.96780 -16.31000
6.98090 -15.90000
6.99600 -15.48000
7.00910 -15.08000
7.01740 -14.66000
7.00150 -14.26000
6.97400 -14.15000
6.94580 -14.03000
6.91550 -13.73000
6.90730 -13.32000
6.90520 -12.91000
6.90520 -12.50000
6.89830 -12.08000
6.88590 -11.67000
6.87630 -11.27000
6.86120 -10.86000
6.86390 -10.45000
6.88320 -10.05000
6.90250 -9.60000
6.93000 -9.20000
6.95270 -8.78000
6.98160 -8.39000
7.00290 -7.97000
7.02490 -7.56000
7.03870 -7.15000
7.05040 -6.74000
7.05040 -6.30000
7.05110 -5.88000
7.03940 -5.48000
7.02010 -5.06000
6.99880 -4.66000
6.97880 -4.25000
6.95410 -3.82000
6.92100 -3.35000
6.89150 -3.01000
6.86190 -2.66000
6.83230 -2.36000
6.80470 -1.97000
6.77650 -1.80000
6.74490 -1.59000
6.71460 -1.38000
6.68710 -1.21000
6.65540 -1.08000
6.62720 -0.99000
6.59690 -0.89000
6.56870 -0.87000
6.54050 -0.92000
6.51300 -1.06000
6.50200 -1.47000
6.48960 -1.96000
6.46210 -2.00000
6.43250 -1.80000
6.40560 -1.39000
6.39460 -0.99000
6.38360 -0.57000
6.36850 -0.16000
6.35330 0.25000
6.34030 0.70000
6.32930 1.13000
6.31690 1.54000
6.30170 1.97000
6.28730 2.39000
6.27280 2.81000
6.25630 3.27000
6.22810 3.65000
6.21300 4.08000
6.19850 4.50000
6.18200 4.91000
6.16620 5.33000
6.15240 5.73000
6.13660 6.15000
6.11940 6.57000
6.09870 7.03000
6.07470 7.45000
6.04640 7.85000
6.01410 8.13000
5.98590 8.43000
5.95150 8.59000
5.92260 8.83000
5.89160 9.02000
5.86410 9.14000
5.83520 9.30000
5.80770 9.41000
5.77880 9.60000
5.75060 9.84000
5.72100 10.23000
5.69760 10.69000
5.68110 11.09000
5.66520 11.50000
5.64870 11.91000
5.63840 12.32000
5.63560 12.73000
5.62260 13.13000
5.59370 13.39000
5.56550 13.13000
5.53660 13.06000
5.50700 13.30000
5.47810 13.74000
5.46090 14.14000
5.44500 14.55000
5.42710 14.98000
5.41680 15.38000
5.43130 15.79000
5.45190 16.19000
5.47880 16.61000
5.50770 17.03000
5.53660 17.42000
5.56480 17.81000
5.58400 18.25000
5.60330 18.74000
5.61430 19.15000
5.61980 19.57000
5.61570 19.98000
5.61020 20.41000
5.60880 20.84000
5.60670 21.30000
5.60260 21.73000
5.60190 22.14000
5.60330 22.56000
5.60810 22.96000
5.61360 23.42000
5.61640 23.87000
5.61500 24.28000
5.59850 24.71000
5.57300 25.12000
5.54340 25.53000
5.51380 25.84000
5.48490 26.20000
5.46290 26.62000
5.44500 27.04000
5.42990 27.45000
5.40990 27.86000
5.38380 28.33000
5.35630 28.82000
5.33430 29.25000
5.31500 29.66000
5.29160 30.09000
5.27160 30.52000
5.25440 30.94000
5.24410 31.34000
5.23650 31.78000
5.23100 32.22000
5.22420 32.62000
5.21310 33.06000
5.19870 33.46000
5.17050 33.83000
5.14230 33.98000
5.10990 34.17000
5.07900 34.18000
5.05140 34.23000
5.02320 34.26000
4.99500 34.42000
4.96890 34.83000
4.96540 35.24000
4.98330 35.64000
5.00330 36.08000
5.02050 36.50000
5.02250 36.92000
5.01980 37.33000
5.00400 37.75000
4.97510 38.11000
4.93860 38.35000
4.90690 38.51000
4.87670 38.69000
4.84710 38.90000
4.81950 39.04000
4.78440 39.22000
4.75690 39.41000
4.72940 39.62000
4.69910 39.98000
4.67700 39.97000
4.64740 39.22000
4.61850 39.52000
4.59020 38.81000
4.55990 38.56000
4.52960 38.25000
4.49930 38.35000
4.47110 38.45000
4.44210 38.40000
4.41460 38.38000
4.38570 38.31000
4.35810 38.34000
4.32990 38.45000
4.30030 38.66000
4.27130 38.74000
4.23900 38.85000
4.21010 38.95000
4.18180 39.07000
4.15360 39.49000
4.12470 39.60000
4.10730 39.87000
4.07840 39.81000
4.05090 39.81000
4.02090 39.75000
3.98170 40.70000
3.95660 41.11000
3.93360 41.52000
3.91600 41.93000
3.89770 42.36000
3.86990 42.73000
3.84220 43.02000
3.81370 43.21000
3.78660 43.45000
3.75950 43.62000
3.73110 43.87000
3.70060 44.01000
3.67150 44.11000
3.64440 43.81000
3.63620 43.40000
3.60780 43.25000
3.58070 43.30000
3.55360 43.70000
3.52450 44.11000
3.49670 44.43000
3.46350 44.66000
3.43230 44.88000
3.40190 45.09000
3.37410 45.25000
3.34500 45.33000
3.31720 45.42000
3.28940 45.50000
3.26230 45.59000
3.23450 45.70000
3.20410 45.76000
3.17490 45.83000
3.14650 45.86000
3.11740 45.81000
3.08960 45.78000
3.06250 45.73000
3.03540 45.62000
3.00830 45.49000
2.98120 45.25000
2.95340 44.98000
2.92500 44.84000
2.89650 44.89000
2.86940 45.01000
2.84100 45.29000
2.81190 45.52000
2.78410 45.77000
2.75630 46.08000
2.72920 46.41000
2.70210 46.81000
2.68110 47.23000
2.65200 47.60000
2.62490 47.92000
2.59640 48.24000
2.56730 48.43000
2.53950 48.53000
2.51180 48.34000
2.48400 48.14000
2.45280 48.14000
2.42570 48.36000
2.40140 48.76000
2.38440 49.17000
2.36880 49.62000
2.35120 50.02000
2.32350 50.43000
2.29570 50.67000
2.26720 50.92000
2.23950 51.19000
2.21170 51.40000
2.18390 51.60000
2.15680 51.77000
2.12900 51.91000
2.09590 52.05000
2.06880 52.34000
2.04030 52.55000
2.01190 52.84000
1.98410 52.93000
1.95700 52.89000
1.92450 52.65000
1.90480 52.23000
1.89260 51.81000
1.87980 51.41000
1.85270 50.99000
1.82350 50.84000
1.79640 50.74000
1.76870 50.70000
1.74160 50.76000
1.71450 51.04000
1.70030 51.45000
1.68330 51.87000
1.66370 52.29000
1.63590 52.52000
1.60810 52.37000
1.58040 52.07000
1.55330 51.62000
1.52620 51.34000
1.49840 51.06000
1.47130 51.08000
1.44420 51.22000
1.41710 51.45000
1.38800 51.79000
1.36020 52.17000
1.33780 52.59000
1.31550 52.99000
1.29250 53.40000
1.26540 53.81000
1.23420 54.16000
1.20640 54.53000
1.17730 54.86000
1.14890 55.13000
1.11840 55.30000
1.08860 55.40000
1.06080 55.44000
1.03370 55.45000
1.00590 55.48000
0.97480 55.53000
0.94700 55.57000
0.91450 55.59000
0.88600 55.60000
0.85550 55.61000
0.82780 55.58000
0.80070 55.51000
0.77220 55.42000
0.74450 55.28000
0.71740 55.14000
0.68960 54.97000
0.66180 54.80000
0.63470 54.49000
0.61640 54.07000
0.60150 53.67000
0.59410 53.26000
0.59270 52.85000
0.56490 52.46000
0.53780 52.32000
0.50940 52.26000
0.48230 52.10000
0.46940 51.62000
0.46670 51.16000
0.46670 50.74000
0.46130 50.34000
0.43560 49.92000
0.40850 49.80000
0.38140 49.81000
0.34890 49.92000
0.32180 50.27000
0.30350 50.67000
0.28590 51.07000
0.26820 51.50000
0.24930 51.91000
0.22220 52.28000
0.19370 52.22000
0.16660 52.06000
0.14430 51.62000
0.11920 51.19000
0.09620 50.78000
0.06840 50.46000
0.04000 50.19000
0.00100 50.19000