23.99900 44.57700
23.97600 44.57500
23.94710 44.60500
23.91900 44.61500
23.89150 44.46500
23.86340 44.18500
23.83590 43.78500
23.80780 43.49600
23.78030 43.11600
23.75220 42.71600
23.72750 42.30700
23.70000 41.90700
23.67120 41.65700
23.64170 41.43700
23.61350 41.26700
23.58400 41.02800
23.55520 40.89800
23.52630 40.81800
23.49680 40.82800
23.46730 40.84800
23.43780 40.90800
23.40900 40.95800
23.37940 40.99800
23.34990 40.97800
23.32250 40.99800
23.29290 40.98800
23.26550 41.02800
23.23730 41.06800
23.20710 41.15800
23.17690 41.15800
23.14740 41.07800
23.11790 40.99800
23.08770 40.82800
23.06370 40.41800
23.03550 40.00900
23.00810 39.71900
22.97850 39.45900
22.95040 39.21900
22.92160 38.95900
22.89270 38.66000
22.86460 38.35000
22.83650 37.99000
22.80760 37.73100
22.77740 37.52100
22.75000 37.33100
22.72180 37.15100
22.69370 36.91100
22.66620 36.55200
22.63810 36.20200
22.61060 36.08200
22.58180 35.96200
22.55430 35.94200
22.52410 36.09200
22.49600 36.27200
22.47610 36.67100
22.46580 37.09100
22.45960 37.51100
22.45200 37.92000
22.43830 38.33000
22.41080 38.64000
22.38340 38.72000
22.35590 38.68000
22.32850 38.43000
22.30440 38.02000
22.29210 37.60100
22.28800 37.20100
22.28320 36.80100
22.28110 36.37200
22.28250 35.96200
22.27900 35.56200
22.27560 35.16300
22.27360 34.76300
22.26940 34.36300
22.26260 33.96400
22.25570 33.54400
22.24880 33.13400
22.23790 32.72500
22.22140 32.31500
22.19740 31.91500
22.16990 31.58600
22.14240 31.24600
22.11360 31.13600
22.08270 31.17600
22.05460 31.42600
22.03880 31.83600
22.02640 32.23500
22.02230 32.63500
22.02300 33.04500
22.02780 33.46400
22.03190 33.86400
22.03600 34.27300
22.03260 34.67300
22.00510 35.01300
21.97560 35.06300
21.94950 34.66300
21.92960 34.24400
21.91590 33.82400
21.90080 33.42400
21.88300 32.98500
21.86580 32.58500
21.84310 32.14500
21.82190 31.72600
21.80610 31.31600
21.79230 30.90600
21.77180 30.50700
21.74430 30.08700
21.71750 29.67700
21.69010 29.27800
21.67360 28.86800
21.65850 28.46800
21.64680 28.03900
21.63650 27.61900
21.62210 27.21000
21.60700 26.81000
21.59670 26.41000
21.58920 25.98100
21.58090 25.55100
21.57270 25.11100
21.55960 24.70200
21.54180 24.30200
21.51570 23.90200
21.48620 23.52300
21.46280 23.12300
21.43880 22.71300
21.41140 22.33400
21.38250 22.03400
21.35370 21.73400
21.32620 21.39500
21.30220 20.97500
21.27340 20.55500
21.24520 20.27500
21.21710 20.00600
21.18960 19.79600
21.16080 19.58600
21.12920 19.31600
21.10110 18.95700
21.07290 18.59700
21.04410 18.32700
21.01320 18.04700
20.98150 18.23000
20.95410 18.53000
20.92600 18.74000
20.89860 18.34000
20.87600 17.92000
20.85820 17.50000
20.84590 17.10000
20.83840 16.68000
20.83360 16.27000
20.83220 15.78000
20.83430 15.36000
20.83500 14.94000
20.83430 14.52000
20.83150 14.11000
20.82880 13.69000
20.82190 13.28000
20.81030 12.88000
20.78980 12.46000
20.76170 12.35000
20.73430 12.38000
20.70690 12.42000
20.67880 12.50000
20.65140 12.62000
20.62330 12.80000
20.59460 13.07000
20.56720 13.33000
20.53980 13.38000
20.51240 13.19000
20.48430 12.95000
20.45690 12.65000
20.42820 12.28000
20.39800 11.94000
20.37410 11.52000
20.35150 11.11000
20.33570 10.70000
20.31790 10.28000
20.30080 9.86000
20.27890 9.43000
20.26110 8.99000
20.24390 8.54000
20.22410 8.05000
20.20970 7.64000
20.19330 7.23000
20.18030 6.82000
20.16930 6.38000
20.15900 5.96000
20.15150 5.46000
20.14330 5.05000
20.13370 4.63000
20.12410 4.22000
20.11110 3.81000
20.09880 3.39000
20.08710 2.92000
20.07340 2.48000
20.06380 2.05000
20.05360 1.65000
20.04470 1.21000
20.03570 0.80000
20.02890 0.36000
20.02140 -0.07000
20.01590 -0.47000
20.01730 -0.88000
20.02480 -1.32000
20.03510 -1.77000
20.04600 -2.19000
20.05830 -2.59000
20.07410 -3.04000
20.09190 -3.47000
20.09940 -3.92000
20.10560 -4.34000
20.11590 -4.86000
20.12750 -5.36000
20.13640 -5.79000
20.14740 -6.22000
20.15630 -6.64000
20.16240 -7.06000
20.16720 -7.50000
20.17270 -7.92000
20.17890 -8.34000
20.18570 -8.74000
20.18980 -9.16000
20.19460 -9.60000
20.19670 -10.01000
20.19940 -10.46000
20.20220 -10.86000
20.20220 -11.27000
20.20150 -11.67000
20.19810 -12.08000
20.19460 -12.53000
20.18920 -12.93000
20.18160 -13.35000
20.16860 -13.77000
20.15420 -14.20000
20.14050 -14.63000
20.12340 -15.04000
20.10150 -15.45000
20.07340 -15.84000
20.04940 -16.26000
20.02820 -16.67000
20.01110 -17.07000
19.98920 -17.48000
19.96380 -17.90000
19.93510 -18.29000
19.90700 -18.62000
19.87620 -18.92000
19.84880 -19.31000
19.82340 -19.73000
19.80220 -20.14000
19.78240 -20.57000
19.76460 -20.98000
19.75020 -21.38000
19.73920 -21.79000
19.72550 -22.20000
19.71940 -22.62000
19.70910 -23.04000
19.70150 -23.46000
19.69610 -23.87000
19.68990 -24.28000
19.68510 -24.69000
19.67760 -25.12000
19.67140 -25.55000
19.66390 -25.97000
19.65570 -26.42000
19.65020 -26.83000
19.64740 -27.26000
19.64810 -27.70000
19.64880 -28.13000
19.65220 -28.54000
19.65500 -28.98000
19.65840 -29.39000
19.66180 -29.82000
19.66390 -30.25000
19.66590 -30.71000
19.66730 -31.17000
19.66800 -31.63000
19.66590 -32.04000
19.66390 -32.44000
19.66110 -32.88000
19.65770 -33.30000
19.65290 -33.73000
19.64950 -34.14000
19.64610 -34.54000
19.64400 -34.99000
19.64060 -35.45000
19.63850 -35.87000
19.63580 -36.31000
19.63310 -36.72000
19.62830 -37.13000
19.62210 -37.57000
19.61250 -38.02000
19.59810 -38.44000
19.57830 -38.85000
19.55090 -39.27000
19.52280 -39.68000
19.50000 -40.40000
19.45000 -40.90000
19.40000 -41.10000
19.35000 -41.70000
19.30000 -42.50000
19.25000 -43.50000
19.20000 -45.50000
19.15000 -46.50000
19.10000 -47.00000
19.05000 -47.50000
19.00000 -48.20000
18.95000 -48.50000
18.90000 -49.10000
18.85000 -49.30000
18.81183 -49.63230
18.77671 -50.02470
18.74453 -50.43172
18.70933 -50.82885
18.67487 -51.25564
18.64214 -51.72904
18.61137 -52.26735
18.57678 -52.75689
18.53825 -53.25407
18.49994 -53.69545
18.46126 -54.09248
18.42174 -54.47412
18.39309 -54.97417
18.37836 -55.43600
18.37481 -55.89236
18.37483 -56.35165
18.36970 -56.84023
18.36774 -57.28745
18.37987 -57.74584
18.39868 -58.17780
18.42079 -58.60400
18.43662 -59.02544
18.45029 -59.47323
18.46482 -59.88332
18.47984 -60.29973
18.48935 -60.72894
18.50039 -61.17189
18.51237 -61.58641
18.51973 -62.02144
18.52044 -62.49588
18.51935 -62.92803
18.52166 -63.36338
18.52436 -63.81350
18.52893 -64.23504
18.53250 -64.65620
18.54783 -65.06427
18.57037 -65.44711
18.61291 -65.81538
18.65546 -66.18070
18.70147 -66.53085
18.77452 -66.83477
18.84757 -67.11486
18.91695 -67.41843
18.97484 -67.75131
19.01105 -68.14140
19.03900 -68.53570
19.07063 -68.98132
19.09645 -69.34471
19.11658 -69.75035
19.12449 -70.16753
19.11930 -70.62155
19.09229 -71.11540
19.05957 -71.58845
18.99234 -71.91566
18.91877 -72.25703
18.84693 -72.57797
18.77184 -72.87651
18.68928 -73.13210
18.60663 -73.34586
18.52714 -73.54799
18.43440 -73.71696
18.34985 -73.84067
18.25833 -73.93447
18.16793 -74.04925
18.07824 -74.17771
17.98716 -74.30473
17.89654 -74.42259
17.80257 -74.54629
17.70776 -74.73001
17.61373 -75.09077
17.53432 -75.46605
17.44280 -75.82952
17.35723 -76.18262
17.26486 -76.57282
17.23094 -76.93868
17.18312 -77.30977
17.13300 -77.67076
17.08280 -78.02340
17.02901 -78.38071
16.97430 -78.73710
16.92031 -79.15724
16.87184 -79.51150
16.81734 -79.86124
16.76824 -80.20841
16.69811 -80.58613
16.61814 -80.96437
16.55514 -81.34351
16.50687 -81.73005
16.45865 -82.11079
16.39328 -82.47072
16.31082 -82.83508
16.20458 -83.21543
16.07503 -83.54531
15.96684 -83.87423
15.84654 -84.19746
15.75980 -84.55999
15.60352 -84.91044
15.42823 -85.19726
15.15199 -85.49841
14.87713 -85.74252
14.59053 -85.96419
14.26232 -86.13159
13.86656 -86.27249
13.48727 -86.41046
13.05968 -86.49302
12.61735 -86.52982
12.17716 -86.46693
11.77141 -86.38970
11.36918 -86.19520
11.01927 -86.01170
10.69112 -85.83286
10.39723 -85.61218
10.13101 -85.32448
9.89768 -84.99994
9.70658 -84.67153
9.54100 -84.36253
9.39006 -84.00174
9.24537 -83.67603
9.11680 -83.27289
9.00282 -82.86262
8.91394 -82.50529
8.82870 -82.11164
8.75930 -81.69914
8.69785 -81.31066
8.66773 -80.87722
8.66550 -80.38961
8.64681 -79.91872
8.64955 -79.43066
8.63244 -78.97949
8.61894 -78.51194
8.61913 -78.02053
8.66284 -77.54724
8.71425 -77.15018
8.77232 -76.81190
8.83912 -76.50453
8.90298 -76.19273
8.97262 -75.90957
9.03670 -75.61070
9.09962 -75.31275
9.16999 -75.04692
9.24360 -74.79612
9.30231 -74.50530
9.36263 -74.20346
9.40819 -73.85360
9.37348 -73.43932
9.31176 -73.10578
9.24621 -72.83537
9.17819 -72.58259
9.09071 -72.44258
8.98725 -72.38687
8.88683 -72.50045
8.80634 -72.71151
8.74254 -72.95332
8.67809 -73.19573
8.61268 -73.44970
8.53846 -73.67250
8.45337 -73.81108
8.35359 -73.88702
8.23813 -73.77108
8.15000 -73.51411
8.08078 -73.24921
8.01868 -72.95604
7.96361 -72.63581
7.91922 -72.30635
7.88195 -71.94162
7.85108 -71.58795
7.83567 -71.18554
7.82286 -70.76762
7.82432 -70.30158
7.82954 -69.82323
7.84010 -69.31792
7.84910 -68.85015
7.88344 -68.34457
7.92992 -67.93637
7.97492 -67.60655
8.02451 -67.33541
8.07058 -67.05011
8.11333 -66.72204
8.14572 -66.29398
8.16299 -65.72960
8.16084 -65.26422
8.14766 -64.82711
8.13235 -64.38987
8.11680 -63.97340
8.09515 -63.50696
8.07213 -63.02774
8.04613 -62.61145
8.01863 -62.21224
7.97842 -61.91057
7.91038 -61.78047
7.85861 -61.89856
7.80547 -61.97702
7.73189 -61.91255
7.68935 -61.60868
7.65326 -61.27885
7.61379 -60.95143
7.58241 -60.61126
7.54644 -60.24984
7.51385 -59.89349
7.48360 -59.54620
7.45684 -59.16660
7.43459 -58.77920
7.40862 -58.38537
7.39317 -57.96215
7.37224 -57.53852
7.34720 -57.11883
7.33128 -56.69341
7.31626 -56.25382
7.30687 -55.80178
7.29852 -55.34406
7.29442 -54.86852
7.29336 -54.36935
7.28854 -53.83274
7.31724 -53.31765
7.34432 -52.74087
7.36965 -52.15197
7.38582 -51.58472
7.39395 -51.03749
7.39533 -50.51687
7.39425 -49.99366
7.40014 -49.45317
7.36014 -49.25317
7.35000 -49.00000
7.33000 -48.50000
7.31000 -48.00000
7.29000 -47.20000
7.28000 -46.40000
7.26000 -46.10000
7.25000 -45.70000
7.23000 -45.50000
7.21000 -45.20000
7.19000 -44.80000
7.18000 -44.50000
7.17000 -44.10000
7.16000 -43.70000
7.15000 -43.40000
7.14000 -43.20000
7.12000 -43.10000
7.10000 -42.80000
7.09000 -42.70000
7.08000 -42.30000
7.07000 -42.10000
7.06000 -41.70000
7.05000 -41.50000
7.04000 -41.20000
7.03000 -40.50000
7.02000 -40.10000
7.01450 -39.58000
6.99660 -39.16000
6.97590 -38.75000
6.94830 -38.45000
6.92010 -38.27000
6.89260 -38.16000
6.86360 -38.10000
6.83610 -38.09000
6.80790 -38.11000
6.78030 -38.19000
6.75210 -38.22000
6.72310 -38.25000
6.69560 -38.22000
6.66460 -38.18000
6.63710 -38.11000
6.60670 -38.04000
6.57580 -37.90000
6.54750 -37.82000
6.51380 -37.78000
6.48480 -37.74000
6.45660 -37.65000
6.42770 -37.52000
6.39880 -37.39000
6.36910 -37.23000
6.33950 -37.09000
6.30920 -36.92000
6.28100 -36.72000
6.25280 -36.40000
6.23350 -35.98000
6.22040 -35.57000
6.21280 -35.14000
6.20520 -34.72000
6.20040 -34.30000
6.19770 -33.88000
6.19560 -33.46000
6.19830 -33.01000
6.20450 -32.55000
6.21070 -32.11000
6.22110 -31.66000
6.23420 -31.23000
6.24860 -30.81000
6.26450 -30.41000
6.28990 -30.00000
6.31960 -29.69000
6.34850 -29.49000
6.37670 -29.33000
6.40560 -29.23000
6.43530 -29.20000
6.46280 -29.20000
6.49450 -29.24000
6.52550 -29.32000
6.55510 -29.33000
6.58750 -29.40000
6.61570 -29.42000
6.64670 -29.50000
6.67910 -29.53000
6.70660 -29.56000
6.73480 -29.58000
6.76380 -29.61000
6.79750 -29.65000
6.83060 -29.68000
6.85810 -29.69000
6.88840 -29.64000
6.91940 -29.59000
6.94700 -29.43000
6.97590 -29.21000
7.00340 -29.01000
7.03030 -28.60000
7.03720 -28.19000
7.03240 -27.77000
7.01030 -27.32000
6.98690 -26.92000
6.95870 -26.50000
6.92910 -26.12000
6.90080 -25.80000
6.87120 -25.48000
6.84230 -25.15000
6.81400 -24.82000
6.78440 -24.39000
6.75480 -24.00000
6.72730 -23.80000
6.69770 -23.57000
6.66870 -23.30000
6.64120 -22.89000
6.62260 -22.48000
6.60260 -22.04000
6.58880 -21.63000
6.57510 -21.21000
6.55920 -20.78000
6.53650 -20.31000
6.52130 -19.90000
6.49860 -19.47000
6.47930 -19.07000
6.45250 -18.64000
6.42290 -18.24000
6.39120 -17.91000
6.36230 -17.67000
6.33330 -17.48000
6.30300 -17.29000
6.27550 -17.08000
6.24520 -16.84000
6.21760 -16.65000
6.19010 -16.50000
6.15980 -16.33000
6.13220 -16.22000
6.10330 -16.08000
6.07580 -15.92000
6.04680 -15.78000
6.01930 -15.62000
5.99660 -15.21000
6.00140 -14.76000
6.01720 -14.34000
6.03860 -13.94000
6.06680 -13.58000
6.09640 -13.37000
6.12400 -13.22000
6.15220 -13.10000
6.18110 -12.97000
6.21010 -12.84000
6.23900 -12.66000
6.26650 -12.49000
6.29680 -12.30000
6.32640 -12.08000
6.35470 -11.90000
6.38500 -11.75000
6.41250 -11.54000
6.44010 -11.31000
6.46350 -10.90000
6.45870 -10.50000
6.43040 -10.17000
6.40080 -9.95000
6.37260 -9.87000
6.33880 -9.82000
6.31130 -9.77000
6.28240 -9.61000
6.25280 -9.49000
6.22520 -9.32000
6.19770 -9.06000
6.16390 -8.66000
6.13500 -8.28000
6.12050 -7.88000
6.10880 -7.47000
6.09710 -7.04000
6.08820 -6.63000
6.08130 -6.23000
6.07020 -5.82000
6.05300 -5.39000
6.03100 -4.96000
6.00280 -4.60000
5.97520 -4.26000
5.94630 -3.96000
5.92290 -3.56000
5.91180 -3.14000
5.90360 -2.74000
5.89880 -2.32000
5.89880 -1.92000
5.89810 -1.50000
5.89940 -1.10000
5.90150 -0.69000
5.90150 -0.27000
5.90220 0.16000
5.90770 0.66000
5.91600 1.08000
5.92290 1.49000
5.93660 1.95000
5.95180 2.36000
5.96900 2.82000
5.98350 3.23000
5.98830 3.65000
5.99660 4.05000
6.00070 4.48000
6.00010 4.88000
5.99660 5.33000
5.97870 5.79000
5.95040 6.04000
5.92010 6.34000
5.88840 6.55000
5.86090 6.71000
5.83330 6.78000
5.80370 6.87000
5.77620 6.95000
5.74860 7.02000
5.72110 7.04000
5.69150 6.99000
5.66390 6.89000
5.63570 6.71000
5.61090 6.30000
5.61710 5.89000
5.63770 5.48000
5.66180 5.06000
5.68940 4.68000
5.66050 4.29000
5.63090 4.34000
5.60330 4.43000
5.57440 4.50000
5.54610 4.39000
5.52000 3.98000
5.51450 3.56000
5.51380 3.14000
5.51380 2.73000
5.51380 2.31000
5.51520 1.90000
5.52070 1.48000
5.52410 1.08000
5.53240 0.67000
5.54200 0.22000
5.55230 -0.20000
5.56470 -0.61000
5.57710 -1.04000
5.58330 -1.46000
5.57300 -1.88000
5.54480 -2.12000
5.51720 -2.14000
5.48900 -2.04000
5.46070 -1.62000
5.43800 -1.21000
5.40910 -0.81000
5.38770 -0.40000
5.37330 0.06000
5.35330 0.50000
5.33610 0.91000
5.32510 1.32000
5.31750 1.74000
5.31470 2.16000
5.31540 2.56000
5.31960 3.00000
5.32640 3.41000
5.33680 3.84000
5.34990 4.26000
5.36570 4.67000
5.38150 5.08000
5.40010 5.51000
5.42010 5.93000
5.44010 6.39000
5.46070 6.81000
5.47800 7.23000
5.49310 7.64000
5.50550 8.09000
5.51170 8.50000
5.51380 8.95000
5.51520 9.36000
5.50410 9.82000
5.49170 10.22000
5.47110 10.66000
5.44280 11.08000
5.41460 11.49000
5.38710 11.89000
5.35880 12.19000
5.33130 12.36000
5.30100 12.52000
5.27070 12.63000
5.24240 12.72000
5.21490 12.76000
5.18730 12.76000
5.15980 12.69000
5.12950 12.60000
5.10060 12.50000
5.07020 12.38000
5.04200 12.23000
5.01450 12.00000
4.98690 11.59000
4.96560 11.17000
4.93800 10.76000
4.90980 10.40000
4.88220 10.02000
4.85880 9.62000
4.83750 9.21000
4.80920 9.04000
4.77890 9.14000
4.75140 9.31000
4.72310 9.70000
4.71970 10.12000
4.72450 10.57000
4.73690 10.97000
4.75070 11.38000
4.76310 11.80000
4.78310 12.21000
4.80300 12.61000
4.81680 13.03000
4.82300 13.51000
4.82160 13.94000
4.81200 14.37000
4.79750 14.78000
4.76450 15.14000
4.73480 15.43000
4.70660 15.72000
4.67700 15.97000
4.64740 16.22000
4.61850 16.52000
4.59020 16.81000
4.55990 17.06000
4.52960 17.25000
4.49930 17.55000
4.47110 17.85000
4.44210 17.90000
4.41460 17.98000
4.38570 18.11000
4.35810 18.24000
4.32990 18.45000
4.30030 18.66000
4.27130 18.74000
4.23900 18.85000
4.21010 18.95000
4.18180 19.07000
4.15360 19.19000
4.12470 19.30000
4.09500 19.43000
4.06540 19.58000
4.03720 19.81000
4.00960 20.06000
3.99600 20.28000
3.98300 20.53000
3.98000 21.08000
3.98400 21.58000
3.99000 22.18000
4.00010 22.58000
4.01380 23.02000
4.03650 23.46000
4.05790 23.86000
4.07440 24.28000
4.08750 24.68000
4.11020 25.09000
4.13020 25.51000
4.14530 25.92000
4.15980 26.35000
4.17700 26.77000
4.19830 27.21000
4.22660 27.58000
4.25480 27.94000
4.28240 28.28000
4.30920 28.69000
4.33330 29.10000
4.35540 29.52000
4.38090 29.93000
4.40910 30.19000
4.43800 30.38000
4.46560 30.62000
4.49450 30.88000
4.52480 31.09000
4.55230 31.27000
4.57990 31.57000
4.59920 32.02000
4.61160 32.45000
4.60740 32.88000
4.57990 33.27000
4.54610 33.30000
4.51720 33.30000
4.48480 33.33000
4.45450 33.32000
4.42630 33.30000
4.39530 33.25000
4.36500 33.19000
4.33680 33.09000
4.30720 32.95000
4.27890 32.79000
4.24790 32.58000
4.21900 32.28000
4.19150 31.95000
4.16870 31.54000
4.13980 31.15000
4.10950 30.82000
4.08130 30.67000
4.05230 30.60000
4.02480 30.61000
3.98920 30.75000
3.96550 30.85000
3.93840 30.50000
3.91130 30.24000
3.88290 30.07000
3.85440 29.96000
3.82740 29.88000
3.79960 29.80000
3.77250 29.76000
3.74540 29.75000
3.71830 29.74000
3.69060 29.80000
3.66220 29.94000
3.63370 30.13000
3.60460 30.31000
3.57620 30.56000
3.54910 30.93000
3.52200 31.33000
3.49760 31.76000
3.46990 32.13000
3.44280 32.49000
3.41980 32.89000
3.40280 33.30000
3.38590 33.80000
3.37370 34.21000
3.36430 34.64000
3.35340 35.05000
3.34600 35.46000
3.33850 35.90000
3.33310 36.36000
3.32500 36.79000
3.31750 37.19000
3.30260 37.61000
3.28570 38.03000
3.26680 38.46000
3.24640 38.92000
3.21730 39.18000
3.18620 39.38000
3.15910 39.50000
3.13200 39.45000
3.10490 39.32000
3.07790 38.98000
3.06360 38.56000
3.05620 38.15000
3.05280 37.75000
3.05150 37.34000
3.04670 36.93000
3.03110 36.52000
3.00410 36.44000
2.97630 36.55000
2.95130 36.95000
2.92280 37.37000
2.89510 37.73000
2.86730 38.03000
2.83680 38.20000
2.80970 38.29000
2.78000 38.30000
2.75080 38.35000
2.72110 38.44000
2.69400 38.56000
2.66350 38.75000
2.63510 38.92000
2.60800 39.09000
2.57890 39.39000
2.55310 39.80000
2.52610 40.03000
2.49700 40.20000
2.46920 40.34000
2.44210 40.67000
2.41770 41.09000
2.40490 41.51000
2.39610 41.92000
2.38790 42.35000
2.37910 42.75000
2.36760 43.18000
2.35070 43.58000
2.32160 43.91000
2.29320 43.91000
2.26540 43.84000
2.23830 43.69000
2.22000 43.29000
2.20650 42.87000
2.19970 42.46000
2.19570 42.06000
2.19090 41.66000
2.18690 41.22000
2.18280 40.79000
2.17740 40.39000
2.17130 39.96000
2.16380 39.54000
2.15710 39.13000
2.14960 38.69000
2.13950 38.28000
2.12860 37.88000
2.10900 37.48000
2.08190 37.19000
2.05480 37.04000
2.02780 36.90000
2.00070 36.84000
1.97220 36.98000
1.94580 37.41000
1.92760 37.83000
1.92150 38.23000
1.91810 38.64000
1.92080 39.06000
1.93360 39.46000
1.94850 39.87000
1.97220 40.28000
1.99190 40.69000
2.00810 41.10000
2.02570 41.52000
2.04130 41.92000
2.05350 42.35000
2.06500 42.77000
2.06570 43.17000
2.06030 43.59000
2.05080 44.03000
2.03450 44.45000
2.01420 44.85000
1.98710 45.21000
1.95670 45.40000
1.92820 45.49000
1.89910 45.46000
1.86870 45.42000
1.84020 45.33000
1.81310 45.17000
1.78610 44.95000
1.75630 44.66000
1.73390 44.26000
1.72040 43.83000
1.71160 43.43000
1.70280 43.01000
1.69670 42.60000
1.69190 42.18000
1.68580 41.74000
1.68250 41.32000
1.67500 40.92000
1.65810 40.52000
1.63100 40.19000
1.60320 39.93000
1.57410 39.76000
1.54710 39.69000
1.52000 39.72000
1.49290 39.97000
1.47260 40.38000
1.46510 40.80000
1.46720 41.20000
1.47190 41.61000
1.47460 42.03000
1.47260 42.44000
1.46040 42.86000
1.43810 43.26000
1.41100 43.63000
1.38320 43.93000
1.35610 44.23000
1.32700 44.42000
1.29860 44.55000
1.26880 44.61000
1.24040 44.66000
1.21060 44.70000
1.18080 44.79000
1.15370 44.95000
1.12660 45.13000
1.09820 45.25000
1.06770 45.36000
1.03860 45.39000
1.01150 45.38000
0.98440 45.05000
0.95940 44.65000
0.93230 44.39000
0.90450 44.22000
0.87410 44.23000
0.84560 44.23000
0.81790 44.55000
0.79820 44.95000
0.77590 45.35000
0.75220 45.77000
0.73190 46.18000
0.71430 46.58000
0.68720 46.88000
0.65940 47.22000
0.63240 47.51000
0.60390 47.59000
0.57410 47.53000
0.54640 47.40000
0.51930 47.21000
0.49220 46.91000
0.47330 46.50000
0.45900 46.09000
0.45500 45.68000
0.45900 45.26000
0.46990 44.82000
0.46450 45.23000
0.48610 44.81000
0.50440 44.40000
0.52060 43.95000
0.54500 43.51000
0.56330 43.11000
0.57820 42.70000
0.58560 42.30000
0.57680 41.89000
0.55860 41.40000
0.53150 41.15000
0.50240 41.08000
0.47460 41.02000
0.44690 41.09000
0.41840 41.23000
0.38930 41.35000
0.36150 41.54000
0.33450 41.83000
0.30740 42.21000
0.27960 42.55000
0.25190 42.78000
0.22340 42.96000
0.19630 43.14000
0.16860 43.25000
0.14010 43.38000
0.11310 43.46000
0.08530 43.48000
0.05750 43.44000
0.02980 43.38000
0.00300 43.29000
0.00100 43.29000