 6 45  8.9 -16 42 58 -1.46 A1 a  CMA Sirius
 6 23 57.2 -52 41 44 -0.72 F0 a  CAR Canopus
14 15 39.6 +19 10 57 -0.04 K1 a  BOO Arcturus
14 39 36.2 -60 50  7 -0.01 G2 a1 CEN Rigel Kentaurus
18 36 56.2 +38 47  1  0.03 A0 a  LYR Vega
 5 16 41.3 +45 59 53  0.08 G5 a  AUR Capella
 5 14 32.2  -8 12  6  0.12 B8 b  ORI Rigel
 7 39 18.1  +5 13 30  0.38 F5 a  CMI Procyon
 1 37 42.9 -57 14 12  0.46 B3 a  ERI Achernar
 5 55 10.3  +7 24 25  0.50 M1 a  ORI Betelgeuse
14  3 49.4 -60 22 22  0.61 B1 b  CEN Agena
19 50 46.9  +8 52  6  0.77 A7 a  AQL Altair
 4 35 55.2 +16 30 33  0.85 K5 a  TAU Aldebaran
16 29 24.4 -26 25 55  0.96 M1 a  SCO Antares
13 25 11.5 -11  9 41  0.98 B1 a  VIR Spica
 7 45 18.9 +28  1 34  1.14 K0 b  GEM Pollux
22 57 39.0 -29 37 20  1.16 A3 a  PSA Fomalhaut
12 47 43.3 -59 41 19  1.25 B0 b  CRU Becrux
20 41 25.8 +45 16 49  1.25 A2 a  CYG Deneb
14 39 36.2 -60 50  7  1.33 K1 a2 CEN
10  8 22.3 +11 58  2  1.35 B7 a  LEO Regulus
 6 58 37.5 -28 58 20  1.50 B2 e  CMA Adara
12 26 35.9 -63  5 56  1.58 B0 a1 CRU Acrux
 7 34 35.9 +31 53 18  1.59 A1 a  GEM Castor
12 31  9.9 -57  6 47  1.63 M3 g  CRU Gacrux
17 33 36.4 -37  6 13  1.63 B2 l  SCO Shaula
 5 25  7.8  +6 20 59  1.64 B2 g  ORI Bellatrix
 5 26 17.5 +28 36 27  1.65 B7 b  TAU Alnath
 9 13 12.1 -69 43  2  1.68 A2 b  CAR Miaplacidus
 5 36 12.7  -1 12  7  1.70 B0 e  ORI Alnilam
22  8 13.9 -46 57 40  1.74 B7 a  GRU Alnair
12 54  1.7 +55 57 35  1.77 A0 e  UMA Alioth
 8  9 31.9 -47 20 12  1.78 WC g2 VEL Suhail Al Muhlif
 3 24 19.3 +49 51 41  1.79 F5 a  PER Mirphak
11  3 43.6 +61 45  3  1.79 K0 a  UMA Dubhe
 7  8 23.4 -26 23 35  1.84 F8 d  CMA Wezen
18 24 10.3 -34 23  5  1.85 B9 e  SGR Kaus Australis
 8 22 30.8 -59 30 34  1.86 K3 e  CAR Avior
13 47 32.3 +49 18 48  1.86 B3 h  UMA Alkaid
17 37 19.0 -42 59 52  1.87 F1 q  SCO Sargas
 5 59 31.7 +44 56 51  1.90 A2 b  AUR Menkalinan
16 48 39.9 -69  1 40  1.92 K2 a  TRA
 6 37 42.7 +16 23 57  1.93 A0 g  GEM Alhena
20 25 38.8 -56 44  7  1.94 B2 a  PAV Peacock
 8 44 42.2 -54 42 30  1.96 A1 d  VEL
 6 22 41.9 -17 57 22  1.98 B1 b  CMA Murzim
 9 27 35.2  -8 39 31  1.98 K3 a  HYA Alphard
 2  7 10.3 +23 27 45  2.00 K2 a  ARI Hamal
 2 31 50.5 +89 15 51  2.02 F7 a  UMI Polaris
18 55 15.8 -26 17 48  2.02 B2 s  SGR Nunki
 0 43 35.3 -17 59 12  2.04 K0 b  CET Diphda
 5 40 45.5  -1 56 34  2.05 O9 z  ORI Alnitak
 0  8 23.2 +29  5 26  2.06 B8 a  AND Alpheratz
 1  9 43.9 +35 37 14  2.06 M0 b  AND Mirach
 5 47 45.3  -9 40 11  2.06 B0 k  ORI Saiph
14  6 40.8 -36 22 12  2.06 K0 q  CEN Menkent
14 50 42.2 +74  9 20  2.08 K4 b  UMI Kocab
17 34 56.0 +12 33 36  2.08 A5 a  OPH Rasalhague
12 26 36.5 -63  5 58  2.09 B1 a2 CRU
22 42 40.0 -46 53  5  2.10 M5 b  GRU
 3  8 10.1 +40 57 21  2.12 B8 b  PER Algol
11 49  3.5 +14 34 19  2.14 A3 b  LEO Denebola
12 41 30.9 -48 57 34  2.17 A1 g  CEN
20 22 13.6 +40 15 24  2.20 F8 g  CYG Sadr
 9  7 59.7 -43 25 57  2.21 K4 l  VEL Alsuhail
 0 40 30.4 +56 32 15  2.23 K0 a  CAS Shedir
 5 32  0.3  -0 17 57  2.23 B0 d  ORI Mintaka
15 34 41.2 +26 42 53  2.23 A0 a  CRB Alphekka
17 56 36.3 +51 29 20  2.23 K5 g  DRA Etamin
 8  3 35.0 -40  0 11  2.25 O5 z  PUP Naos
 9 17  5.4 -59 16 31  2.25 A8 i  CAR Turais
 2  3 53.9 +42 19 47  2.26 K3 g1 AND Almaak
 0  9 10.6 +59  8 59  2.27 F2 b  CAS Caph
13 23 55.5 +54 55 31  2.27 A1 z  UMA Mizar
16 50  9.7 -34 17 36  2.29 K2 e  SCO
13 39 53.2 -53 27 59  2.30 B1 e  CEN
14 41 55.7 -47 23 17  2.30 B1 a  LUP
14 35 30.3 -42  9 28  2.31 B1 h  CEN
16  0 19.9 -22 37 18  2.32 B0 d  SCO Dschubba
11  1 50.4 +56 22 56  2.37 A1 b  UMA Merak
 0 26 17.0 -42 18 22  2.39 K0 a  PHE Ankaa
21 44 11.1  +9 52 30  2.39 K2 e  PEG Enif
17 42 29.1 -39  1 48  2.41 B1 k  SCO
23  3 46.4 +28  4 58  2.42 M2 b  PEG Scheat
17 10 22.6 -15 43 29  2.43 A2 h  OPH Sabik
11 53 49.8 +53 41 41  2.44 A0 g  UMA Phad
21 18 34.7 +62 35  8  2.44 A7 a  CEP Alderamin
 7 24  5.6 -29 18 11  2.45 B5 h  CMA Aludra
20 46 12.6 +33 58 13  2.46 K0 e  CYG Gienah
 0 56 42.4 +60 43  0  2.47 B0 g  CAS
23  4 45.6 +15 12 19  2.49 B9 a  PEG Markab
 9 22  6.8 -55  0 38  2.50 B2 k  VEL
 3  2 16.7  +4  5 23  2.53 M1 a  CET Menkar
13 55 32.3 -47 17 18  2.55 B2 z  CEN
11 14  6.4 +20 31 25  2.56 A4 d  LEO Zosma
16 37  9.4 -10 34  2  2.56 09 z  OPH
 5 32 43.7 -17 49 20  2.58 F0 a  LEP Arneb
12 15 48.3 -17 32 31  2.59 B8 g  CRV Gienah Ghurab
12  8 21.5 -50 43 20  2.60 B2 d  CEN
19  2 36.6 -29 52 49  2.60 A2 z  SGR Ascella
10 19 58.3 +19 50 30  2.61 K1 g1 LEO Algieba
15 17  0.3  -9 22 59  2.61 B8 b  LIB Zuben Elschemali
 5 59 43.2 +37 12 45  2.62 A0 q  AUR
16  5 26.1 -19 48 19  2.62 B1 b1 SCO Graffias
 1 54 38.3 +20 48 29  2.64 A5 b  ARI Sharatan
 5 39 38.9 -34  4 27  2.64 B7 a  COL Phaet
12 34 23.2 -23 23 48  2.65 G5 b  CRV Kraz
15 44 16.0  +6 25 32  2.65 K2 a  SER Unukalhai
 1 25 48.9 +60 14  7  2.68 A5 d  CAS Ruchbah
13 54 41.0 +18 23 52  2.68 G0 h  BOO Mufrid
14 58 31.8 -43  8  2  2.68 B2 b  LUP
 4 56 59.6 +33  9 58  2.69 K3 i  AUR Hassaleh
10 46 46.1 -49 25 12  2.69 G5 m  VEL
12 37 11.0 -69  8  8  2.69 B2 a  MUS
17 30 45.7 -37 17 45  2.69 B2 u  SCO Lesath
 7 17  8.5 -37  5 51  2.70 K3 p  PUP
14 44 59.1 +27  4 27  2.70 K0 e  BOO Izar
18 20 59.6 -29 49 41  2.70 K3 d  SGR Kaus Meridionalis
19 46 15.5 +10 36 48  2.72 K3 g  AQL Tarazed
16 14 20.6  -3 41 40  2.74 M0 d  OPH Yed Prior
16 23 59.3 +61 30 51  2.74 G8 h  DRA
13 20 35.7 -36 42 44  2.75 A2 i  CEN
14 50 52.6 -16  2 31  2.75 A3 a2 LIB Zuben Elgenubi
10 42 57.4 -64 23 40  2.76 B0 q  CAR
 5 35 25.9  -5 54 36  2.77 O9 i  ORI Nair Al Saif
16 30 13.1 +21 29 22  2.77 G7 b  HER Kornephoros
17 43 28.3  +4 34  2  2.77 K2 b  OPH Cebalrai
15 35  8.3 -41 10  0  2.78 B2 g  LUP
 5  7 50.9  -5  5 11  2.79 A3 b  ERI Cursa
17 30 25.8 +52 18  5  2.79 G2 b  DRA Rastaban
 0 25 45.3 -77 15 16  2.80 G2 b  HYI
12 15  8.6 -58 44 56  2.80 B2 d  CRU
 8  7 32.6 -24 18 15  2.81 F6 r  PUP
16 41 17.1 +31 36 10  2.81 G0 z  HER
18 27 58.1 -25 25 18  2.81 K1 l  SGR Kaus Borealis
16 35 52.9 -28 12 58  2.82 B0 t  SCO
 0 13 14.1 +15 11  1  2.83 B2 g  PEG Algenib
13  2 10.5 +10 57 33  2.83 G8 e  VIR Vindemiatrix
 5 28 14.7 -20 45 34  2.84 G5 b  LEP Nihal
 3 54  7.9 +31 53  1  2.85 B1 z  PER
15 55  8.4 -63 25 50  2.85 F2 b  TRA
17 25 17.9 -55 31 47  2.85 K3 b  ARA
 1 58 46.2 -61 34 12  2.86 F0 a  HYI
22 18 30.1 -60 15 35  2.86 K3 a  TUC
 3 47 29.0 +24  6 18  2.87 B7 h  TAU Alcyone
19 44 58.4 +45  7 51  2.87 B9 d  CYG
21 47  2.3 -16  7 38  2.87 Am d  CAP Deneb Algedi
 6 22 57.6 +22 30 49  2.88 M3 m  GEM Tejat Posterior
 3 57 51.2 +40  0 37  2.89 B0 e  PER
15 18 54.6 -68 40 46  2.89 A1 g  TRA
15 58 51.0 -26  6 51  2.89 B1 p  SCO
16 21 11.2 -25 35 34  2.89 B2 s  SCO Alniyat
19  9 45.7 -21  1 25  2.89 F2 p  SGR Albaldah
 7 27  9.0  +8 17 21  2.90 B8 b  CMI Gomeisa
12 56  1.6 +38 19  6  2.90 A0 a2 CVN Cor Caroli
21 31 33.4  -5 34 16  2.91 G0 b  AQR Sadalsuud
 3  4 47.7 +53 30 23  2.93 G8 g  PER
 6 49 56.1 -50 36 53  2.93 K1 t  PUP
22 43  0.1 +30 13 17  2.94 G2 h  PEG Matar
 3 58  1.7 -13 30 31  2.95 M0 g  ERI Zaurak
12 29 51.8 -16 30 56  2.95 B9 d  CRV Algorab
17 31 50.4 -49 52 34  2.95 B2 a  ARA
 9 47  6.1 -65  4 18  2.96 A8 u  CAR
22  5 46.9  -0 19 11  2.96 G2 a  AQR Sadalmelik
 6 43 55.9 +25  7 52  2.98 G8 e  GEM Mebsuta
 9 45 51.0 +23 46 27  2.98 G1 e  LEO Ras Elased Australis
 5  1 58.1 +43 49 24  2.99 F0 e  AUR Al Anz
18  5 48.4 -30 25 27  2.99 K0 g2 SGR Nash
19  5 24.5 +13 51 48  2.99 A0 z  AQL
 2  9 32.5 +34 59 14  3.00 A5 b  TRI
 5 37 38.6 +21  8 33  3.00 B4 z  TAU
12 10  7.4 -22 37 11  3.00 K2 e  CRV Minkar
13 18 55.2 -23 10 18  3.00 G8 g  HYA
 3 42 55.4 +47 47 15  3.01 B5 d  PER
11  9 39.7 +44 29 54  3.01 K1 y  UMA
21 53 55.6 -37 21 54  3.01 B8 g  GRU
 6 20 18.7 -30  3 48  3.02 B2 z  CMA Furud
 7  3  1.4 -23 50  0  3.02 B3 o2 CMA
14 32  4.6 +38 18 29  3.03 A7 g  BOO Seginus
17 47 35.0 -40  7 37  3.03 F2 i1 SCO
 2 19 20.7  -2 58 39  3.04 M7 o  CET Mira
13 49 36.9 -42 28 26  3.04 B2 m  CEN
10 22 19.7 +41 29 58  3.05 M0 m  UMA Tania Australis
12 46 16.9 -68  6 29  3.05 B2 b  MUS
15 20 43.6 +71 50  2  3.05 A3 g  UMI Pherkad
19 12 33.1 +67 39 42  3.07 G9 d  DRA Nodus Secundus
16 51 52.1 -38  2 51  3.08 B1 m1 SCO
19 30 43.2 +27 57 35  3.08 K3 b1 CYG Albireo
20 21  0.6 -14 46 53  3.08 F8 b  CAP Dabih
 8 55 23.6  +5 56 44  3.11 G9 z  HYA
10 49 37.4 -16 11 37  3.11 K2 n  HYA
18 17 37.5 -36 45 42  3.11 M3 h  SGR
20 37 34.0 -47 17 29  3.11 K0 a  IND
 5 50 57.5 -35 46  6  3.12 K2 b  COL Wezn
 9 21  3.2 +34 23 33  3.13 K7 a  LYN
 9 31 13.3 -57  2  4  3.13 K5  N VEL
11 35 46.8 -63  1 11  3.13 B9 l  CEN
14 59  9.6 -42  6 15  3.13 B2 k  CEN
16 58 37.1 -55 59 24  3.13 K3 z  ARA
 8 59 12.4 +48  2 30  3.14 A7 i  UMA Talitha
17 15  1.8 +24 50 21  3.14 A3 d  HER Sarin
17 15  2.7 +36 48 33  3.16 K3 p  HER
 5  6 30.8 +41 14  4  3.17 B3 h  AUR Hoedus Ii
 6 37 45.6 -43 11 45  3.17 B8 n  PUP
 9 32 51.3 +51 40 38  3.17 F6 q  UMA
17  8 47.1 +65 42 53  3.17 B6 z  DRA Aldhibah
18 45 39.3 -26 59 27  3.17 B8 f  SGR
 4 49 50.3  +6 57 41  3.19 F6 p3 ORI Tabit
 5  5 27.6 -22 22 16  3.19 K5 e  LEP
14 42 30.3 -64 58 31  3.19 Ap a  CIR
16 57 40.0  +9 22 30  3.20 K2 k  OPH
21 12 56.1 +30 13 37  3.20 G8 z  CYG
23 39 20.8 +77 37 57  3.21 K1 g  CEP Alrai
15 21 22.2 -40 38 52  3.22 B1 d  LUP
20 11 18.2  -0 49 17  3.23 B9 q  AQL
21 28 39.5 +70 33 39  3.23 B1 b  CEP Alfirk
 3 47 14.5 -74 14 21  3.24 M2 g  HYI
16 18 19.2  -4 41 33  3.24 G9 e  OPH Yed Posterior
18 58 56.5 +32 41 22  3.24 B9 g  LYR Sulafat
 7 29 13.8 -43 18  5  3.25 K5 s  PUP
18 21 18.5  -2 53 56  3.26 K2 h  SER
 0 39 19.6 +30 51 40  3.27 K3 d  AND
 4 33 59.8 -55  2 42  3.27 A0 a  DOR
 6 48 11.4 -61 56 29  3.27 A7 a  PIC
14  6 22.2 -26 40 56  3.27 K2 p  HYA
17 22  0.5 -24 59 58  3.27 B2 q  OPH
22 54 38.9 -15 49 15  3.27 A3 d  AQR Skat
 6 14 52.6 +22 30 24  3.28 M3 h  GEM Propus
15  4  4.1 -25 16 55  3.29 M3 s  LIB Brachium
15 24 55.6 +58 57 57  3.29 K2 i  DRA Ed Asich
 1  6  5.0 -46 43  8  3.31 G8 b  PHE
 5 12 55.8 -16 12 20  3.31 B9 m  LEP
12 15 25.5 +57  1 57  3.31 A3 d  UMA Megrez
10 13 44.3 -70  2 16  3.32 B8 w  CAR
10 32  1.4 -61 41  7  3.32 B4 PP CAR
19  6 56.3 -27 40 14  3.32 K1 t  SGR
17 12  9.1 -43 14 21  3.33 F3 h  SCO
 7 49 17.6 -24 51 35  3.34 G3 x  PUP Azmidiske
11 14 14.3 +15 25 46  3.34 A2 q  LEO Chort
17 25 23.5 -56 22 39  3.34 B1 g  ARA
17 59  1.5  -9 46 25  3.34 K0 n  OPH
 4 14 25.5 -62 28 26  3.35 G8 a  RET
22 10 51.2 +58 12  5  3.35 K1 z  CEP
 5 24 28.6  -2 23 49  3.36 B1 h  ORI
 6 45 17.3 +12 53 44  3.36 F5 x  GEM Alzirr
 8 30 15.8 +60 43  5  3.36 G5 o  UMA Muscida
19 25 29.8  +3  6 53  3.36 F3 d  AQL
13 34 41.5  -0 35 46  3.37 A3 z  VIR Heze
15 22 40.8 -44 41 22  3.37 B2 e  LUP
 1 54 23.6 +63 40 13  3.38 B3 e  CAS Segin
 8 46 46.5  +6 25  8  3.38 G5 e  HYA
12 55 36.1  +3 23 51  3.38 M3 d  VIR Auva
 3  5 10.5 +38 50 25  3.39 M4 r  PER Gorgonea Tertia
 4 28 39.7 +15 52 15  3.40 A7 q2 TAU
22 41 27.6 +10 49 53  3.40 B8 z  PEG Homam
 1 28 21.9 -43 19  6  3.41 M0 g  PHE
 1 53  4.8 +29 34 44  3.41 F6 a  TRI Metallah
13 49 30.2 -41 41 16  3.41 B2 n  CEN
15 12 17.0 -52  5 57  3.41 G8 z  LUP
16  0  7.2 -38 23 49  3.41 B2 h  LUP
 2 58 15.6 -40 18 17  3.42 A4 q1 ERI Acamar
17 46 27.5 +27 43 15  3.42 G5 m  HER
20 44 57.4 -66 12 11  3.42 A7 b  PAV
20 45 17.3 +61 50 20  3.43 K0 h  CEP
 0 49  6.0 +57 48 58  3.44 G0 h  CAS Achird
10 16 41.3 +23 25  2  3.44 F0 z  LEO Adhafera
19  6 14.8  -4 52 57  3.44 B9 l  AQL
 1  8 35.3 -10 10 56  3.45 K1 h  CET Deneb Algenubi
10 17  5.7 +42 54 52  3.45 A2 l  UMA Tania Borealis
18 50  4.7 +33 21 46  3.45 B7 b  LYR Sheliak
 2 43 18.0  +3 14  9  3.47 A3 g  CET Kaffaljidhma
 4  0 40.8 +12 29 25  3.47 B3 l  TAU
 7  1 43.1 -27 56  6  3.47 K7 s  CMA
 7 56 46.7 -52 58 56  3.47 B3 c  CAR
15 15 30.1 +33 18 53  3.47 G8 d  BOO
19 58 45.3 +19 29 32  3.47 M0 g  SGE
11 18 28.7 +33  5 39  3.48 K3 n  UMA Alula Borealis
17 14 38.8 +14 23 25  3.48 M5 a1 HER Rasalgethi
22 50  0.1 +24 36  6  3.48 G8 m  PEG
22 48 33.2 -51 19  1  3.49 A3 e  GRU
 1 44  4.0 -15 56 15  3.50 G8 t  CET
15  1 56.6 +40 23 26  3.50 G8 b  BOO Nekkar
18 26 58.3 -45 58  6  3.51 B3 a  TEL
18 57 43.7 -21  6 24  3.51 K1 x2 SGR
 8 16 30.9  +9 11  8  3.52 K4 b  CNC Altarf
 9 41  9.0  +9 53 32  3.52 A5 o  LEO Subra
10  7 19.9 +16 45 45  3.52 A0 h  LEO
22 49 40.7 +66 12  2  3.52 K0 i  CEP
 4 28 36.9 +19 10 49  3.53 G9 e  TAU Ain
 7 20  7.3 +21 58 56  3.53 F2 d  GEM Wasat
15 49 37.1  -3 25 49  3.53 A0 m  SER
16 42 53.7 +38 55 20  3.53 G8 h  HER
22 10 11.9  +6 11 52  3.53 A2 q  PEG Baham
 3 43 14.8  -9 45 48  3.54 K0 d  ERI Rana
 9 56 51.7 -54 34  4  3.54 B5 f  VEL
11 33  0.1 -31 51 27  3.54 G7 x  HYA
17 37 35.1 -15 23 55  3.54 F0 x  SER
 5 46 57.3 -14 49 19  3.55 A3 z  LEP
14 19 24.1 -46  3 28  3.55 B2 i  LUP
 0 19 25.6  -8 49 26  3.56 K1 i  CET Deneb Kaitos Shemali
 2 16 30.6 -51 30 44  3.56 B8 f  ERI
 4 17 53.6 -33 47 54  3.56 B9 u4 ERI
11 19 20.4 -14 46 43  3.56 G8 d  CRT
15 21 48.3 -36 15 41  3.56 K5 f1 LUP
20  8 43.2 -66 10 56  3.56 G6 d  PAV
 1 37 59.5 +48 37 42  3.57 K3 51 AND
 7 44 26.8 +24 23 53  3.57 G8 k  GEM
16 52 20.0 -38  1  3  3.57 B2 m2 SCO
18 21  3.2 +72 43 58  3.57 F7 c  DRA
20 18  3.2 -12 32 42  3.57 G8 a2 CAP Secunda Giedi
 7 18  5.5 +16 32 25  3.58 A3 l  GEM
14 31 49.7 +30 22 17  3.58 K3 r  BOO
15 37  1.4 -28  8  6  3.58 K3 u  LIB
12 21 21.5 -60 24  4  3.59 K3 e  CRU
 1 24  1.3  -8 11  1  3.60 K0 q  CET
 3 24 48.7  +9  1 44  3.60 G6 o  TAU
 5 17 36.3  -6 50 40  3.60 B5 t  ORI
 5 44 27.8 -22 26 54  3.60 F6 g  LEP
 6 52 47.3 +33 57 40  3.60 A3 q  GEM
 9  3 37.5 +47  9 24  3.60 A1 k  UMA
 9 30 41.9 -40 28  0  3.60 F3 y  VEL
10 10 35.2 -12 21 15  3.61 K0 l  HYA
11 50 41.6  +1 45 53  3.61 F9 b  VIR Zavijah
 1 31 28.9 +15 20 45  3.62 G7 h  PSC
 8 40 17.6 -52 55 19  3.62 B3 o  VEL
13  2 16.3 -71 32 56  3.62 K2 d  MUS
16 54 34.9 -42 21 41  3.62 K4 z2 SCO
17 31  5.9 -60 41  1  3.62 B8 d  ARA
17 45 43.9 -64 43 26  3.62 K2 h  PAV
23  1 55.2 +42 19 34  3.62 B6 o  AND
 2 49 59.0 +27 15 38  3.63 B8 41 ARI
 3 49  9.7 +24  3 12  3.63 B8 27 TAU Atlas
20 37 32.9 +14 35 43  3.63 F5 b  DEL Rotanev
11 45 36.4 -66 43 43  3.64 A7 l  MUS
 4 19 47.5 +15 37 39  3.65 K0 g  TAU Hyadum I
12 41 39.5  -1 26 58  3.65 F0 g  VIR Porrima
14  4 23.2 +64 22 33  3.65 A0 a  DRA Thuban
20 54 48.5 -58 27 15  3.65 K1 b  IND
 0 36 58.2 +53 53 49  3.66 B2 z  CAS
 5 35  8.2  +9 56  3  3.66 O8 l  ORI Meissa
15 38 39.3 -29 46 40  3.66 B2 t  LIB
18  6 37.7 -50  5 30  3.66 B2 q  ARA
23  9 26.7 -21 10 21  3.66 K1 88 AQR
 9 31 31.7 +63  3 43  3.67 F0 23 UMA
15 46 11.2 +15 25 18  3.67 A2 b  SER
 8 43 35.5 -33 11 11  3.68 B1 a  PYX
12 41 39.5  -1 26 58  3.68 F0 g  VIR
15 27 49.7 +29  6 20  3.68 F0 b  CRB Nusakan
21 40  5.4 -16 39 45  3.68 F0 g  CAP Nashira
 3 19 30.9 -21 45 28  3.69 M3 t4 ERI
 4 51 12.3  +5 36 18  3.69 B2 p4 ORI
23 17  9.9  +3 16 56  3.69 K0 g  PSC
 1 55 57.4 -51 36 32  3.70 G8 c  ERI
 3 44 52.5 +24  6 48  3.70 B6 17 TAU Electra
17 57 45.8 +29 14 52  3.70 G8 x  HER
 5 56 24.2 -14 10  4  3.71 F1 h  LEP
11 46  3.0 +47 46 46  3.71 K2 c  UMA
15 50 48.9  +4 28 40  3.71 A2 e  SER
19 55 18.7  +6 24 24  3.71 G8 b  AQL Alshain
 4 54 15.0  +2 26 26  3.72 B3 p5 ORI
 5 59 31.6 +54 17  5  3.72 K0 d  AUR
14 46 14.9  +1 53 34  3.72 A0    VIR
21  4 55.8 +43 55 40  3.72 K4 x  CYG
21 14 47.4 +38  2 44  3.72 F2 t  CYG
 1 51 27.5 -10 20  6  3.73 K0 z  CET Baten Kaitos
 3 32 55.8  -9 27 30  3.73 K2 e  ERI
18  7 20.9  +9 33 50  3.73 A4 72 OPH
 3 27 10.1  +9 43 58  3.74 B9 x  TAU
21 26 39.9 -22 24 41  3.74 G4 z  CAP
22 52 36.8  -7 34 47  3.74 M2 l  AQR
 5  2 28.6 +41  4 33  3.75 K4 z  AUR Haedi
16 21 55.1 +19  9 11  3.75 A9 g  HER
17 47 53.5  +2 42 26  3.75 A0 g  OPH
17 53 31.6 +56 52 21  3.75 K2 x  DRA Grumium
22 29 10.2 +58 24 55  3.75 F5 d  CEP
 2 50 41.8 +55 53 44  3.76 M3 h  PER Miram
 4 22 56.0 +17 32 33  3.76 K0 d1 TAU Hyadum Ii
 5 33 37.5 -62 29 24  3.76 F6 b  DOR
16 49 47.0 -59  2 29  3.76 K5 h  ARA
21 41 28.6 -77 23 24  3.76 K0 n  OCT
22  7  0.6 +25 20 42  3.76 F5 i  PEG
 3 45 11.6 +42 34 43  3.77 F5 n  PER
 8 25 44.3 -66  8 13  3.77 K1 b  VOL
19  4 40.9 -21 44 30  3.77 G8 o  SGR
19 17  6.0 +53 22  7  3.77 G9 k  CYG
20 39 38.2 +15 54 43  3.77 B9 a  DEL Sualocin
20 47 40.5  -9 29 45  3.77 A1 e  AQR Albali
22 31 17.4 +50 16 57  3.77 A1 a  LAC
 7  8 45.0 -70 29 57  3.78 K0 g2 VOL
 7  4  6.5 +20 34 13  3.79 F7 z  GEM Mekbuda
 7 25 43.5 +27 47 53  3.79 G9 i  GEM
19 29 42.2 +51 43 47  3.79 A5 i2 CYG
20 13 37.8 +46 44 29  3.79 K2 31 CYG
 3  9 29.7 +44 51 27  3.80 K0 k  PER
 9 50 59.3 +59  2 19  3.80 F2 u  UMA
10 19 58.6 +19 50 25  3.80 G7 g2 LEO
15 34 48.0 +10 32 15  3.80 F0 d  SER
15 34 48.1 +10 32 21  3.80 F0 d  SER
17 39 27.8 +46  0 23  3.80 B3 i  HER
 5 38 44.7  -2 36  0  3.81 O9 s  ORI
 5 51 19.2 -20 52 45  3.81 G8 d  LEP
10 26  5.4 -16 50 11  3.81 K4 m  HYA
 4 35 33.0 -30 33 45  3.82 G8 u2 ERI Theemim
 9 18 50.6 +36 48  9  3.82 A3 38 LYN
16 30 54.7  +1 59  2  3.82 A0 l  OPH Marfic
19 47 23.2 +18 32  3  3.82 M2 d  SGE
23 37 33.8 +46 27 30  3.82 G8 l  AND
 3 44 19.1 +32 17 18  3.83 B1 o  PER Atik
10 53 18.6 +34 12 53  3.83 K0 46 LMI Praecipua
13 58 16.2 -42  6  3  3.83 B2 f  CEN
14 47 51.6 -79  2 41  3.83 K2 a  APS
18  7 32.5 +28 45 45  3.83 B9 o  HER
19 48 10.3 +70 16  4  3.83 G7 e  DRA Tyl
 4 28 34.4 +15 57 44  3.84 K0 q1 TAU
 1 31 24.2 +69 19 52  3.84 M0 l  DRA Gianfar
15 42 44.5 +26 17 44  3.84 B9 g  CRB
18 23 41.8 +21 46 11  3.84 K2    HER
22 21 39.3  -1 23 14  3.84 A0 g  AQR Sadalachbia
 3 44 12.0 -64 48 26  3.85 K1 b  RET
 5 47 17.1 -51  3 59  3.85 A5 b  PIC
 6 22  6.7 -33 26 11  3.85 G7 d  COL
 7 14 48.6 -26 46 22  3.85 B2 w  CMA
15 56 27.1 +15 39 42  3.85 F6 g  SER
16 15 26.2 -63 41  8  3.85 G2 d  TRA
18 35 12.3  -8 14 39  3.85 K3 a  SCT
 4 14  0.1 -42 17 40  3.86 K1 a  HOR
12 37 42.1 -48 32 28  3.86 A2 t  CEN
17 56 15.1 +37 15  2  3.86 K1 q  HER
18 13 45.7 -21  3 32  3.86 B8 m  SGR
 0 56 45.1 +38 29 58  3.87 A5 m  AND
 3 12  4.2 -28 59 14  3.87 F8 a  FOR Fornacis
 3 45 49.5 +24 22  4  3.87 B8 20 TAU Maia
 4 38 10.7 -14 18 15  3.87 K2 53 ERI Sceptrum
 5 31 12.7 -35 28 14  3.87 K1 e  COL
 6 54  7.8 -24 11  2  3.87 K2 o1 CMA
12 32 28.0 -72  7 58  3.87 B5 g  MUS
12 33 28.9 +69 47 17  3.87 B6 k  DRA
13 58 40.7 -44 48 13  3.87 B2 u1 CEN
15 11 56.0 -48 44 16  3.87 B9 k1 LUP
 0  9 24.6 -45 44 51  3.88 K0 e  PHE
 9 14 21.8  +2 18 51  3.88 B9 q  HYA
 9 52 45.8 +26  0 25  3.88 K2 m  LEO Ras Elased Borealis
14 43  3.5  -5 39 30  3.88 F2 m  VIR Rijl Al Awwa
15 56 53.0 -29 12 50  3.88 B2 r  SCO
 2 56 25.6  -8 53 53  3.89 K1 h  ERI Azha
11 21  0.4 -54 29 27  3.89 B5 p  CEN
12 19 54.3  -0 40  0  3.89 A2 h  VIR Zaniah
16 19 44.3 +46 18 48  3.89 B5 t  HER
16 33 27.1 -78 53 49  3.89 G8 g  APS
19 56 18.3 +35  5  0  3.89 K0 h  CYG
19 52 28.3  +1  0 20  3.90 F6 h  AQL
23 10 21.5 -45 14 48  3.90 K1 i  GRU
 4  3  9.3  +5 59 22  3.91 A1 n  TAU
 9 39 51.3  -1  8 34  3.91 K2 i  HYA
12 28  2.3 -50 13 51  3.91 B2 s  CEN
15 35 31.5 -14 47 22  3.91 G8 g  LIB Zuben Elakrab
 1  8 23.0 -55 14 45  3.92 B6 z  PHE
17  0 17.3 +30 55 35  3.92 A0 e  HER
21 15 49.3  +5 14 52  3.92 G0 a  EQU Kitalpha
 4 36 19.1  -3 21  9  3.93 B2 n  ERI
 7 41 14.8  -9 33  4  3.93 K0 a  MON
19 21 40.3 -17 50 50  3.93 F0 r1 SGR
 0 26 12.1 -43 40 48  3.94 A7 k  PHE
 8 44 41.0 +18  9 15  3.94 K0 d  CNC Asellus Australis
11 23 55.4 +10 31 45  3.94 F4 i  LEO
20 57 10.3 +41 10  2  3.94 A1 n  CYG
 1 31 15.0 -49  4 22  3.95 K0 d  PHE
 2 54 15.4 +52 45 45  3.95 G4 t  PER
 6 36 41.0 -19 15 22  3.95 K1 n2 CMA
 7 41 49.3 -72 36 22  3.95 K0 z  VOL
13 23 56.3 +54 55 18  3.95 A1 z  UMA
15 50 57.4 -33 37 38  3.95 B9 c  LUP
22 46 31.8 +23 33 56  3.95 G8 l  PEG
 4 24  2.1 -34  1  1  3.96 K4 43 ERI
 5 59  8.7 -42 48 55  3.96 K0 h  COL
 6 49 50.4 -32 30 31  3.96 B1 k  CMA
 7 43 48.4 -28 57 18  3.96 A2  3 PUP
12 11 39.1 -52 22  6  3.96 B3 r  CEN
16  6 48.3 -20 40  9  3.96 B1 w1 SCO
20  0 35.4 -72 54 38  3.96 A0 e  PAV
 5 51 29.3 +39  8 55  3.97 K0 n  AUR
 8 40  6.2 -35 18 29  3.97 G7 b  PYX
 8  0 38.6  +2 55 53  3.97 B5 67 OPH
19 23 53.0 -40 36 58  3.97 B8 a  SGR Rukbat
22 29 16.1 -43 29 45  3.97 G6 d1 GRU
23 22 58.1 -20  6  2  3.97 K0 98 AQR
 2  3 26.0 +72 25 17  3.98 A2 50 CAS
 6 14 51.3  -6 16 29  3.98 K3 g  MON
 7 16 49.8 -67 57 27  3.98 F6 d  VOL
20 15 28.2 +47 42 52  3.98 K3 32 CYG
23 17 25.7 -58 14  8  3.99 F1 g  TUC
 2  0  0.2 -21  4 40  4.00 M0 u  CET
 2 53 52.8 -49 53 25  4.00 M7  R HOR
 9  2 26.9 -66 23 46  4.00 A2 a  VOL
 2 17 18.8 +33 50 50  4.01 A1 g  TRI
 8 50 31.9 -27 42 36  4.01 K3 g  PYX
13 25 13.4 +54 59 17  4.01 A5 80 UMA Alcor
16  1 53.2 +58 33 55  4.01 F8 q  DRA
16 11 59.6 -19 27 38  4.01 B3 n  SCO Jabbah
18 43  2.1 -71 25 42  4.01 K0 z  PAV
19 22 38.2 -44 27 32  4.01 B9 b1 SGR Arkab Prior
20 29 23.6 +30 22  7  4.01 F5 41 CYG
22 49 35.4 -13 35 33  4.01 M0 t2 AQR
23 59 18.6  +6 51 48  4.01 F4 w  PSC
 4 45 30.1  -3 15 17  4.02 B5 m  ERI
 8 46 41.8 +28 45 36  4.02 G7 i  CNC
12  8 24.7 -24 43 44  4.02 F2 a  CRV Alchiba
16 19 50.3 -50  9 20  4.02 G8 g2 NOR
18 59 37.3 +15  4  6  4.02 K1 e  AQL Deneb El Okab
19  1 40.7  -5 44 20  4.02 K1 12 AQL
21 33 58.8 +45 35 31  4.02 G8 r  CYG
22 35 21.3  -0  7  3  4.02 B9 h  AQR
 5  3 25.1 +60 26 32  4.03 G0 b  CAM
11 45 51.5  +6 31 46  4.03 M1 n  VIR
12 54 35.6 -57 10 40  4.03 B2 m1 CRU
18  5 27.2  +2 29 58  4.03 K0 70 OPH
20 33 12.7 +11 18 12  4.03 B6 e  DEL Deneb Dulfim
 3 58 57.8 +35 47 28  4.04 O7 x  PER Menkib
 4  8 39.6 +47 42 45  4.04 B3 MX PER
 4 11 51.9  -6 50 16  4.04 F2 o1 ERI Beid
12 18 26.1 -64  0 11  4.04 B2 z  CRU
18 55 20.0 +43 56 46  4.04 M5  R LYR
 3  9  4.0 +49 36 48  4.05 G0 i  PER
11 21  8.1  +6  1 46  4.05 B9 s  LEO
14 20 33.3 -37 53  7  4.05 A0 y  CEN
14 25 11.7 +51 51  3  4.05 F7 q  BOO Asellus Primus
14 37 53.1 -49 25 32  4.05 B5 r  LUP
 0 47 20.3 +24 16  2  4.06 K1 z  AND
 7 35 55.3 +26 53 44  4.06 M0 u  GEM
16 59 35.0 -53  9 38  4.06 K4 e1 ARA
 1 43 39.6 +50 41 20  4.07 B2 f  PER
 2 39 28.9  +0 19 43  4.07 B2 d  CET
 4 56 22.2 +13 30 52  4.07 K2 o2 ORI
 6 54 11.3 -12  2 19  4.07 K4 q  CMA
 8 18 31.7 -76 55 11  4.07 F5 a  CHA
 3 49 28.5 +15 47 52  4.07 K5 u  BOO
15 17 30.8 -58 48  4  4.07 A3 b  CIR
21  5 56.7 -17 13 58  4.07 A1 q  CAP
 0 59 46.4 -18 17 56  4.08 K0 a  CRT Alkes
11 24 52.8 -17 41  3  4.08 A5 g  CRT
14 16  0.8  -6  0  2  4.08 F6 i  VIR Syrma
21 22  5.1 +19 48 16  4.08 K1  1 PEG
21 43 30.3 +58 46 48  4.08 M2 m  CEP Garnet Star
 1 36 47.8 +41 24 20  4.09 F8 u  AND
 2 21 45.1 -68 39 34  4.09 A3 d  HYI
 3  2 23.5 -23 37 28  4.09 A4 t3 ERI
 5 36 54.3  +9 17 26  4.09 K0 f2 ORI
15 48 44.3 +18  8 29  4.09 M0 k  SER
 2 39 35.5 -68 16  1  4.11 B9 e  HYI
 2 40 40.0 -39 51 19  4.11 K0 i  ERI
 3 30 52.3 +12 56 12  4.11 K0  5 TAU
 0 35 28.1 -78 36 27  4.11 M0 g  CHA
 2 17 34.2 -67 57 38  4.11 M5 e  MUS
15 36 43.1 -66 19  2  4.11 K1 e  TRA
19  9 28.2 -37 54 16  4.11 A2 a  CRA Alfecca Meridiana
19 10  1.6 -39 20 27  4.11 K0 b  CRA
20 51 49.2 -26 55  9  4.11 K5 w  CAP
22 29 45.4 -43 44 58  4.11 M4 d2 GRU
 2 44 11.9 +49 13 43  4.12 F8 q  PER
 6  2 23.0  +9 38 51  4.12 A2 m  ORI
 7  3 45.4 -15 38  0  4.12 B8 g  CMA Muliphen
 9 51 28.6 -14 50 48  4.12 G7 u1 HYA
12  5 12.5  +8 43 59  4.12 G8 o  VIR
23  0 52.8 -52 45 15  4.12 G8 z  GRU
18 28 49.8 -49  4 15  4.13 G8 z  TEL
19 55 15.5 -41 52  6  4.13 K0 i  SGR
21 44 38.6 +25 38 42  4.13 F5 k  PEG
22 15 58.1 +37 44 56  4.13 K3  1 LAC
23 39 57.0  +5 37 35  4.13 F7 i  PSC
 4 14 53.8 +48 24 34  4.14 G0 m  PER
 5 23 56.8  -7 48 29  4.14 G8 29 ORI
 5 32 55.7 +31 21 32  4.14 B6 q  CRB
20 46  5.6 -25 16 16  4.14 F4 y  CAP
23 40 24.4 +44 20  2  4.14 B9 k  AND
 6 28 57.7 +20 12 43  4.15 B6 n  GEM
 7 11 51.8  -0 29 34  4.15 A2 d  MON
12  6 52.8 -64 36 49  4.15 F2 h  CRU
15 53 49.4 -16 43 46  4.15 G8 q  LIB
15 57 35.2 +26 52 40  4.15 K2 e  CRB
22 46  3.3 -81 22 54  4.15 A9 b  OCT
 0 32 59.9 +62 55 55  4.16 B1 k  CAS
 6  4  7.2 +23 15 48  4.16 G7  1 GEM
 8 37 39.3  +5 42 13  4.16 A1 d  HYA
 2 16 49.9  -7 47  0  4.16 G8 q  AQR Ancha
 7 26 22.1 -24 10 31  4.17 A3 44 OPH
22 40 39.3 -27  2 37  4.17 B8 e  PSA
 3 46 19.5 +23 56 54  4.18 B6 23 TAU Merope
 7 29  6.6 +31 47  4  4.18 F0 r  GEM
14 16 22.9 +46  5 18  4.18 A0 l  BOO
13 49 26.6 -34 27  2  4.19 M5  2 CEN
14 12 53.7 -10 16 25  4.19 K3 k  VIR
18 45 39.6 +20 32 47  4.19 F6    HER
22 15  1.9 +57  2 37  4.19 F0 e  CEP
22 46 41.5 +12 10 22  4.19 F6 x  PEG
 5 30 47.0  +5 56 53  4.20 B5 32 ORI
 7 56 51.5 -22 52 49  4.20 F7 11 PUP
16 34  6.1 +42 26 13  4.20 B9 s  HER
 5 40 45.5  -1 56 34  4.21 B0 z  ORI
10 27 52.9 +36 42 26  4.21 G9 b  LMI
22 55 56.8 -32 32 23  4.21 G8 d  PSA
23 15 53.4  -9  5 16  4.21 K0 y1 AQR
 4 25 22.1 +22 17 38  4.22 A7 k1 TAU
18 20 45.3 +71 20 16  4.22 A0 f  DRA
18 47 10.4  -4 44 53  4.22 G5 b  SCT
18 52 12.9 -62 11 16  4.22 B2 l  PAV
20 29 34.8 +62 59 39  4.22 A7 q  CEP
20 45 39.6 +30 43 11  4.22 K0 52 CYG
21 26 26.7 -65 21 59  4.22 F6 g  PAV
23 14 19.3  -6  2 56  4.22 M1 f  AQR
 0 20  4.2 -64 52 30  4.23 F9 z  TUC
 2 50 34.9 +38 19  7  4.23 F2 16 PER
 3 36 29.3 +48 11 34  4.23 B5 y  PER
 3 46 50.8 -23 14 59  4.23 F3 t6 ERI
13 45 41.2 -33  2 37  4.23 F3  1 CEN
16  6 35.4 -36 48  8  4.23 B2 q  LUP
 6 45 57.8 +82  2 14  4.23 G5 e  UMI
19 50 33.8 +32 54 51  4.23 S6 c  CYG
21 17 24.9 +39 23 41  4.23 B9 s  CYG
21 46 47.5 +49 18 35  4.23 B3 p2 CYG
 6 43  4.4 -77 31  3  4.24 K0 b  APS
20 17 38.8 -12 30 30  4.24 G3 a1 CAP Prima Giedi
 1  9 30.1 +47 14 31  4.25 B7 f  AND
 2 26 59.1 -47 42 14  4.25 B5 k  ERI
 2 44  7.3 -13 51 32  4.25 B7 p  CET
 4 16  1.6 -51 29 12  4.25 F4 g  DOR
 4 35 39.2 +10  9 39  4.25 A5 88 TAU
 4 36 41.3 +41 15 53  4.25 K4 58 PER
 8 22 50.1 +43 11 17  4.25 K4 31 LYN Alsciaukat
 8 58 29.2 +11 51 28  4.25 A5 a  CNC Acubens
10 27  9.1 -31  4  4  4.25 K4 a  ANT
14 27 31.4 +75 41 45  4.25 K4  5 UMI
 1 45 23.6  +9  9 28  4.26 G8 o  PSC Torcularis
 5 59 56.1 +45 56 13  4.26 M3 p  AUR
12 18 20.7 -79 18 43  4.26 B5 b  CHA
12 33 44.5 +41 21 27  4.26 G0 b  CVN Chara
13 11 52.3 +27 52 41  4.26 G0 b  COM
14  1 38.7  +1 32 40  4.26 A3 t  VIR
16  8 46.1 +44 56  6  4.26 B9 f  HER
17 41 24.8 -12 52 31  4.26 A2 o  SER
 2 44 56.5 +10  6 51  4.27 F0 m  CET
 3 33 47.2 -21 37 59  4.27 B8 t5 ERI
 4 38  9.4 +12 30 39  4.27 A6 90 TAU
 5  9  8.7  -8 45 15  4.27 B2 l  ERI
 8  9 29.2 -47 20 44  4.27 B1 g1 VEL
 3  6 54.5 -49 54 22  4.27 B1 x2 CEN
15 18 31.9 -47 52 30  4.27 B8 m  LUP
20 46 39.4 +16  7 27  4.27 K1 g2 DEL
22  6 26.1 -13 52 11  4.27 B9 i  AQR
 1  2 56.5  +7 53 24  4.28 K0 e  PSC
 2 28  9.5  +8 27 36  4.28 B9 x2 CET
 3 36 52.3  +0 24  6  4.28 F9 10 TAU
 4 26 18.4 +22 48 49  4.28 A8 u  TAU
 4 42 14.6 +22 57 25  4.28 B3 t  TAU
 7 43 18.7 +28 53  0  4.28 K1 s  GEM
 1 52 54.5 -33 54 28  4.28 B9 b  HYA
16 31  8.2 -16 36 46  4.28 G8 f  OPH
21 22 14.7 -16 50  5  4.28 G8 i  CAP
23  6 52.7 -43 31 14  4.28 F5 q  GRU
23 27 58.0  +6 22 44  4.28 K1 q  PSC
 4  6 35.0 +50 21  5  4.29 A0 l  PER
 4 15 32.0  +8 53 32  4.29 B3 m  TAU
 4 25 29.3 +17 55 41  4.29 A2 d3 TAU
 4 54  3.0 +66 20 34  4.29 O9 a  CAM
 5 19 34.4 -13 10 37  4.29 B0 l  LEP
 7 27 21.2 -29 52  1  4.29 F5 45 OPH
 9 23 13.1 -44 47 59  4.29 F2 b2 SGR Arkab Posterior
21 45 26.8 +61  7 15  4.29 A2 n  CEP
22  3 47.3 +64 37 41  4.29 A3 x  CEP Alkurhah
22  9 59.2 +33 10 42  4.29 F5 p2 PEG
22 31 30.3 -32 20 46  4.29 A0 b  PSA
23 38  8.1 +43 16  5  4.29 B8 i  AND
 3 45 12.4 +24 28  2  4.30 B6 19 TAU Taygeta
 8 43 13.4  +3 23 55  4.30 B3 h  HYA
11 36 56.9  -0 49 26  4.30 G8 u  LEO
18 54 30.1 +36 53 56  4.30 M4 d2 LYR
20 13 23.8 +56 34  4  4.30 A3 33 CYG
 0 58 36.3 -29 21 28  4.31 B7 a  SCL
 9 31 43.1 +22 58  4  4.31 K5 l  LEO Alterf
12 32  4.1 -16 11 46  4.31 F2 h  CRV
15 24 29.3 +37 22 38  4.31 F0 m1 BOO Alkalurops
 4 40 26.4 -19 40 18  4.32 M4 DM ERI
 7 28  9.7  +8 55 32  4.32 K3 g  CMI
 8 46 22.5 -13 32 52  4.32 G8 12 HYA
 4 26 54.8 -83 40  4  4.32 K2 d  OCT
14 51 38.3 -43 34 31  4.32 B5 o  LUP
15 44  3.3 +77 47 40  4.32 A3 z  UMI
16  7 24.2 -20 52  7  4.32 G3 w2 SCO
20 38 20.2  -1  6 19  4.32 G8 71 AQL
 1 11  6.1 +55  9  0  4.33 A7 q  CAS Marfak
 2  2  2.7  +2 45 49  4.33 A0 a  PSC Alrisha
 6 31 51.3 -23 25  6  4.33 B0 x1 CMA
 2  3  1.5 -63 18 46  4.33 Am q1 CRU
 5 38  3.1 -42 34  2  4.33 K4 w  LUP
17 20 49.5 -12 50 48  4.33 A2 n  SER
18 19 51.6 +36  3 52  4.33 K2 k  LYR
 8  8 35.6  -2 59  2  4.34 G2 z  MON
 4  1 43.3 -45 36 12  4.34 F6 u2 CEN
15 17 49.7 -30  8 55  4.34 G9  2 LUP
17 26 30.8  +4  8 25  4.34 K2 s  OPH
21 44 30.6 +17 21  0  4.34 G5  9 PEG
21 44 56.7 -33  1 33  4.34 A0 i  PSA
 3 11 37.7 +19 43 36  4.35 K2 d  ARI Botein
 5 44 46.5 -65 44  8  4.35 A7 d  DOR
 6 15 22.6 +29 29 53  4.35 G8 k  AUR
 6 57 16.5 +58 25 21  4.35 G5 15 LYN
 8  7 55.9 -68 37  2  4.35 B6 e  VOL
 8 20 38.7 -77 29  4  4.35 K1 q  CHA
 4 26 10.7 -45 22 46  4.35 A7 t2 LUP
18  8 34.7 -63 40  6  4.35 A7 p  PAV
 0 36 52.8 +33 43 10  4.36 B5 p  AND
 0 43 21.2 -57 27 47  4.36 A0 h  PHE
 3 30 34.4 +47 59 43  4.36 K3 s  PER
 4  4 41.7 +22  4 55  4.36 K0 37 TAU
 4 50 36.7  +8 54  1  4.36 A1 p2 ORI
 5 13 13.8 -12 56 30  4.36 B9 k  LEP
 5 57 32.2 -35 17  0  4.36 B2 g  COL
 8 48 25.9  +5 50 16  4.36 A0 r  HYA
12 26 56.2 +28 16  6  4.36 K2 g  COM
14  6  2.7 -41 10 46  4.36 B2 c  CEN
17 32 12.5 +86 35 11  4.36 A1 d  UMI Yildun
18  8 45.4 +20 48 52  4.36 B2    HER
18 23 13.5 -61 29 38  4.36 K4 x  PAV
18 44 46.3 +37 36 18  4.36 Am z1 LYR
18 47  1.2 +18 10 53  4.36 A5    HER
19 16 22.0 +38  8  1  4.36 K0 q  LYR
19 36 43.2  -1 17 11  4.36 B5 i  AQL
22 29 31.8 +47 42 25  4.36 M0  5 LAC
 0 31 32.7 -62 57 30  4.37 B9 b1 TUC
 0 38 33.3 +29 18 43  4.37 G8 e  AND
 2 12 59.9  +8 50 48  4.37 G6 x1 CET
 6 16 33.0 -35  8 26  4.37 K0 k  COL
 6 56  8.1 -17  3 15  4.37 B3 i  CMA
10  7 54.2  +9 59 51  4.37 K3 31 LEO
19 40  5.7 +18  0 50  4.37 G1 a  SGE Sham
19 41  2.9 +17 28 33  4.37 G8 b  SGE
19 59 44.1 -35 16 35  4.37 B3 q1 SGR
23 32 58.2 -37 49  7  4.37 B9 b  SCL
 5 32 12.7 +18 35 39  4.38 M2 CE TAU
13  9 56.9  -5 32 20  4.38 A1 q  VIR
16 54  0.4 +10  9 55  4.38 B8 i  OPH
 4 52 53.6  -5 27 10  4.39 F4 w  ERI
 7 21  0.1 -21  6 46  4.39 F1 x  OPH
19 13 45.4 +39  8 46  4.39 B2 h  LYR Aladfar
20  8 53.2 +77 42 41  4.39 B9 k  CEP
21 19 51.9 -53 26 59  4.39 A5 q  IND
23 17 54.1  -9 10 57  4.39 B5 y2 AQR
23 26  2.7 -20 38 31  4.39 K5 99 AQR
 7 18 42.4 -24 57 15  4.40 O9 t  CMA
 8  9  1.5 -19 14 42  4.40 B5 16 PUP
15  2 54.0  +2  5 28  4.40 K0    VIR
21 57 55.0 -54 59 34  4.40 F0 d  IND
23 25 22.7 +23 24 15  4.40 F8 u  PEG
 0  1 57.5  -6  0 51  4.41 M3 YY PSC
 1 53 38.7 -46 18 10  4.41 M4 y  PHE
 5 34 49.2  +9 29 22  4.41 B0 f1 ORI
 5 54 22.9 +20 16 34  4.41 G0 c1 ORI
 7 11  8.3 +30 14 43  4.41 K2 t  GEM
 7 58 14.3 -49 14 42  4.41 B1  V PUP
11 18 10.9 +31 31 45  4.41 G0 x  UMA Alula Australis
14 50 17.2 -27 57 37  4.41 K4 58 HYA
17 30 44.2 +26  6 38  4.41 K3 l  HER Maasym
17 58 30.1 +30 11 22  4.41 F2 n  HER
23  7 53.8 +75 23 16  4.41 G2 p  CEP
23 18 49.4 -32 31 55  4.41 K1 g  SCL
 0 57 12.4 +23 25  4  4.42 G8 h  AND
 2 58 16.2 -40 18 16  4.42 A1 q2 ERI
 3 46  8.4 -12  6  6  4.42 M2 p  ERI
 6  7 34.3 +14 46  6  4.42 B3 n  ORI
11  2 19.7 +20 10 47  4.42 A1 60 LEO
 4 32 36.8 -50 27 25  4.42 B2 s  LUP
16 27  1.3 -18 27 23  4.42 B2 c  OPH
20 47 44.1  -5  1 40  4.42 M3 EN AQR
22 28 50.0  -0  1 12  4.42 F3 z2 AQR
 0 48 40.9  +7 35  6  4.43 K5 d  PSC
 4 15 16.3  -7 39 10  4.43 K1 o2 ERI Keid
 6 37 53.3 -18 14 15  4.43 K1 n3 CMA
14 41  8.8 +13 43 42  4.43 A2 z  BOO
15 46 26.5  +7 21 11  4.43 G0 l  SER
20 23 51.5 +32 11 25  4.43 K3 39 CYG
20 43 27.5 +15  4 28  4.43 A7 d  DEL
21 17 55.0 +34 53 49  4.43 B2 u  CYG
22 23 33.5 +52 13 45  4.43 G8 b  LAC
 0 14 38.3 -18 55 58  4.44 M3 AE CET
 1 41 25.8  +5 29 15  4.44 K3 n  PSC
 4 16 28.9 -59 18  7  4.44 K2 e  RET
 6 23 46.0  +4 35 34  4.44 A5 e  MON
 8 38 45.4  +3 20 29  4.44 K2 s  HYA Al Minliar Al Shuja
18 56 57.0 -67 14  1  4.44 F5 k  PAV
19 28 42.2 +24 39 54  4.44 M0 a  VUL Anser
 4 40 33.6 -41 51 50  4.45 F2 a  CAE
 5 12 17.8 -11 52  9  4.45 B8 i  LEP
 8 11 21.5 -39 37  7  4.45 K3 NS PUP
 0 45 46.6 -80 32 24  4.45 B2 d2 CHA
16 32  8.0 -21 27 59  4.45 A7 w  OPH
18  1 45.1  +1 18 19  4.45 A2 68 OPH
19 15 32.8 +73 21 20  4.45 K3 t  DRA
19 34  5.3  +7 22 44  4.45 K3 m  AQL
 2 49  5.4 -32 24 22  4.46 G8 b  FOR
 5 13 17.4  +2 51 40  4.46 K3 r  ORI
 9 24 39.2 +26 10 56  4.46 K2 k  LEO Al Minliar Al Asad
 4 34 40.7 +29 44 42  4.46 F2 s  BOO
22  6  6.8 -39 32 36  4.46 K3 l  GRU
22 40 30.8 +44 16 35  4.46 K3 11 LAC
22 52 31.5 -32 52 32  4.46 A0 g  PSA
 2 45  6.1 -18 34 21  4.47 F6 t1 ERI
 3 49 31.2 +65 31 34  4.47 M2 BE CAM
 4 57 17.1 +53 45  8  4.47 A1  7 CAM
 4 58 32.8  +1 42 51  4.47 K2 p6 ORI
 6 47 51.6  +2 24 44  4.47 K0 18 MON
11 16 39.6  -3 39  6  4.47 A7 f  LEO
 6 27 11.0 -47 33 18  4.47 B4 e  NOR
23  6 40.8 -23 44 35  4.47 G9 86 AQR
 6 11 56.4 +14 12 31  4.48 B3 x  ORI
 6 19 37.3 +59  0 39  4.48 A2 UZ LYN
 6 28 10.1 -32 34 49  4.48 B4 l  CMA
 9  8 52.2 +51 36 16  4.48 Am 15 UMA
10  7 25.7 +35 14 41  4.48 A7 21 LMI
11 11 39.4 -22 49 33  4.48 A2 b  CRT
19 36 26.4 +50 13 16  4.48 F4 q  CYG
22 27 20.0 -64 58  0  4.48 B9 d  TUC
 4 26 20.7 +15 37  6  4.49 F0 71 TAU
 6 43 59.2 +13 13 40  4.49 K0 30 GEM
 0  7 56.2  -0 22 18  4.49 A0 a  SEX
14 57 10.9  -4 20 47  4.49 F0 16 LIB
21 14 28.8 +10  0 25  4.49 F5 d  EQU
 3 42 43.2 -14 32 42  4.49 B9 w2 AQR
 6 32 54.2  +7 19 58  4.50 A0 13 MON
 7 48  5.1 -25 56 14  4.50 B0 o  PUP
 9 34 49.4 +52  3  5  4.50 A2 26 UMA
 0 55 36.7 +24 44 59  4.50 A1 54 LEO
13 47 15.7 +17 27 24  4.50 F6 t  BOO
16 24  6.1 -20  2 15  4.50 K0 y  OPH
21  7  7.6 -25  0 21  4.50 M0 24 CAP
22  8 22.9 -32 59 19  4.50 A2 m  PSA
23 42  2.7  +1 46 48  4.50 A7 l  PSC
23 59 55.0 -65 34 38  4.50 B9 e  TUC
 1 11 39.6 +30  5 23  4.51 K0 t  PSC
 2 47 54.5 +29 14 50  4.51 K1 39 ARI
 4  0 53.8 -62  9 34  4.51 M4 g  RET
 4 33 30.6 -29 46  0  4.51 K0 u1 ERI
 5 49 49.6 -56 10  0  4.51 K1 g  PIC
 9 29 14.7 -35 57  6  4.51 K3 e  ANT
15 23 22.6 -59 19 15  4.51 B5 g  CIR
20  2 48.9 +67 52 25  4.51 K3 r  DRA
20 44  2.2 -51 55 16  4.51 A7 h  IND
 1  9 35.5 -11 22 18  4.51 G8 n  AQR
21 28 43.3 -21 48 26  4.51 G5 36 CAP
22 30 29.1 +43  7 25  4.51 B2  6 LAC
 0 18 19.6 +36 47  7  4.52 A2 s  AND
 2 29  3.9 +67 24  9  4.52 A5 i  CAS
 5 49 10.4 +39 10 52  4.52 G8 t  AUR
 4 19  6.5 -13 22 16  4.52 A2 l  VIR
15 41 33.0 +19 40 13  4.52 A1 i  SER
17 23 40.9 +37  8 45  4.52 B9 r  HER
19 56 56.7 -27 10 12  4.52 K3 59 SGR Terebellum
20 15 46.0 +27 48 51  4.52 K3 23 VUL
23  7  0.2  +9 24 34  4.52 M1 55 PEG
23 12 32.9 +49 24 23  4.52 F0  7 AND
 0 49 48.8 +41  4 44  4.53 B5 n  AND
 2 51 30.8 +35  3 35  4.53 K7 17 PER
 1 47 59.1 +20 13  8  4.53 A7 93 LEO
 8 11 13.7 -45 57 15  4.53 K0 e  TEL
20 47 24.4 +36 29 27  4.53 B5 l  CYG
23  3 52.5  +3 49 12  4.53 B6 b  PSC Fum Al Samakah
 0 31 33.6 -62 57 57  4.54 A2 b2 TUC
 0 44 43.5 +48 17  4  4.54 B5 o  CAS
 2  1 57.3 +70 54 26  4.54 A3 48 CAS
 5 18 10.6 +33 22 18  4.54 K3 16 AUR
 6 35  3.3 -22 57 53  4.54 A0 x2 CMA
 7 29 47.7 +12  0 24  4.54 K1  6 CMI
14 13 28.9 +51 47 24  4.54 A8 k2 BOO Asellus Tertius
15  4 26.7 +26 56 51  4.54 K2 y  BOO
15 12 13.2 -19 47 30  4.54 A0 i1 LIB
15 23  9.2 -36 51 30  4.54 B4 f2 LUP
 7 47 33.5 -27 49 51  4.54 F7  X SGR
23 54 23.0 +57 29 58  4.54 G2 r  CAS
 0  3 44.3 -17 20 10  4.55 B9  2 CET
 5  4 24.3 -35 29  0  4.55 K3 g1 CAE
 9 34 13.3 +36 23 51  4.55 G8 10 LMI
14 51 23.2 +19  6  4  4.55 G8 x  BOO
16 20 38.1 -24 10 10  4.55 A5 o  SCO
21  6 36.0 +47 38 54  4.55 K4 63 CYG
23 29  9.2 +12 45 38  4.55 G7 70 PEG
 3 58 44.7 -61 24  1  4.56 M2 d  RET
 9 34 28.8 +69 49 49  4.56 G4 DK UMA
13 51 49.5 -32 59 40  4.56 B5  3 CEN
14 26  8.1 -45 13 17  4.56 B2 t1 LUP
21 41 55.2 +71 18 42  4.56 K0 11 CEP
 5 39 11.1  +4  7 17  4.57 B3 w  ORI
 9 31 58.9  -1 11  5  4.57 A3 t2 HYA
10 19 36.8 -55  1 46  4.57 K3 GZ VEL
 6 25 24.9 +14  2  0  4.57 B9 w  HER Kajam
 1 29 56.8 +23 38 20  4.57 M1  2 PEG
22 21  1.5 +46 32 12  4.57 B6  2 LAC
22 24 30.9 +49 28 35  4.57 B9  4 LAC
23 48 55.5 -28  7 49  4.57 A0 d  SCL
 5 53 19.6 +27 36 44  4.58 A0    TAU
 9  8  2.8 -25 51 30  4.58 K4 k  PYX
 7 41 56.2 +72  8 56  4.58 F5 y1 DRA Dsiban
19 53 27.6 +24  4 47  4.58 B9 13 VUL
20  2 39.4 -27 42 36  4.58 M4 62 SGR Terebellum
 0 41 19.5 -46  5  6  4.59 G8 m  PHE
 5 26 50.2  +3  5 44  4.59 B2 y2 ORI
 5 35 23.1  -4 50 18  4.59 B1 42 ORI
 7 43 32.3 -28 24 40  4.59 K3  1 PUP
 9 52  6.3 +54  3 51  4.59 A3 f  UMA
15 53 36.6 -25 19 38  4.59 B2  2 SCO
16 12 18.1 -27 55 35  4.59 B2 13 SCO
17 35 39.4 -46 30 20  4.59 A0 s  ARA
18 54 44.8 +22 38 43  4.59 G4    HER
19  8 20.8 -40 29 48  4.59 K1 d  CRA
19 20 40.0 +65 42 52  4.59 A2 p  DRA
20 52  7.6 +27  5 49  4.59 G7 31 VUL
22 28 49.6  -0  1 13  4.59 F6 z1 AQR
 6 28 48.9  -7  1 59  4.60 B3 b  MON
 8 40 12.9 +64 19 41  4.60 K1 p2 UMA
 9 29  8.8  -2 46  8  4.60 F6 t1 HYA
10  5  7.4 -13  3 53  4.60 B9 u2 HYA
10 56 43.0 -37  8 16  4.60 K1 i  ANT
 4 45 14.4 +16 57 52  4.60 G8 o  BOO
14 57 34.9 +65 55 56  4.60 M5 RR UMI
 9 36 42.3 -24 53  1  4.60 B9 52 SGR
23 20 38.2 +23 44 25  4.60 A5 t  PEG Salm
 0  5 20.1  -5 42 27  4.61 K1 33 PSC
 0 17  5.4 +38 40 54  4.61 A2 q  AND
 9 21 43.5 -15 57 18  4.61 B2 u  SGR
20 33 54.1 +35 15  3  4.61 K2 47 CYG
 1 53 33.3  +3 11 15  4.62 K0 x  PSC
 5 31 55.8  -7 18  6  4.62 B0 u  ORI Thabit
 2 54 39.1 -59  8 47  4.62 B4 l  CRU
15 34 10.6 -10  3 53  4.62 K1 37 LIB
15 52 40.4 +42 27  6  4.62 F8 c  HER
17 37 50.6  -8  7  8  4.62 B8 m  OPH
18  0 28.8  -3 41 25  4.62 F2 z  SER
18 56 13.1  +4 12 13  4.62 A5 q1 SER Alya
 0 56 39.7 +59 10 52  4.63 G8 u2 CAS
 2 59 12.6 +21 20 25  4.63 A2 e  ARI
 2 59 12.6 +21 20 25  4.63 A2 e  ARI
 3 11 17.3 +39 36 42  4.63 K1 w  PER Gorgonea Quarta
 3 50 21.5 +71 19 57  4.63 A2 g  CAM
 6  3 55.2 +20  8 18  4.63 B2 c2 ORI
 1  5  1.0  +7 20 10  4.63 F2 c  LEO
11 15 12.2 +23  5 44  4.63 M3 72 LEO
15 49 35.6 +26  4  6  4.63 G3 d  CRB
16  3 31.9 -57 46 31  4.63 A7 i1 NOR
16 27 48.1  -8 22 18  4.63 A3 u  OPH
22 37 22.3 +51 32 43  4.63 A8  9 LAC
 5  3  5.7 +21 35 24  4.64 A7 i  TAU
 7 26 42.8 +49 12 42  4.64 A1 21 LYN
 5 50 58.6 -25 45  5  4.64 B3  1 SCO
18  0 15.7  +4 22  7  4.64 B2 66 OPH
18  7 18.3  +8 44  2  4.64 G8 71 OPH
18 31 22.3 -62 16 42  4.64 B7 n  PAV
18 33 30.1 -42 18 45  4.64 G8 q  CRA
20  1  6.0 +27 45 13  4.64 A4 NT VUL
 1 13 44.8 +24 35  1  4.65 K0 f  PSC
 3 53 42.6 -24 36 45  4.65 B6 t8 ERI
 4 33 50.8 +14 50 40  4.65 A8 r  TAU
 4 54 53.7 +10  9  3  4.65 A0 p1 ORI
 6 54 38.6 +13 10 40  4.65 F0 38 GEM
 3 51 25.8 +64 43 23  4.65 M3 CU DRA
16  3 12.7 -49 13 47  4.65 G8 h  NOR
16 49 49.9 -10 46 59  4.65 F7 20 OPH
17 17 40.2 +37 17 29  4.65 A2 69 HER
 3  4 10.9 +50  3  8  4.65 K0  3 AND
 1 11 27.1 +21  2  5  4.66 G8 c  PSC
 2 43 27.0 +27 42 26  4.66 B3 35 ARI
 3 59 55.4 -24  0 59  4.66 B6 t9 ERI
 6 40 58.6  +9 53 44  4.66 O7  S MON
 7 14 15.1 -26 21  9  4.66 B3 EW CMA
 7 18 18.4 -36 44  3  4.66 B2 NV PUP
 8 43 17.1 +21 28  6  4.66 A1 g  CNC Asellus Borealis
 2  0 52.3  +6 36 51  4.66 A5 p  VIR
12 39 14.7  -7 59 44  4.66 K2 c  VIR
 3 40 44.1 +54 40 54  4.66 M2 83 UMA
18 51 11.9 +59 23 18  4.66 G9 o  DRA
19 26 31.0  +0 20 19  4.66 F2 n  AQL
22 25 16.5  +1 22 39  4.66 B1 p  AQR
23 57 45.5 +25  8 29  4.66 M3 y  PEG
 1 49 35.0 -10 41 11  4.67 F3 c  CET
 3 29 22.0 +49 30 32  4.67 B3 34 PER
 6  6  9.3 -14 56  7  4.67 A1 q  LEP
 9 10 55.0 +63 30 49  4.67 Am t  UMA
15 39 45.9 -34 24 42  4.67 G8 y1 LUP
18  0  3.3 +16 45  3  4.67 K0 93 HER
21  1 17.4 -32 15 28  4.67 G6 g  MIC
21 42  5.6 +51 11 23  4.67 B3 p1 CYG Azelfafage
 5  4 34.1 +15 24 14  4.68 A0 11 ORI
 6 55 37.3 -20  8 11  4.68 F2 p  CMA
 8  1 13.2  -1 23 33  4.68 K4 28 MON
 6 20 20.7 -78 41 45  4.68 M5 d1 APS
18 23 39.4  -8 56  4  4.68 G9 z  SCT
19 32 21.5 +69 39 40  4.68 K0 s  DRA Alsafi
20 35 18.4 +14 40 27  4.68 A3 z  DEL
21 37  4.7 -19 27 58  4.68 B2 e  CAP
 1 54 56.1 -67 38 51  4.69 G8 h2 HYI
 2  4 29.4 -29 17 49  4.69 B9 n  FOR
 4 26 36.4 +14 42 49  4.69 G7 p  TAU
 4 39 16.4 +15 55  5  4.69 A5 s2 TAU
 9 23 12.1 -28 50  2  4.69 G8 l  PYX
 2 45 37.8 -60 58 52  4.69 K0 i  CRU
13 31 57.8  -6 15 21  4.69 M2 74 VIR
18  5  1.2 -29 34 48  4.69 F4 g1 SGR
19 39 22.5 +30  9 12  4.69 G8 f  CYG
21 10 20.5 +10  7 53  4.69 F0 g  EQU
21 37 45.0  -7 51 15  4.69 A7 x  AQR
22  3 18.7  -2  9 19  4.69 B7 o  AQR
22  3 21.3 -56 47 10  4.69 K4 e  IND
22 43 35.2 -18 49 50  4.69 K4 66 AQR
23  9 54.7 -22 27 27  4.69 G2 89 AQR
 2 58 45.6 +39 39 46  4.70 A2 p  PER Gorgonea Secunda
 2 59 42.8  +8 54 27  4.70 B6 l  CET Menkar
 7 38 17.9 -25 21 54  4.70 B8 PU PUP
10  0 12.7  +8  2 39  4.70 M2 p  LEO
11 36 40.8  -9 48  8  4.70 B9 q  CRT
11 40 12.7 -34 44 41  4.70 B9 o  HYA
13 34 27.2 +49  0 57  4.70 A5 24 CVN
18 29 11.7 -14 33 57  4.70 A3 g  SCT
19 55 50.3 -26 17 58  4.70 G5 w  SGR Terebellum
 1 33 55.9 +59 13 56  4.71 G9 c  CAS
 2 25 37.3 +50 16 43  4.71 K4 65 AND
 4 14 53.3 +40 29  2  4.71 G5 52 PER
 5 19  8.4 +40  5 57  4.71 G2 l  AUR
 5 29 43.9  -1  5 32  4.71 K5 CI ORI
 0 38 43.2 +31 58 34  4.71 G2 37 LMI
10 53 58.7 +43 11 24  4.71 A1 w  UMA
 9 54 14.8  +8 27 41  4.71 K0 x  AQL
21 17 56.2 -32 10 21  4.71 A1 e  MIC
 3 33 16.5 -20 54 52  4.71 A1    AQR
23 35  4.5 -42 36 55  4.71 A2 i  PHE
 3 29 22.6 -62 56 16  4.72 F5 k  RET
 5  5 30.6 -57 28 22  4.72 F7 z  DOR
 8 11 16.2 -12 55 37  4.72 G9 19 PUP
 9 21 29.6 -25 57 56  4.72 M1 q  PYX
11 48 14.4 -66 48 53  4.72 K4 m  MUS
12  4 19.2 -63  9 56  4.72 B2 q2 CRU
15  5  7.1 -47  3  4  4.72 B5 p  LUP
16  6 29.3 -45 10 23  4.72 Am d  NOR
18 42 16.3  -9  3  9  4.72 F2 d  SCT
 0 31 46.3 +54 31 20  4.73 B8 l  CAS
 3 30 37.0  -5  4 31  4.73 B9 17 ERI
 5 21 45.7  -0 22 57  4.73 B2 22 ORI
11 44 45.7 -18 21  3  4.73 G8 z  CRT
13 17 32.5 +40 34 21  4.73 F3 AO CVN
13 53 12.4 -31 55 39  4.73 B4  4 CEN
16 53 59.6 -42 21 43  4.73 B1 z1 SCO
17 16 36.6  -0 26 43  4.73 K2 41 OPH
20 52 39.1  -8 59  0  4.73 A3 m  AQR
21 37 55.1 +62  4 55  4.73 B2  9 CEP
21 42 39.4 -18 51 59  4.73 G8 k  CAP
21 44  8.5 +28 44 34  4.73 F6 m1 CYG
 1 25 56.0 +68  7 48  4.74 K0 y  CAS
 4 52 31.9 +14 15  2  4.74 S3 o1 ORI
 5 51  2.4 +37 18 20  4.74 M0 u  AUR
10 25 54.8 +33 47 46  4.74 F0 30 LMI
 1  1 49.6  -2 29  4  4.74 M0 61 LEO
12 20 42.9 +17 47 34  4.74 G8 11 COM
13 18 24.2 -18 18 41  4.74 G6 61 VIR
13 51 47.4 +34 26 39  4.74 K5 AW CVN
15 41 56.7 -19 40 44  4.74 M0 k  LIB
19 31 46.2 +34 27 11  4.74 B3  8 CYG
20 59 49.5 +47 31 16  4.74 B1 59 CYG
 1 53 31.8 +19 17 37  4.75 A1 g2 ARI Mesarthim
 2 32  5.1 -15 14 41  4.75 F4 s  CET
 2 50 28.7 -75  4  1  4.75 K3 n  HYI
 2 51  2.2 -21  0 15  4.75 K0 t2 ERI Angetenar
 4 16  9.8 +51 22  2  4.75 A9 i  BOO Asellus Secondus
15 42 40.9 -34 42 38  4.75 B5 y2 LUP
19  3  6.7 -42  5 43  4.75 B9 z  CRA
23 18 37.4 +68  6 42  4.75 K0 o  CEP
 0 44 11.3 -10 36 34  4.76 K0 f1 CET
 1 19 27.9 +27 15 51  4.76 A3 u  PSC
 5 32 43.6 +32 11 31  4.76 B5 c  AUR
 9  2 32.7 +67 37 47  4.76 M3 r  UMA
13 27 27.1 -15 58 25  4.76 K1 69 VIR
15  3 47.3 +47 39 16  4.76 F9 44 BOO
15 51 15.8 +20 58 40  4.76 K4 r  SER
16  2 47.8 +46  2 12  4.76 B9 u  HER
16  8 58.2 +36 29 27  4.76 K0 t  CRB
17 59 47.5 -23 48 58  4.76 B9  4 SGR
20 20 39.7 -12 45 33  4.76 B9 n  CAP Alshat
20 35 34.7 -60 34 54  4.76 F1 f1 PAV
23  7  6.6 +25 28  6  4.76 G8 56 PEG
 0 31 24.9 -48 48 13  4.77 A0 l1 PHE
 0 53  0.4  -1  8 40  4.77 M0 20 CET
 6 47 19.8  +8  2 14  4.77 K4 17 MON
 1 30 18.8  -3  0 13  4.77 K3 87 LEO
 4 23  5.7 -27 45 14  4.77 K4 51 HYA
16  4 22.0 -11 22 23  4.77 F5 x  SCO
17 40 23.4 -49 24 56  4.77 F3 l  ARA
18 32 34.3 +57  2 44  4.77 F7 45 DRA
19 16 12.9 +21 23 26  4.77 B4  1 VUL
 0  1 35.8 -77  3 57  4.78 K3 q  OCT
 4 52 37.9 +36 42 11  4.78 K2  2 AUR
 5 52 26.4  +1 51 19  4.78 K1 56 ORI
 8 13 29.5 -35 53 59  4.78 B1 MX PUP
11 19  7.8 +38 11  8  4.78 A2 55 UMA
12 58 55.4 +17 24 33  4.78 M1 36 COM
 7 21 59.5 -67 46 13  4.78 K2 z  APS
 0 28 51.5 -17 48 49  4.78 F2 r  CAP
20 53 14.7 +44 23 14  4.78 B5 57 CYG
 1 57 55.7 +23 35 46  4.79 F0 l  ARI
 3 54 17.4  -2 57 17  4.79 G8 32 ERI
 4 59 55.7 -12 32 15  4.79 F0  S ERI
 6 39 19.8 +42 29 20  4.79 K3 y2 AUR
 9 19 46.3 -11 58 30  4.79 G8 26 HYA
 9 44 12.1 -27 46 10  4.79 A8 q  ANT
10 19 44.1 +19 28 15  4.79 F6 40 LEO
12 54 21.1  -9 32 20  4.79 M3 y  VIR
16 30 12.4 -25  6 54  4.79 B2 22 SCO
 2  9 48.3 +72 20 29  4.79 G7 24 CEP
22 15 36.9 -41 20 48  4.79 G8 m1 GRU
22 27 51.5  +4 41 44  4.79 K0 35 PEG
22 41 45.3 +29 18 27  4.79 A1 o  PEG
 0 14 36.1 +20 12 24  4.80 M2 c  PEG
 0 42  3.8 +50 30 45  4.80 B2 x  CAS
 3 15 49.9  -8 49 11  4.80 A5 z  ERI Zibal
 4 24  5.7 +17 26 38  4.80 A7 d2 TAU
 5 38 53.0  -7 12 47  4.80 A4 49 ORI
 9 10 23.1 +67  8  4  4.80 F6 s2 UMA
 9 20 28.9  -9 33 21  4.80 G8 27 HYA
12 24  1.4 +51 33 44  4.80 G6  5 CVN
13  7 10.6 +27 37 29  4.80 K5 41 COM
13 15 14.9 -67 53 41  4.80 B8 h  MUS
13 17 36.2  +5 28 12  4.80 M2 s  VIR
17 36 56.9 +68 45 29  4.80 F5 w  DRA
23 58 24.7 +51 23 19  4.80 M7  R CAS
 0 27 55.7 -33  0 26  4.81 M4 h  SCL
 5  1 26.3  -7 10 26  4.81 B3 y  ERI
 6 10 17.9 -54 58  7  4.81 B3 d  PIC
 2 22 30.2 +25 50 46  4.81 G0 12 COM
12 34 51.0 +22 37 45  4.81 A0 23 COM
 4 28 12.1  -2 13 41  4.81 G2 f  VIR
14 43 25.3 +26 31 40  4.81 M3  W BOO
15  2  6.4 +25  0 29  4.81 K4 w  BOO
17 31 24.8 -23 57 46  4.81 B9 51 OPH
17 50 11.0 -40  5 26  4.81 A2 i2 SCO
18 25 20.9 -20 32 30  4.81 K2 21 SGR
20 17 47.1 +38  1 59  4.81 B2  P CYG
22 21 19.2 +28 19 50  4.81 B9 32 PEG
22 33  0.0 -61 58 57  4.81 M4 n  TUC
 2  8 29.2 +37 51 33  4.82 A5 58 AND
 5  9 41.9 +15 35 50  4.82 F2 15 ORI
 5 57 59.6 +25 57 14  4.82 B0    TAU
 0 37 33.1 -13 23  4  4.82 C5  U HYA
 3 37 27.5 +36 17 41  4.82 A7 25 CVN
14  8 50.8 +77 32 51  4.82 K3  4 UMI
15  5  7.1 -47  3  4  4.82 B5 p  LUP
 5 51 13.8 +35 39 26  4.82 K1 k  CRB
16 22  4.3  +1  1 45  4.82 F0 s  SER
16 49 14.1 +45 59  0  4.82 A2 52 HER
17  1  3.5  -4 13 21  4.82 K4 30 OPH
17 17 19.4 +33  6  0  4.82 B1 68 HER
18 25 58.9 +65 33 49  4.82 K2 42 DRA
18 54 23.7 +71 17 50  4.82 K0 u  DRA
20 38 31.2 +21 12  4  4.82 A0 29 VUL
21 20 45.5 -40 48 35  4.82 Ap q1 MIC
22 30 38.7 -10 40 41  4.82 A0 s  AQR
23 41 45.7 -17 48 59  4.82 G0    AQR
 0 55  0.0 +58 58 22  4.83 K2 u1 CAS
 1 27 39.2 +45 24 25  4.83 F5 w  AND
 1 53 31.7 +19 17 45  4.83 B9 g1 ARI
 2 13 13.2 +44 13 55  4.83 K3 60 AND
 3 19 21.6  +3 22 13  4.83 G5 k1 CET
 5 13 45.4 -67 11  8  4.83 K2 q  DOR
 5 17 29.0 -34 53 43  4.83 K0 o  COL
 6 53 32.8 -20 13 27  4.83 B1 EY CMA
 9 16 11.3 +54  1 18  4.83 A5 DD UMA
 1 24 36.5 -10 51 34  4.83 K5 e  CRT
14 10 23.9 +25  5 30  4.83 F9 12 BOO
14 41  8.8 +13 43 42  4.83 A2 z  BOO
16  2 17.7 +22 48 16  4.83 A3 p  SER
16 40 55.0 +64 35 20  4.83 K1 18 DRA
 8 54 10.1 -22 44 42  4.83 K2 n1 SGR Ain Al Rami
18 57  3.6  -5 50 46  4.83 K2 h  SCT
19 58 57.1 -26 11 44  4.83 G6 60 SGR Terebellum
20 13 17.9 +46 48 57  4.83 A5 30 CYG
 1 30 11.1  +6  8 38  4.84 K4 m  PSC
 2  3 54.7 +42 19 51  4.84 B8 g2 AND
 2 39 33.7 -11 52 20  4.84 F5 e  CET
 2 45 32.6 -67 37  0  4.84 A2 z  HYI
 3 19 59.3 +65 39  9  4.84 B2 BK CAM
 4 13 56.3  +9 15 49  4.84 G5 47 TAU
 8  8 27.4 +51 30 24  4.84 A2 27 LYN
10 30 37.5 +55 58 50  4.84 F8 36 UMA
 1  0 33.6  +3 37  3  4.84 K1 58 LEO
16 32 36.2 +11 29 17  4.84 K7 29 HER
20 48 56.2 +46  6 51  4.84 B3 55 CYG
21  4 24.2 -19 51 18  4.84 A5 h  CAP
22  5 40.7  +5  3 31  4.84 K4 n  PEG
 1 56 40.1 -22 31 36  4.85 K4 56 CET
 4 21 33.1 +46 29 56  4.85 B4 53 PER
 1 45 17.0  +8 15 30  4.85 A4 x  VIR
13  3 33.1 -49 31 38  4.85 A0 x1 CEN
 6 22  5.7 +30 53 32  4.85 K0 x  CRB
 9 15 32.3 -25 15 24  4.85 F2 y  SGR
22 43 30.0 -41 24 52  4.85 K0 r  GRU
22 45 37.8 -53 30  0  4.85 K2 h  GRU
23  6 36.8 +59 25 12  4.85 B0  1 CAS
23 17 44.6 +49  0 55  4.85 M2  8 AND
 1 15 46.2 -68 52 34  4.86 F6 k  TUC
 2 35 52.4  +5 35 36  4.86 G8 n  CET
 5 13 25.6 +38 29  4  4.86 A4 m  AUR
 5 41 17.7 +16 32  2  4.86 B3    TAU
 5 49  0.9 +24 34  3  4.86 G8    TAU
 8 42 25.4 -53  6 50  4.86 B3 HY VEL
 4 19 45.1 +16 18 25  4.86 K3 20 BOO
14 41 38.7  +8  9 42  4.86 G8 31 BOO
15 17 38.8 -63 36 38  4.86 K2 e  CIR
 8 20 52.0  +3 22 38  4.86 G8 74 OPH
19 46 21.6 -19 45 40  4.86 K1 56 SGR
23 58 40.3  -3 33 22  4.86 G9 27 PSC
 2 17  3.2 +34 13 28  4.87 G0 d  TRI
 4 14 23.6 -10 15 23  4.87 K3 39 ERI
 5 53  6.8 -33 48  5  4.87 B5 l  COL
 6 46 14.1 +59 26 30  4.87 A3 12 LYN
11 18 10.9 +31 31 45  4.87 G0 x  UMA
 7 32 15.9 +55 10 22  4.87 A4 n2 DRA Kuma
17 43 25.7 -21 41  0  4.87 F6 58 OPH
 8 58 27.6 -52 56 18  4.87 A0 l  TEL
18 58 43.3 -37  6 26  4.87 F2 e  CRA
23 47  3.4 +58 39  7  4.87 K1 t  CAS
 1 22 20.3 +45 31 44  4.88 K0 x  AND Adhil
 3 18 22.1 -22 30 41  4.88 G6 15 ERI
 5 27 38.0 +21 56 13  4.88 B2    TAU
 7 46  7.4 +18 30 36  4.88 K5 81 GEM
 8 41 43.2 -15 56 36  4.88 G9  9 HYA
 2 41 53.0 +10 14  8  4.88 A0 r  VIR
15 58 11.3 -14 16 46  4.88 B5 FX LIB
17 32 10.4 +55 11  3  4.88 A6 n1 DRA
 0 37 35.2 -61 31 48  4.88 F5 r  PAV
22 39 15.6 +39  3  1  4.88 O9 10 LAC
23 59  0.4 +55 45 18  4.88 B1 s  CAS
 0 11 15.8 -15 28  5  4.89 F7  6 CET
 0 48 50.0 +50 58  6  4.89 B9 n  CAS
 2 25 56.9 -12 17 26  4.89 B9 r  CET
 3 14 54.0 +21  2 40  4.89 A1 z  ARI
 7 13 13.3 -45 10 59  4.89 A0 OU PUP
 8 39 42.5 -29 33 40  4.89 G4 z  PYX
 8 55 31.5 -27 40 55  4.89 A3 d  PYX
 6 56  1.6 +65  8  5  4.89 F6 19 DRA
19 44 16.5 +37 21 16  4.89 G7 15 CYG
20 36 43.5  -2 32 59  4.89 K5 70 AQL
20 49 28.9 -46 13 37  4.89 K5 z  IND
 1 25 37.1 -14 35 56  4.90 K2 46 CET
 2 33 50.6 -28 13 57  4.90 B9 w  FOR
 6 57 37.0 +45  5 39  4.90 A2 16 LYN
 7 11 39.3 +39 19 14  4.90 K4 63 AUR
 7 39  9.9 +34 35  4  4.90 F3 o  GEM
 2 53 19.3 +21 14 25  4.90 G8 35 COM
13  0 16.4 +30 47  6  4.90 G9 37 COM
16 38 44.7 +48 55 42  4.90 M2 42 HER
18 43 31.2  -8 16 31  4.90 G8 e  SCT
19 35 12.8 -48  5 57  4.90 K0 i  TEL
20 49 58.0 -33 46 48  4.90 G7 a  MIC
21 34 46.5 +38 32  3  4.90 K0 72 CYG
22 55 13.6  +8 48 58  4.90 A1 r  PEG
 2 42 14.9 +40 11 38  4.91 F9 12 PER
 4 31 52.6  -0  2 39  4.91 K3 45 ERI
 5 42 28.6  +1 28 29  4.91 K1 51 ORI
 5 49 32.9 +12 39  4  4.91 B9    TAU
 6 24 53.8 +49 17 17  4.91 K5 y1 AUR
10 38 34.9 -16 52 36  4.91 G7 f3 HYA
 1 59 37.3 -78 13 18  4.91 B9 e  CHA
 3 49 42.7 +21 15 51  4.91 K4  6 BOO
14 10 50.4 -16 18  7  4.91 M2 ET VIR
14 18 13.6 -81  0 27  4.91 A2 h  APS
15 14 37.2 -31 31  9  4.91 F1  1 LUP
16 28 28.1 -70  5  4  4.91 F9 z  TRA
17  5 22.6 +12 44 27  4.91 A4 60 HER
20 29 38.9  -2 53  8  4.91 K2 69 AQL
20 44 52.4 +25 16 15  4.91 K2 30 VUL
21 56 39.1 +63 37 33  4.91 M2 VV CEP
23 30  1.9 +58 32 57  4.91 B3 AR CAS
 7 10 13.6  -4 14 14  4.92 K0 20 MON
 5  0 58.3  -8 31  8  4.92 B9 d  LIB Zuben Elakribi
16  5 26.4 -19 48  7  4.92 B2 b2 SCO
 6  8  4.4 +17  2 49  5.00 G8 k  HER Marfik
16 27 58.8 +68 46  5  5.00 A0 15 DRA
 9 34 34.8 +19 46 24  5.00 B8  9 VUL
19 48 58.6 +19  8 31  5.00 A3 z  SGE
21 18 27.0 +43 56 46  5.00 O8 68 CYG
 3 39 47.0 -14 13 18  5.00 F0 w1 AQR
23 57 35.2 -64 17 55  5.00 A1 h  TUC
